{"numFailedTestSuites":0,"numFailedTests":0,"numPassedTestSuites":19,"numPassedTests":54,"numPendingTestSuites":1,"numPendingTests":1,"numRuntimeErrorTestSuites":0,"numTodoTests":0,"numTotalTestSuites":20,"numTotalTests":55,"openHandles":[],"snapshot":{"added":0,"didUpdate":false,"failure":false,"filesAdded":0,"filesRemoved":0,"filesRemovedList":[],"filesUnmatched":0,"filesUpdated":0,"matched":0,"total":0,"unchecked":0,"uncheckedKeysByFile":[],"unmatched":0,"updated":0},"startTime":1761578731180,"success":true,"testResults":[{"assertionResults":[{"ancestorTitles":["index bootstrap"],"failureMessages":[],"fullName":"index bootstrap mounts App and calls reportWebVitals","location":null,"status":"pending","title":"mounts App and calls reportWebVitals"}],"endTime":1761578732087,"message":"","name":"C:\\Users\\plant\\Desktop\\Rust区块链\\Wallet front-end\\blockchain-wallet-ui\\src\\index.skip.test.tsx","startTime":1761578731777,"status":"passed","summary":""},{"assertionResults":[{"ancestorTitles":["SendPage performance"],"failureMessages":[],"fullName":"SendPage performance prevents duplicate submissions and shows success","location":null,"status":"passed","title":"prevents duplicate submissions and shows success"},{"ancestorTitles":["SendPage performance"],"failureMessages":[],"fullName":"SendPage performance validates form inputs","location":null,"status":"passed","title":"validates form inputs"}],"endTime":1761578735008,"message":"","name":"C:\\Users\\plant\\Desktop\\Rust区块链\\Wallet front-end\\blockchain-wallet-ui\\src\\pages\\SendPage\\SendPage.test.tsx","startTime":1761578732099,"status":"passed","summary":""},{"assertionResults":[{"ancestorTitles":["WalletPage"],"failureMessages":[],"fullName":"WalletPage renders, creates wallet, refreshes balance","location":null,"status":"passed","title":"renders, creates wallet, refreshes balance"}],"endTime":1761578741656,"message":"","name":"C:\\Users\\plant\\Desktop\\Rust区块链\\Wallet front-end\\blockchain-wallet-ui\\src\\pages\\WalletPage\\WalletPage.test.tsx","startTime":1761578736402,"status":"passed","summary":""},{"assertionResults":[{"ancestorTitles":["WalletPage error handling"],"failureMessages":[],"fullName":"WalletPage error handling shows error when wallet list fails on mount","location":null,"status":"passed","title":"shows error when wallet list fails on mount"},{"ancestorTitles":["WalletPage error handling"],"failureMessages":[],"fullName":"WalletPage error handling create wallet validation: empty name shows error","location":null,"status":"passed","title":"create wallet validation: empty name shows error"},{"ancestorTitles":["WalletPage error handling"],"failureMessages":[],"fullName":"WalletPage error handling create wallet validation: invalid characters show error","location":null,"status":"passed","title":"create wallet validation: invalid characters show error"},{"ancestorTitles":["WalletPage error handling"],"failureMessages":[],"fullName":"WalletPage error handling create wallet API failure shows server error","location":null,"status":"passed","title":"create wallet API failure shows server error"},{"ancestorTitles":["WalletPage error handling"],"failureMessages":[],"fullName":"WalletPage error handling delete wallet failure shows error","location":null,"status":"passed","title":"delete wallet failure shows error"}],"endTime":1761578743950,"message":"","name":"C:\\Users\\plant\\Desktop\\Rust区块链\\Wallet front-end\\blockchain-wallet-ui\\src\\pages\\WalletPage\\WalletPage.errors.test.tsx","startTime":1761578741845,"status":"passed","summary":""},{"assertionResults":[{"ancestorTitles":["HistoryToolbar"],"failureMessages":[],"fullName":"HistoryToolbar clicking Export CSV triggers handler","location":null,"status":"passed","title":"clicking Export CSV triggers handler"}],"endTime":1761578744574,"message":"","name":"C:\\Users\\plant\\Desktop\\Rust区块链\\Wallet front-end\\blockchain-wallet-ui\\src\\pages\\HistoryPage\\HistoryToolbar.test.tsx","startTime":1761578744314,"status":"passed","summary":""},{"assertionResults":[{"ancestorTitles":["SendPage performance"],"failureMessages":[],"fullName":"SendPage performance send flow completes under threshold","location":null,"status":"passed","title":"send flow completes under threshold"}],"endTime":1761578745631,"message":"","name":"C:\\Users\\plant\\Desktop\\Rust区块链\\Wallet front-end\\blockchain-wallet-ui\\src\\pages\\SendPage\\SendPage.perf.test.tsx","startTime":1761578744585,"status":"passed","summary":""},{"assertionResults":[{"ancestorTitles":["SettingsPage"],"failureMessages":[],"fullName":"SettingsPage saves API config and tests connectivity","location":null,"status":"passed","title":"saves API config and tests connectivity"}],"endTime":1761578747131,"message":"","name":"C:\\Users\\plant\\Desktop\\Rust区块链\\Wallet front-end\\blockchain-wallet-ui\\src\\pages\\SettingsPage\\SettingsPage.test.tsx","startTime":1761578746509,"status":"passed","summary":""},{"assertionResults":[{"ancestorTitles":["HistoryPage"],"failureMessages":[],"fullName":"HistoryPage loads history, refreshes and exports CSV","location":null,"status":"passed","title":"loads history, refreshes and exports CSV"}],"endTime":1761578748079,"message":"","name":"C:\\Users\\plant\\Desktop\\Rust区块链\\Wallet front-end\\blockchain-wallet-ui\\src\\pages\\HistoryPage\\HistoryPage.test.tsx","startTime":1761578747483,"status":"passed","summary":""},{"assertionResults":[{"ancestorTitles":["HistoryTimelineItem"],"failureMessages":[],"fullName":"HistoryTimelineItem renders timestamp, amount with network symbol and status","location":null,"status":"passed","title":"renders timestamp, amount with network symbol and status"},{"ancestorTitles":["HistoryTimelineItem"],"failureMessages":[],"fullName":"HistoryTimelineItem shortened ids and addresses are shown","location":null,"status":"passed","title":"shortened ids and addresses are shown"},{"ancestorTitles":["HistoryTimelineItem"],"failureMessages":[],"fullName":"HistoryTimelineItem copy buttons call clipboard.writeText with correct values","location":null,"status":"passed","title":"copy buttons call clipboard.writeText with correct values"},{"ancestorTitles":["HistoryTimelineItem"],"failureMessages":[],"fullName":"HistoryTimelineItem external links point to correct explorer URLs","location":null,"status":"passed","title":"external links point to correct explorer URLs"}],"endTime":1761578748594,"message":"","name":"C:\\Users\\plant\\Desktop\\Rust区块链\\Wallet front-end\\blockchain-wallet-ui\\src\\pages\\HistoryPage\\HistoryTimelineItem.test.tsx","startTime":1761578748125,"status":"passed","summary":""},{"assertionResults":[{"ancestorTitles":["BridgePage"],"failureMessages":[],"fullName":"BridgePage submits valid bridge request and shows success","location":null,"status":"passed","title":"submits valid bridge request and shows success"}],"endTime":1761578749283,"message":"","name":"C:\\Users\\plant\\Desktop\\Rust区块链\\Wallet front-end\\blockchain-wallet-ui\\src\\pages\\BridgePage\\BridgePage.test.tsx","startTime":1761578748681,"status":"passed","summary":""},{"assertionResults":[{"ancestorTitles":["AppLayout side menu navigation"],"failureMessages":[],"fullName":"AppLayout side menu navigation navigates to pages via side menu","location":null,"status":"passed","title":"navigates to pages via side menu"}],"endTime":1761578751889,"message":"","name":"C:\\Users\\plant\\Desktop\\Rust区块链\\Wallet front-end\\blockchain-wallet-ui\\src\\components\\Layout\\AppLayout.navigation.test.tsx","startTime":1761578749397,"status":"passed","summary":""},{"assertionResults":[{"ancestorTitles":["App navigation and menu buttons"],"failureMessages":[],"fullName":"App navigation and menu buttons navigates via side menu to pages","location":null,"status":"passed","title":"navigates via side menu to pages"}],"endTime":1761578757492,"message":"","name":"C:\\Users\\plant\\Desktop\\Rust区块链\\Wallet front-end\\blockchain-wallet-ui\\src\\App.navigation.test.tsx","startTime":1761578752445,"status":"passed","summary":""},{"assertionResults":[{"ancestorTitles":[],"failureMessages":[],"fullName":"App renders without crashing","location":null,"status":"passed","title":"App renders without crashing"}],"endTime":1761578762407,"message":"","name":"C:\\Users\\plant\\Desktop\\Rust区块链\\Wallet front-end\\blockchain-wallet-ui\\src\\App.test.tsx","startTime":1761578758184,"status":"passed","summary":""},{"assertionResults":[{"ancestorTitles":["useApiConfig"],"failureMessages":[],"fullName":"useApiConfig saveConfig rejects invalid URL","location":null,"status":"passed","title":"saveConfig rejects invalid URL"},{"ancestorTitles":["useApiConfig"],"failureMessages":[],"fullName":"useApiConfig saveConfig rejects short apiKey","location":null,"status":"passed","title":"saveConfig rejects short apiKey"},{"ancestorTitles":["useApiConfig"],"failureMessages":[],"fullName":"useApiConfig saveConfig succeeds and persists keys","location":null,"status":"passed","title":"saveConfig succeeds and persists keys"},{"ancestorTitles":["useApiConfig"],"failureMessages":[],"fullName":"useApiConfig testConnectivity invalid URL","location":null,"status":"passed","title":"testConnectivity invalid URL"},{"ancestorTitles":["useApiConfig"],"failureMessages":[],"fullName":"useApiConfig testConnectivity success","location":null,"status":"passed","title":"testConnectivity success"},{"ancestorTitles":["useApiConfig"],"failureMessages":[],"fullName":"useApiConfig testConnectivity failure","location":null,"status":"passed","title":"testConnectivity failure"},{"ancestorTitles":["useApiConfig"],"failureMessages":[],"fullName":"useApiConfig testConnectivity throws","location":null,"status":"passed","title":"testConnectivity throws"},{"ancestorTitles":["useApiConfig"],"failureMessages":[],"fullName":"useApiConfig debounce prevents duplicate calls","location":null,"status":"passed","title":"debounce prevents duplicate calls"},{"ancestorTitles":["useApiConfig"],"failureMessages":[],"fullName":"useApiConfig clearSensitive clears keys and resets apiKey","location":null,"status":"passed","title":"clearSensitive clears keys and resets apiKey"}],"endTime":1761578764533,"message":"","name":"C:\\Users\\plant\\Desktop\\Rust区块链\\Wallet front-end\\blockchain-wallet-ui\\src\\hooks\\useApiConfig.test.tsx","startTime":1761578762764,"status":"passed","summary":""},{"assertionResults":[{"ancestorTitles":["WalletContext"],"failureMessages":[],"fullName":"WalletContext setCurrentWallet saves and removes localStorage","location":null,"status":"passed","title":"setCurrentWallet saves and removes localStorage"},{"ancestorTitles":["WalletContext"],"failureMessages":[],"fullName":"WalletContext ensureValidNetwork resets to first available when invalid","location":null,"status":"passed","title":"ensureValidNetwork resets to first available when invalid"},{"ancestorTitles":["WalletContext"],"failureMessages":[],"fullName":"WalletContext refreshWallets sets wallets and default currentWallet","location":null,"status":"passed","title":"refreshWallets sets wallets and default currentWallet"},{"ancestorTitles":["WalletContext"],"failureMessages":[],"fullName":"WalletContext refreshWallets error is warned once","location":null,"status":"passed","title":"refreshWallets error is warned once"},{"ancestorTitles":["WalletContext"],"failureMessages":[],"fullName":"WalletContext concurrent refresh prevents duplicate calls","location":null,"status":"passed","title":"concurrent refresh prevents duplicate calls"},{"ancestorTitles":["WalletContext"],"failureMessages":[],"fullName":"WalletContext storage event updates current wallet and network","location":null,"status":"passed","title":"storage event updates current wallet and network"},{"ancestorTitles":["WalletContext"],"failureMessages":[],"fullName":"WalletContext useWalletContext outside provider throws","location":null,"status":"passed","title":"useWalletContext outside provider throws"}],"endTime":1761578766316,"message":"","name":"C:\\Users\\plant\\Desktop\\Rust区块链\\Wallet front-end\\blockchain-wallet-ui\\src\\context\\WalletContext.test.tsx","startTime":1761578764959,"status":"passed","summary":""},{"assertionResults":[{"ancestorTitles":["DefaultWalletSelector"],"failureMessages":[],"fullName":"DefaultWalletSelector renders options from wallets and selects current","location":null,"status":"passed","title":"renders options from wallets and selects current"}],"endTime":1761578768247,"message":"","name":"C:\\Users\\plant\\Desktop\\Rust区块链\\Wallet front-end\\blockchain-wallet-ui\\src\\components\\DefaultWalletSelector.test.tsx","startTime":1761578766419,"status":"passed","summary":""},{"assertionResults":[{"ancestorTitles":["index bootstrap"],"failureMessages":[],"fullName":"index bootstrap mounts App and calls reportWebVitals","location":null,"status":"passed","title":"mounts App and calls reportWebVitals"}],"endTime":1761578768919,"message":"","name":"C:\\Users\\plant\\Desktop\\Rust区块链\\Wallet front-end\\blockchain-wallet-ui\\src\\index.test.tsx","startTime":1761578768584,"status":"passed","summary":""},{"assertionResults":[{"ancestorTitles":["services/api - mock backend"],"failureMessages":[],"fullName":"services/api - mock backend listWallets returns default demo wallet and persists","location":null,"status":"passed","title":"listWallets returns default demo wallet and persists"},{"ancestorTitles":["services/api - mock backend"],"failureMessages":[],"fullName":"services/api - mock backend create/delete wallet flow updates storage","location":null,"status":"passed","title":"create/delete wallet flow updates storage"},{"ancestorTitles":["services/api - mock backend"],"failureMessages":[],"fullName":"services/api - mock backend getBalance returns numeric balance and currency","location":null,"status":"passed","title":"getBalance returns numeric balance and currency"},{"ancestorTitles":["services/api - mock backend"],"failureMessages":[],"fullName":"services/api - mock backend system healthCheck returns ok","location":null,"status":"passed","title":"system healthCheck returns ok"},{"ancestorTitles":["services/api - mock backend"],"failureMessages":[],"fullName":"services/api - mock backend system ping returns true in mock","location":null,"status":"passed","title":"system ping returns true in mock"},{"ancestorTitles":["services/api - real backend"],"failureMessages":[],"fullName":"services/api - real backend listWallets via axios with retry","location":null,"status":"passed","title":"listWallets via axios with retry"},{"ancestorTitles":["services/api - real backend"],"failureMessages":[],"fullName":"services/api - real backend create/delete wallet call axios","location":null,"status":"passed","title":"create/delete wallet call axios"},{"ancestorTitles":["services/api - real backend"],"failureMessages":[],"fullName":"services/api - real backend getBalance and history","location":null,"status":"passed","title":"getBalance and history"},{"ancestorTitles":["services/api - real backend"],"failureMessages":[],"fullName":"services/api - real backend sendTransaction calls axios.post with params","location":null,"status":"passed","title":"sendTransaction calls axios.post with params"},{"ancestorTitles":["services/api - real backend"],"failureMessages":[],"fullName":"services/api - real backend systemService.ping success and failure","location":null,"status":"passed","title":"systemService.ping success and failure"},{"ancestorTitles":["services/api - real backend"],"failureMessages":[],"fullName":"services/api - real backend systemService.healthCheck aborts when signal aborted","location":null,"status":"passed","title":"systemService.healthCheck aborts when signal aborted"},{"ancestorTitles":["services/api - real backend"],"failureMessages":[],"fullName":"services/api - real backend apiRuntime set/get config","location":null,"status":"passed","title":"apiRuntime set/get config"}],"endTime":1761578769836,"message":"","name":"C:\\Users\\plant\\Desktop\\Rust区块链\\Wallet front-end\\blockchain-wallet-ui\\src\\services\\api.test.ts","startTime":1761578769076,"status":"passed","summary":""},{"assertionResults":[{"ancestorTitles":["reportWebVitals"],"failureMessages":[],"fullName":"reportWebVitals when handler provided, imports web-vitals and invokes callbacks","location":null,"status":"passed","title":"when handler provided, imports web-vitals and invokes callbacks"},{"ancestorTitles":["reportWebVitals"],"failureMessages":[],"fullName":"reportWebVitals when no handler, does nothing","location":null,"status":"passed","title":"when no handler, does nothing"}],"endTime":1761578770260,"message":"","name":"C:\\Users\\plant\\Desktop\\Rust区块链\\Wallet front-end\\blockchain-wallet-ui\\src\\reportWebVitals.test.ts","startTime":1761578770058,"status":"passed","summary":""},{"assertionResults":[{"ancestorTitles":["api runtime config"],"failureMessages":[],"fullName":"api runtime config initial baseUrl is default value","location":null,"status":"passed","title":"initial baseUrl is default value"},{"ancestorTitles":["api runtime config"],"failureMessages":[],"fullName":"api runtime config setRuntime updates baseUrl dynamically","location":null,"status":"passed","title":"setRuntime updates baseUrl dynamically"}],"endTime":1761578770926,"message":"","name":"C:\\Users\\plant\\Desktop\\Rust区块链\\Wallet front-end\\blockchain-wallet-ui\\src\\services\\api.runtime.test.ts","startTime":1761578770458,"status":"passed","summary":""}],"wasInterrupted":false}