{"numFailedTestSuites":1,"numFailedTests":6,"numPassedTestSuites":0,"numPassedTests":1,"numPendingTestSuites":0,"numPendingTests":0,"numRuntimeErrorTestSuites":0,"numTodoTests":0,"numTotalTestSuites":1,"numTotalTests":7,"openHandles":[],"snapshot":{"added":0,"didUpdate":false,"failure":false,"filesAdded":0,"filesRemoved":0,"filesRemovedList":[],"filesUnmatched":0,"filesUpdated":0,"matched":0,"total":0,"unchecked":0,"uncheckedKeysByFile":[],"unmatched":0,"updated":0},"startTime":1761547412089,"success":false,"testResults":[{"assertionResults":[{"ancestorTitles":["WalletContext"],"failureMessages":["TypeError: Cannot read properties of undefined (reading '0')\n    at C:\\Users\\plant\\Desktop\\Rust区块链\\Wallet front-end\\blockchain-wallet-ui\\src\\context\\WalletContext.tsx:38:45\n    at mountState (C:\\Users\\plant\\Desktop\\Rust区块链\\Wallet front-end\\blockchain-wallet-ui\\node_modules\\react-dom\\cjs\\react-dom.development.js:16167:20)\n    at Object.useState (C:\\Users\\plant\\Desktop\\Rust区块链\\Wallet front-end\\blockchain-wallet-ui\\node_modules\\react-dom\\cjs\\react-dom.development.js:16880:16)\n    at useState (C:\\Users\\plant\\Desktop\\Rust区块链\\Wallet front-end\\blockchain-wallet-ui\\node_modules\\react\\cjs\\react.development.js:1622:21)\n    at WalletProvider (C:\\Users\\plant\\Desktop\\Rust区块链\\Wallet front-end\\blockchain-wallet-ui\\src\\context\\WalletContext.tsx:36:60)\n    at renderWithHooks (C:\\Users\\plant\\Desktop\\Rust区块链\\Wallet front-end\\blockchain-wallet-ui\\node_modules\\react-dom\\cjs\\react-dom.development.js:15486:18)\n    at mountIndeterminateComponent (C:\\Users\\plant\\Desktop\\Rust区块链\\Wallet front-end\\blockchain-wallet-ui\\node_modules\\react-dom\\cjs\\react-dom.development.js:20103:13)\n    at beginWork (C:\\Users\\plant\\Desktop\\Rust区块链\\Wallet front-end\\blockchain-wallet-ui\\node_modules\\react-dom\\cjs\\react-dom.development.js:21626:16)\n    at beginWork$1 (C:\\Users\\plant\\Desktop\\Rust区块链\\Wallet front-end\\blockchain-wallet-ui\\node_modules\\react-dom\\cjs\\react-dom.development.js:27465:14)\n    at performUnitOfWork (C:\\Users\\plant\\Desktop\\Rust区块链\\Wallet front-end\\blockchain-wallet-ui\\node_modules\\react-dom\\cjs\\react-dom.development.js:26599:12)\n    at workLoopSync (C:\\Users\\plant\\Desktop\\Rust区块链\\Wallet front-end\\blockchain-wallet-ui\\node_modules\\react-dom\\cjs\\react-dom.development.js:26505:5)\n    at renderRootSync (C:\\Users\\plant\\Desktop\\Rust区块链\\Wallet front-end\\blockchain-wallet-ui\\node_modules\\react-dom\\cjs\\react-dom.development.js:26473:7)\n    at recoverFromConcurrentError (C:\\Users\\plant\\Desktop\\Rust区块链\\Wallet front-end\\blockchain-wallet-ui\\node_modules\\react-dom\\cjs\\react-dom.development.js:25889:20)\n    at performConcurrentWorkOnRoot (C:\\Users\\plant\\Desktop\\Rust区块链\\Wallet front-end\\blockchain-wallet-ui\\node_modules\\react-dom\\cjs\\react-dom.development.js:25789:22)\n    at flushActQueue (C:\\Users\\plant\\Desktop\\Rust区块链\\Wallet front-end\\blockchain-wallet-ui\\node_modules\\react\\cjs\\react.development.js:2667:24)\n    at act (C:\\Users\\plant\\Desktop\\Rust区块链\\Wallet front-end\\blockchain-wallet-ui\\node_modules\\react\\cjs\\react.development.js:2582:11)\n    at actWithWarning (C:\\Users\\plant\\Desktop\\Rust区块链\\Wallet front-end\\blockchain-wallet-ui\\node_modules\\react-dom\\cjs\\react-dom-test-utils.development.js:1740:10)\n    at C:\\Users\\plant\\Desktop\\Rust区块链\\Wallet front-end\\blockchain-wallet-ui\\node_modules\\@testing-library\\react\\dist\\act-compat.js:63:25\n    at renderRoot (C:\\Users\\plant\\Desktop\\Rust区块链\\Wallet front-end\\blockchain-wallet-ui\\node_modules\\@testing-library\\react\\dist\\pure.js:159:26)\n    at render (C:\\Users\\plant\\Desktop\\Rust区块链\\Wallet front-end\\blockchain-wallet-ui\\node_modules\\@testing-library\\react\\dist\\pure.js:246:10)\n    at mount (C:\\Users\\plant\\Desktop\\Rust区块链\\Wallet front-end\\blockchain-wallet-ui\\src\\context\\WalletContext.test.tsx:29:52)\n    at Object.<anonymous> (C:\\Users\\plant\\Desktop\\Rust区块链\\Wallet front-end\\blockchain-wallet-ui\\src\\context\\WalletContext.test.tsx:40:5)\n    at Promise.then.completed (C:\\Users\\plant\\Desktop\\Rust区块链\\Wallet front-end\\blockchain-wallet-ui\\node_modules\\jest-circus\\build\\utils.js:391:28)\n    at new Promise (<anonymous>)\n    at callAsyncCircusFn (C:\\Users\\plant\\Desktop\\Rust区块链\\Wallet front-end\\blockchain-wallet-ui\\node_modules\\jest-circus\\build\\utils.js:316:10)\n    at _callCircusTest (C:\\Users\\plant\\Desktop\\Rust区块链\\Wallet front-end\\blockchain-wallet-ui\\node_modules\\jest-circus\\build\\run.js:218:40)\n    at _runTest (C:\\Users\\plant\\Desktop\\Rust区块链\\Wallet front-end\\blockchain-wallet-ui\\node_modules\\jest-circus\\build\\run.js:155:3)\n    at _runTestsForDescribeBlock (C:\\Users\\plant\\Desktop\\Rust区块链\\Wallet front-end\\blockchain-wallet-ui\\node_modules\\jest-circus\\build\\run.js:66:9)\n    at _runTestsForDescribeBlock (C:\\Users\\plant\\Desktop\\Rust区块链\\Wallet front-end\\blockchain-wallet-ui\\node_modules\\jest-circus\\build\\run.js:60:9)\n    at run (C:\\Users\\plant\\Desktop\\Rust区块链\\Wallet front-end\\blockchain-wallet-ui\\node_modules\\jest-circus\\build\\run.js:25:3)\n    at runAndTransformResultsToJestFormat (C:\\Users\\plant\\Desktop\\Rust区块链\\Wallet front-end\\blockchain-wallet-ui\\node_modules\\jest-circus\\build\\legacy-code-todo-rewrite\\jestAdapterInit.js:170:21)\n    at jestAdapter (C:\\Users\\plant\\Desktop\\Rust区块链\\Wallet front-end\\blockchain-wallet-ui\\node_modules\\jest-circus\\build\\legacy-code-todo-rewrite\\jestAdapter.js:82:19)\n    at runTestInternal (C:\\Users\\plant\\Desktop\\Rust区块链\\Wallet front-end\\blockchain-wallet-ui\\node_modules\\jest-runner\\build\\runTest.js:389:16)\n    at runTest (C:\\Users\\plant\\Desktop\\Rust区块链\\Wallet front-end\\blockchain-wallet-ui\\node_modules\\jest-runner\\build\\runTest.js:475:34)\n    at TestRunner.runTests (C:\\Users\\plant\\Desktop\\Rust区块链\\Wallet front-end\\blockchain-wallet-ui\\node_modules\\jest-runner\\build\\index.js:101:12)\n    at TestScheduler.scheduleTests (C:\\Users\\plant\\Desktop\\Rust区块链\\Wallet front-end\\blockchain-wallet-ui\\node_modules\\@jest\\core\\build\\TestScheduler.js:333:13)\n    at runJest (C:\\Users\\plant\\Desktop\\Rust区块链\\Wallet front-end\\blockchain-wallet-ui\\node_modules\\@jest\\core\\build\\runJest.js:404:19)\n    at _run10000 (C:\\Users\\plant\\Desktop\\Rust区块链\\Wallet front-end\\blockchain-wallet-ui\\node_modules\\@jest\\core\\build\\cli\\index.js:320:7)\n    at runCLI (C:\\Users\\plant\\Desktop\\Rust区块链\\Wallet front-end\\blockchain-wallet-ui\\node_modules\\@jest\\core\\build\\cli\\index.js:173:3)\n    at Object.run (C:\\Users\\plant\\Desktop\\Rust区块链\\Wallet front-end\\blockchain-wallet-ui\\node_modules\\jest-cli\\build\\cli\\index.js:155:37)"],"fullName":"WalletContext setCurrentWallet saves and removes localStorage","location":null,"status":"failed","title":"setCurrentWallet saves and removes localStorage"},{"ancestorTitles":["WalletContext"],"failureMessages":["TypeError: Cannot read properties of undefined (reading 'some')\n    at ensureValidNetwork (C:\\Users\\plant\\Desktop\\Rust区块链\\Wallet front-end\\blockchain-wallet-ui\\src\\context\\WalletContext.tsx:51:15)\n    at C:\\Users\\plant\\Desktop\\Rust区块链\\Wallet front-end\\blockchain-wallet-ui\\src\\context\\WalletContext.tsx:97:7\n    at commitHookEffectListMount (C:\\Users\\plant\\Desktop\\Rust区块链\\Wallet front-end\\blockchain-wallet-ui\\node_modules\\react-dom\\cjs\\react-dom.development.js:23189:26)\n    at commitPassiveMountOnFiber (C:\\Users\\plant\\Desktop\\Rust区块链\\Wallet front-end\\blockchain-wallet-ui\\node_modules\\react-dom\\cjs\\react-dom.development.js:24970:11)\n    at commitPassiveMountEffects_complete (C:\\Users\\plant\\Desktop\\Rust区块链\\Wallet front-end\\blockchain-wallet-ui\\node_modules\\react-dom\\cjs\\react-dom.development.js:24930:9)\n    at commitPassiveMountEffects_begin (C:\\Users\\plant\\Desktop\\Rust区块链\\Wallet front-end\\blockchain-wallet-ui\\node_modules\\react-dom\\cjs\\react-dom.development.js:24917:7)\n    at commitPassiveMountEffects (C:\\Users\\plant\\Desktop\\Rust区块链\\Wallet front-end\\blockchain-wallet-ui\\node_modules\\react-dom\\cjs\\react-dom.development.js:24905:3)\n    at flushPassiveEffectsImpl (C:\\Users\\plant\\Desktop\\Rust区块链\\Wallet front-end\\blockchain-wallet-ui\\node_modules\\react-dom\\cjs\\react-dom.development.js:27078:3)\n    at flushPassiveEffects (C:\\Users\\plant\\Desktop\\Rust区块链\\Wallet front-end\\blockchain-wallet-ui\\node_modules\\react-dom\\cjs\\react-dom.development.js:27023:14)\n    at C:\\Users\\plant\\Desktop\\Rust区块链\\Wallet front-end\\blockchain-wallet-ui\\node_modules\\react-dom\\cjs\\react-dom.development.js:26808:9\n    at flushActQueue (C:\\Users\\plant\\Desktop\\Rust区块链\\Wallet front-end\\blockchain-wallet-ui\\node_modules\\react\\cjs\\react.development.js:2667:24)\n    at act (C:\\Users\\plant\\Desktop\\Rust区块链\\Wallet front-end\\blockchain-wallet-ui\\node_modules\\react\\cjs\\react.development.js:2582:11)\n    at actWithWarning (C:\\Users\\plant\\Desktop\\Rust区块链\\Wallet front-end\\blockchain-wallet-ui\\node_modules\\react-dom\\cjs\\react-dom-test-utils.development.js:1740:10)\n    at C:\\Users\\plant\\Desktop\\Rust区块链\\Wallet front-end\\blockchain-wallet-ui\\node_modules\\@testing-library\\react\\dist\\act-compat.js:63:25\n    at renderRoot (C:\\Users\\plant\\Desktop\\Rust区块链\\Wallet front-end\\blockchain-wallet-ui\\node_modules\\@testing-library\\react\\dist\\pure.js:159:26)\n    at render (C:\\Users\\plant\\Desktop\\Rust区块链\\Wallet front-end\\blockchain-wallet-ui\\node_modules\\@testing-library\\react\\dist\\pure.js:246:10)\n    at mount (C:\\Users\\plant\\Desktop\\Rust区块链\\Wallet front-end\\blockchain-wallet-ui\\src\\context\\WalletContext.test.tsx:29:52)\n    at Object.<anonymous> (C:\\Users\\plant\\Desktop\\Rust区块链\\Wallet front-end\\blockchain-wallet-ui\\src\\context\\WalletContext.test.tsx:53:5)\n    at Promise.then.completed (C:\\Users\\plant\\Desktop\\Rust区块链\\Wallet front-end\\blockchain-wallet-ui\\node_modules\\jest-circus\\build\\utils.js:391:28)\n    at new Promise (<anonymous>)\n    at callAsyncCircusFn (C:\\Users\\plant\\Desktop\\Rust区块链\\Wallet front-end\\blockchain-wallet-ui\\node_modules\\jest-circus\\build\\utils.js:316:10)\n    at _callCircusTest (C:\\Users\\plant\\Desktop\\Rust区块链\\Wallet front-end\\blockchain-wallet-ui\\node_modules\\jest-circus\\build\\run.js:218:40)\n    at _runTest (C:\\Users\\plant\\Desktop\\Rust区块链\\Wallet front-end\\blockchain-wallet-ui\\node_modules\\jest-circus\\build\\run.js:155:3)\n    at _runTestsForDescribeBlock (C:\\Users\\plant\\Desktop\\Rust区块链\\Wallet front-end\\blockchain-wallet-ui\\node_modules\\jest-circus\\build\\run.js:66:9)\n    at _runTestsForDescribeBlock (C:\\Users\\plant\\Desktop\\Rust区块链\\Wallet front-end\\blockchain-wallet-ui\\node_modules\\jest-circus\\build\\run.js:60:9)\n    at run (C:\\Users\\plant\\Desktop\\Rust区块链\\Wallet front-end\\blockchain-wallet-ui\\node_modules\\jest-circus\\build\\run.js:25:3)\n    at runAndTransformResultsToJestFormat (C:\\Users\\plant\\Desktop\\Rust区块链\\Wallet front-end\\blockchain-wallet-ui\\node_modules\\jest-circus\\build\\legacy-code-todo-rewrite\\jestAdapterInit.js:170:21)\n    at jestAdapter (C:\\Users\\plant\\Desktop\\Rust区块链\\Wallet front-end\\blockchain-wallet-ui\\node_modules\\jest-circus\\build\\legacy-code-todo-rewrite\\jestAdapter.js:82:19)\n    at runTestInternal (C:\\Users\\plant\\Desktop\\Rust区块链\\Wallet front-end\\blockchain-wallet-ui\\node_modules\\jest-runner\\build\\runTest.js:389:16)\n    at runTest (C:\\Users\\plant\\Desktop\\Rust区块链\\Wallet front-end\\blockchain-wallet-ui\\node_modules\\jest-runner\\build\\runTest.js:475:34)\n    at TestRunner.runTests (C:\\Users\\plant\\Desktop\\Rust区块链\\Wallet front-end\\blockchain-wallet-ui\\node_modules\\jest-runner\\build\\index.js:101:12)\n    at TestScheduler.scheduleTests (C:\\Users\\plant\\Desktop\\Rust区块链\\Wallet front-end\\blockchain-wallet-ui\\node_modules\\@jest\\core\\build\\TestScheduler.js:333:13)\n    at runJest (C:\\Users\\plant\\Desktop\\Rust区块链\\Wallet front-end\\blockchain-wallet-ui\\node_modules\\@jest\\core\\build\\runJest.js:404:19)\n    at _run10000 (C:\\Users\\plant\\Desktop\\Rust区块链\\Wallet front-end\\blockchain-wallet-ui\\node_modules\\@jest\\core\\build\\cli\\index.js:320:7)\n    at runCLI (C:\\Users\\plant\\Desktop\\Rust区块链\\Wallet front-end\\blockchain-wallet-ui\\node_modules\\@jest\\core\\build\\cli\\index.js:173:3)\n    at Object.run (C:\\Users\\plant\\Desktop\\Rust区块链\\Wallet front-end\\blockchain-wallet-ui\\node_modules\\jest-cli\\build\\cli\\index.js:155:37)"],"fullName":"WalletContext ensureValidNetwork resets to first available when invalid","location":null,"status":"failed","title":"ensureValidNetwork resets to first available when invalid"},{"ancestorTitles":["WalletContext"],"failureMessages":["TypeError: Cannot read properties of undefined (reading '0')\n    at C:\\Users\\plant\\Desktop\\Rust区块链\\Wallet front-end\\blockchain-wallet-ui\\src\\context\\WalletContext.tsx:38:45\n    at mountState (C:\\Users\\plant\\Desktop\\Rust区块链\\Wallet front-end\\blockchain-wallet-ui\\node_modules\\react-dom\\cjs\\react-dom.development.js:16167:20)\n    at Object.useState (C:\\Users\\plant\\Desktop\\Rust区块链\\Wallet front-end\\blockchain-wallet-ui\\node_modules\\react-dom\\cjs\\react-dom.development.js:16880:16)\n    at useState (C:\\Users\\plant\\Desktop\\Rust区块链\\Wallet front-end\\blockchain-wallet-ui\\node_modules\\react\\cjs\\react.development.js:1622:21)\n    at WalletProvider (C:\\Users\\plant\\Desktop\\Rust区块链\\Wallet front-end\\blockchain-wallet-ui\\src\\context\\WalletContext.tsx:36:60)\n    at renderWithHooks (C:\\Users\\plant\\Desktop\\Rust区块链\\Wallet front-end\\blockchain-wallet-ui\\node_modules\\react-dom\\cjs\\react-dom.development.js:15486:18)\n    at mountIndeterminateComponent (C:\\Users\\plant\\Desktop\\Rust区块链\\Wallet front-end\\blockchain-wallet-ui\\node_modules\\react-dom\\cjs\\react-dom.development.js:20103:13)\n    at beginWork (C:\\Users\\plant\\Desktop\\Rust区块链\\Wallet front-end\\blockchain-wallet-ui\\node_modules\\react-dom\\cjs\\react-dom.development.js:21626:16)\n    at beginWork$1 (C:\\Users\\plant\\Desktop\\Rust区块链\\Wallet front-end\\blockchain-wallet-ui\\node_modules\\react-dom\\cjs\\react-dom.development.js:27465:14)\n    at performUnitOfWork (C:\\Users\\plant\\Desktop\\Rust区块链\\Wallet front-end\\blockchain-wallet-ui\\node_modules\\react-dom\\cjs\\react-dom.development.js:26599:12)\n    at workLoopSync (C:\\Users\\plant\\Desktop\\Rust区块链\\Wallet front-end\\blockchain-wallet-ui\\node_modules\\react-dom\\cjs\\react-dom.development.js:26505:5)\n    at renderRootSync (C:\\Users\\plant\\Desktop\\Rust区块链\\Wallet front-end\\blockchain-wallet-ui\\node_modules\\react-dom\\cjs\\react-dom.development.js:26473:7)\n    at recoverFromConcurrentError (C:\\Users\\plant\\Desktop\\Rust区块链\\Wallet front-end\\blockchain-wallet-ui\\node_modules\\react-dom\\cjs\\react-dom.development.js:25889:20)\n    at performConcurrentWorkOnRoot (C:\\Users\\plant\\Desktop\\Rust区块链\\Wallet front-end\\blockchain-wallet-ui\\node_modules\\react-dom\\cjs\\react-dom.development.js:25789:22)\n    at flushActQueue (C:\\Users\\plant\\Desktop\\Rust区块链\\Wallet front-end\\blockchain-wallet-ui\\node_modules\\react\\cjs\\react.development.js:2667:24)\n    at act (C:\\Users\\plant\\Desktop\\Rust区块链\\Wallet front-end\\blockchain-wallet-ui\\node_modules\\react\\cjs\\react.development.js:2582:11)\n    at actWithWarning (C:\\Users\\plant\\Desktop\\Rust区块链\\Wallet front-end\\blockchain-wallet-ui\\node_modules\\react-dom\\cjs\\react-dom-test-utils.development.js:1740:10)\n    at C:\\Users\\plant\\Desktop\\Rust区块链\\Wallet front-end\\blockchain-wallet-ui\\node_modules\\@testing-library\\react\\dist\\act-compat.js:63:25\n    at renderRoot (C:\\Users\\plant\\Desktop\\Rust区块链\\Wallet front-end\\blockchain-wallet-ui\\node_modules\\@testing-library\\react\\dist\\pure.js:159:26)\n    at render (C:\\Users\\plant\\Desktop\\Rust区块链\\Wallet front-end\\blockchain-wallet-ui\\node_modules\\@testing-library\\react\\dist\\pure.js:246:10)\n    at mount (C:\\Users\\plant\\Desktop\\Rust区块链\\Wallet front-end\\blockchain-wallet-ui\\src\\context\\WalletContext.test.tsx:29:52)\n    at Object.<anonymous> (C:\\Users\\plant\\Desktop\\Rust区块链\\Wallet front-end\\blockchain-wallet-ui\\src\\context\\WalletContext.test.tsx:66:5)\n    at Promise.then.completed (C:\\Users\\plant\\Desktop\\Rust区块链\\Wallet front-end\\blockchain-wallet-ui\\node_modules\\jest-circus\\build\\utils.js:391:28)\n    at new Promise (<anonymous>)\n    at callAsyncCircusFn (C:\\Users\\plant\\Desktop\\Rust区块链\\Wallet front-end\\blockchain-wallet-ui\\node_modules\\jest-circus\\build\\utils.js:316:10)\n    at _callCircusTest (C:\\Users\\plant\\Desktop\\Rust区块链\\Wallet front-end\\blockchain-wallet-ui\\node_modules\\jest-circus\\build\\run.js:218:40)\n    at _runTest (C:\\Users\\plant\\Desktop\\Rust区块链\\Wallet front-end\\blockchain-wallet-ui\\node_modules\\jest-circus\\build\\run.js:155:3)\n    at _runTestsForDescribeBlock (C:\\Users\\plant\\Desktop\\Rust区块链\\Wallet front-end\\blockchain-wallet-ui\\node_modules\\jest-circus\\build\\run.js:66:9)\n    at _runTestsForDescribeBlock (C:\\Users\\plant\\Desktop\\Rust区块链\\Wallet front-end\\blockchain-wallet-ui\\node_modules\\jest-circus\\build\\run.js:60:9)\n    at run (C:\\Users\\plant\\Desktop\\Rust区块链\\Wallet front-end\\blockchain-wallet-ui\\node_modules\\jest-circus\\build\\run.js:25:3)\n    at runAndTransformResultsToJestFormat (C:\\Users\\plant\\Desktop\\Rust区块链\\Wallet front-end\\blockchain-wallet-ui\\node_modules\\jest-circus\\build\\legacy-code-todo-rewrite\\jestAdapterInit.js:170:21)\n    at jestAdapter (C:\\Users\\plant\\Desktop\\Rust区块链\\Wallet front-end\\blockchain-wallet-ui\\node_modules\\jest-circus\\build\\legacy-code-todo-rewrite\\jestAdapter.js:82:19)\n    at runTestInternal (C:\\Users\\plant\\Desktop\\Rust区块链\\Wallet front-end\\blockchain-wallet-ui\\node_modules\\jest-runner\\build\\runTest.js:389:16)\n    at runTest (C:\\Users\\plant\\Desktop\\Rust区块链\\Wallet front-end\\blockchain-wallet-ui\\node_modules\\jest-runner\\build\\runTest.js:475:34)\n    at TestRunner.runTests (C:\\Users\\plant\\Desktop\\Rust区块链\\Wallet front-end\\blockchain-wallet-ui\\node_modules\\jest-runner\\build\\index.js:101:12)\n    at TestScheduler.scheduleTests (C:\\Users\\plant\\Desktop\\Rust区块链\\Wallet front-end\\blockchain-wallet-ui\\node_modules\\@jest\\core\\build\\TestScheduler.js:333:13)\n    at runJest (C:\\Users\\plant\\Desktop\\Rust区块链\\Wallet front-end\\blockchain-wallet-ui\\node_modules\\@jest\\core\\build\\runJest.js:404:19)\n    at _run10000 (C:\\Users\\plant\\Desktop\\Rust区块链\\Wallet front-end\\blockchain-wallet-ui\\node_modules\\@jest\\core\\build\\cli\\index.js:320:7)\n    at runCLI (C:\\Users\\plant\\Desktop\\Rust区块链\\Wallet front-end\\blockchain-wallet-ui\\node_modules\\@jest\\core\\build\\cli\\index.js:173:3)\n    at Object.run (C:\\Users\\plant\\Desktop\\Rust区块链\\Wallet front-end\\blockchain-wallet-ui\\node_modules\\jest-cli\\build\\cli\\index.js:155:37)"],"fullName":"WalletContext refreshWallets sets wallets and default currentWallet","location":null,"status":"failed","title":"refreshWallets sets wallets and default currentWallet"},{"ancestorTitles":["WalletContext"],"failureMessages":["TypeError: Cannot read properties of undefined (reading '0')\n    at C:\\Users\\plant\\Desktop\\Rust区块链\\Wallet front-end\\blockchain-wallet-ui\\src\\context\\WalletContext.tsx:38:45\n    at mountState (C:\\Users\\plant\\Desktop\\Rust区块链\\Wallet front-end\\blockchain-wallet-ui\\node_modules\\react-dom\\cjs\\react-dom.development.js:16167:20)\n    at Object.useState (C:\\Users\\plant\\Desktop\\Rust区块链\\Wallet front-end\\blockchain-wallet-ui\\node_modules\\react-dom\\cjs\\react-dom.development.js:16880:16)\n    at useState (C:\\Users\\plant\\Desktop\\Rust区块链\\Wallet front-end\\blockchain-wallet-ui\\node_modules\\react\\cjs\\react.development.js:1622:21)\n    at WalletProvider (C:\\Users\\plant\\Desktop\\Rust区块链\\Wallet front-end\\blockchain-wallet-ui\\src\\context\\WalletContext.tsx:36:60)\n    at renderWithHooks (C:\\Users\\plant\\Desktop\\Rust区块链\\Wallet front-end\\blockchain-wallet-ui\\node_modules\\react-dom\\cjs\\react-dom.development.js:15486:18)\n    at mountIndeterminateComponent (C:\\Users\\plant\\Desktop\\Rust区块链\\Wallet front-end\\blockchain-wallet-ui\\node_modules\\react-dom\\cjs\\react-dom.development.js:20103:13)\n    at beginWork (C:\\Users\\plant\\Desktop\\Rust区块链\\Wallet front-end\\blockchain-wallet-ui\\node_modules\\react-dom\\cjs\\react-dom.development.js:21626:16)\n    at beginWork$1 (C:\\Users\\plant\\Desktop\\Rust区块链\\Wallet front-end\\blockchain-wallet-ui\\node_modules\\react-dom\\cjs\\react-dom.development.js:27465:14)\n    at performUnitOfWork (C:\\Users\\plant\\Desktop\\Rust区块链\\Wallet front-end\\blockchain-wallet-ui\\node_modules\\react-dom\\cjs\\react-dom.development.js:26599:12)\n    at workLoopSync (C:\\Users\\plant\\Desktop\\Rust区块链\\Wallet front-end\\blockchain-wallet-ui\\node_modules\\react-dom\\cjs\\react-dom.development.js:26505:5)\n    at renderRootSync (C:\\Users\\plant\\Desktop\\Rust区块链\\Wallet front-end\\blockchain-wallet-ui\\node_modules\\react-dom\\cjs\\react-dom.development.js:26473:7)\n    at recoverFromConcurrentError (C:\\Users\\plant\\Desktop\\Rust区块链\\Wallet front-end\\blockchain-wallet-ui\\node_modules\\react-dom\\cjs\\react-dom.development.js:25889:20)\n    at performConcurrentWorkOnRoot (C:\\Users\\plant\\Desktop\\Rust区块链\\Wallet front-end\\blockchain-wallet-ui\\node_modules\\react-dom\\cjs\\react-dom.development.js:25789:22)\n    at flushActQueue (C:\\Users\\plant\\Desktop\\Rust区块链\\Wallet front-end\\blockchain-wallet-ui\\node_modules\\react\\cjs\\react.development.js:2667:24)\n    at act (C:\\Users\\plant\\Desktop\\Rust区块链\\Wallet front-end\\blockchain-wallet-ui\\node_modules\\react\\cjs\\react.development.js:2582:11)\n    at actWithWarning (C:\\Users\\plant\\Desktop\\Rust区块链\\Wallet front-end\\blockchain-wallet-ui\\node_modules\\react-dom\\cjs\\react-dom-test-utils.development.js:1740:10)\n    at C:\\Users\\plant\\Desktop\\Rust区块链\\Wallet front-end\\blockchain-wallet-ui\\node_modules\\@testing-library\\react\\dist\\act-compat.js:63:25\n    at renderRoot (C:\\Users\\plant\\Desktop\\Rust区块链\\Wallet front-end\\blockchain-wallet-ui\\node_modules\\@testing-library\\react\\dist\\pure.js:159:26)\n    at render (C:\\Users\\plant\\Desktop\\Rust区块链\\Wallet front-end\\blockchain-wallet-ui\\node_modules\\@testing-library\\react\\dist\\pure.js:246:10)\n    at mount (C:\\Users\\plant\\Desktop\\Rust区块链\\Wallet front-end\\blockchain-wallet-ui\\src\\context\\WalletContext.test.tsx:29:52)\n    at Object.<anonymous> (C:\\Users\\plant\\Desktop\\Rust区块链\\Wallet front-end\\blockchain-wallet-ui\\src\\context\\WalletContext.test.tsx:75:5)\n    at Promise.then.completed (C:\\Users\\plant\\Desktop\\Rust区块链\\Wallet front-end\\blockchain-wallet-ui\\node_modules\\jest-circus\\build\\utils.js:391:28)\n    at new Promise (<anonymous>)\n    at callAsyncCircusFn (C:\\Users\\plant\\Desktop\\Rust区块链\\Wallet front-end\\blockchain-wallet-ui\\node_modules\\jest-circus\\build\\utils.js:316:10)\n    at _callCircusTest (C:\\Users\\plant\\Desktop\\Rust区块链\\Wallet front-end\\blockchain-wallet-ui\\node_modules\\jest-circus\\build\\run.js:218:40)\n    at _runTest (C:\\Users\\plant\\Desktop\\Rust区块链\\Wallet front-end\\blockchain-wallet-ui\\node_modules\\jest-circus\\build\\run.js:155:3)\n    at _runTestsForDescribeBlock (C:\\Users\\plant\\Desktop\\Rust区块链\\Wallet front-end\\blockchain-wallet-ui\\node_modules\\jest-circus\\build\\run.js:66:9)\n    at _runTestsForDescribeBlock (C:\\Users\\plant\\Desktop\\Rust区块链\\Wallet front-end\\blockchain-wallet-ui\\node_modules\\jest-circus\\build\\run.js:60:9)\n    at run (C:\\Users\\plant\\Desktop\\Rust区块链\\Wallet front-end\\blockchain-wallet-ui\\node_modules\\jest-circus\\build\\run.js:25:3)\n    at runAndTransformResultsToJestFormat (C:\\Users\\plant\\Desktop\\Rust区块链\\Wallet front-end\\blockchain-wallet-ui\\node_modules\\jest-circus\\build\\legacy-code-todo-rewrite\\jestAdapterInit.js:170:21)\n    at jestAdapter (C:\\Users\\plant\\Desktop\\Rust区块链\\Wallet front-end\\blockchain-wallet-ui\\node_modules\\jest-circus\\build\\legacy-code-todo-rewrite\\jestAdapter.js:82:19)\n    at runTestInternal (C:\\Users\\plant\\Desktop\\Rust区块链\\Wallet front-end\\blockchain-wallet-ui\\node_modules\\jest-runner\\build\\runTest.js:389:16)\n    at runTest (C:\\Users\\plant\\Desktop\\Rust区块链\\Wallet front-end\\blockchain-wallet-ui\\node_modules\\jest-runner\\build\\runTest.js:475:34)\n    at TestRunner.runTests (C:\\Users\\plant\\Desktop\\Rust区块链\\Wallet front-end\\blockchain-wallet-ui\\node_modules\\jest-runner\\build\\index.js:101:12)\n    at TestScheduler.scheduleTests (C:\\Users\\plant\\Desktop\\Rust区块链\\Wallet front-end\\blockchain-wallet-ui\\node_modules\\@jest\\core\\build\\TestScheduler.js:333:13)\n    at runJest (C:\\Users\\plant\\Desktop\\Rust区块链\\Wallet front-end\\blockchain-wallet-ui\\node_modules\\@jest\\core\\build\\runJest.js:404:19)\n    at _run10000 (C:\\Users\\plant\\Desktop\\Rust区块链\\Wallet front-end\\blockchain-wallet-ui\\node_modules\\@jest\\core\\build\\cli\\index.js:320:7)\n    at runCLI (C:\\Users\\plant\\Desktop\\Rust区块链\\Wallet front-end\\blockchain-wallet-ui\\node_modules\\@jest\\core\\build\\cli\\index.js:173:3)\n    at Object.run (C:\\Users\\plant\\Desktop\\Rust区块链\\Wallet front-end\\blockchain-wallet-ui\\node_modules\\jest-cli\\build\\cli\\index.js:155:37)"],"fullName":"WalletContext refreshWallets error is warned once","location":null,"status":"failed","title":"refreshWallets error is warned once"},{"ancestorTitles":["WalletContext"],"failureMessages":["TypeError: Cannot read properties of undefined (reading '0')\n    at C:\\Users\\plant\\Desktop\\Rust区块链\\Wallet front-end\\blockchain-wallet-ui\\src\\context\\WalletContext.tsx:38:45\n    at mountState (C:\\Users\\plant\\Desktop\\Rust区块链\\Wallet front-end\\blockchain-wallet-ui\\node_modules\\react-dom\\cjs\\react-dom.development.js:16167:20)\n    at Object.useState (C:\\Users\\plant\\Desktop\\Rust区块链\\Wallet front-end\\blockchain-wallet-ui\\node_modules\\react-dom\\cjs\\react-dom.development.js:16880:16)\n    at useState (C:\\Users\\plant\\Desktop\\Rust区块链\\Wallet front-end\\blockchain-wallet-ui\\node_modules\\react\\cjs\\react.development.js:1622:21)\n    at WalletProvider (C:\\Users\\plant\\Desktop\\Rust区块链\\Wallet front-end\\blockchain-wallet-ui\\src\\context\\WalletContext.tsx:36:60)\n    at renderWithHooks (C:\\Users\\plant\\Desktop\\Rust区块链\\Wallet front-end\\blockchain-wallet-ui\\node_modules\\react-dom\\cjs\\react-dom.development.js:15486:18)\n    at mountIndeterminateComponent (C:\\Users\\plant\\Desktop\\Rust区块链\\Wallet front-end\\blockchain-wallet-ui\\node_modules\\react-dom\\cjs\\react-dom.development.js:20103:13)\n    at beginWork (C:\\Users\\plant\\Desktop\\Rust区块链\\Wallet front-end\\blockchain-wallet-ui\\node_modules\\react-dom\\cjs\\react-dom.development.js:21626:16)\n    at beginWork$1 (C:\\Users\\plant\\Desktop\\Rust区块链\\Wallet front-end\\blockchain-wallet-ui\\node_modules\\react-dom\\cjs\\react-dom.development.js:27465:14)\n    at performUnitOfWork (C:\\Users\\plant\\Desktop\\Rust区块链\\Wallet front-end\\blockchain-wallet-ui\\node_modules\\react-dom\\cjs\\react-dom.development.js:26599:12)\n    at workLoopSync (C:\\Users\\plant\\Desktop\\Rust区块链\\Wallet front-end\\blockchain-wallet-ui\\node_modules\\react-dom\\cjs\\react-dom.development.js:26505:5)\n    at renderRootSync (C:\\Users\\plant\\Desktop\\Rust区块链\\Wallet front-end\\blockchain-wallet-ui\\node_modules\\react-dom\\cjs\\react-dom.development.js:26473:7)\n    at recoverFromConcurrentError (C:\\Users\\plant\\Desktop\\Rust区块链\\Wallet front-end\\blockchain-wallet-ui\\node_modules\\react-dom\\cjs\\react-dom.development.js:25889:20)\n    at performConcurrentWorkOnRoot (C:\\Users\\plant\\Desktop\\Rust区块链\\Wallet front-end\\blockchain-wallet-ui\\node_modules\\react-dom\\cjs\\react-dom.development.js:25789:22)\n    at flushActQueue (C:\\Users\\plant\\Desktop\\Rust区块链\\Wallet front-end\\blockchain-wallet-ui\\node_modules\\react\\cjs\\react.development.js:2667:24)\n    at act (C:\\Users\\plant\\Desktop\\Rust区块链\\Wallet front-end\\blockchain-wallet-ui\\node_modules\\react\\cjs\\react.development.js:2582:11)\n    at actWithWarning (C:\\Users\\plant\\Desktop\\Rust区块链\\Wallet front-end\\blockchain-wallet-ui\\node_modules\\react-dom\\cjs\\react-dom-test-utils.development.js:1740:10)\n    at C:\\Users\\plant\\Desktop\\Rust区块链\\Wallet front-end\\blockchain-wallet-ui\\node_modules\\@testing-library\\react\\dist\\act-compat.js:63:25\n    at renderRoot (C:\\Users\\plant\\Desktop\\Rust区块链\\Wallet front-end\\blockchain-wallet-ui\\node_modules\\@testing-library\\react\\dist\\pure.js:159:26)\n    at render (C:\\Users\\plant\\Desktop\\Rust区块链\\Wallet front-end\\blockchain-wallet-ui\\node_modules\\@testing-library\\react\\dist\\pure.js:246:10)\n    at mount (C:\\Users\\plant\\Desktop\\Rust区块链\\Wallet front-end\\blockchain-wallet-ui\\src\\context\\WalletContext.test.tsx:29:52)\n    at Object.<anonymous> (C:\\Users\\plant\\Desktop\\Rust区块链\\Wallet front-end\\blockchain-wallet-ui\\src\\context\\WalletContext.test.tsx:87:5)\n    at Promise.then.completed (C:\\Users\\plant\\Desktop\\Rust区块链\\Wallet front-end\\blockchain-wallet-ui\\node_modules\\jest-circus\\build\\utils.js:391:28)\n    at new Promise (<anonymous>)\n    at callAsyncCircusFn (C:\\Users\\plant\\Desktop\\Rust区块链\\Wallet front-end\\blockchain-wallet-ui\\node_modules\\jest-circus\\build\\utils.js:316:10)\n    at _callCircusTest (C:\\Users\\plant\\Desktop\\Rust区块链\\Wallet front-end\\blockchain-wallet-ui\\node_modules\\jest-circus\\build\\run.js:218:40)\n    at _runTest (C:\\Users\\plant\\Desktop\\Rust区块链\\Wallet front-end\\blockchain-wallet-ui\\node_modules\\jest-circus\\build\\run.js:155:3)\n    at _runTestsForDescribeBlock (C:\\Users\\plant\\Desktop\\Rust区块链\\Wallet front-end\\blockchain-wallet-ui\\node_modules\\jest-circus\\build\\run.js:66:9)\n    at _runTestsForDescribeBlock (C:\\Users\\plant\\Desktop\\Rust区块链\\Wallet front-end\\blockchain-wallet-ui\\node_modules\\jest-circus\\build\\run.js:60:9)\n    at run (C:\\Users\\plant\\Desktop\\Rust区块链\\Wallet front-end\\blockchain-wallet-ui\\node_modules\\jest-circus\\build\\run.js:25:3)\n    at runAndTransformResultsToJestFormat (C:\\Users\\plant\\Desktop\\Rust区块链\\Wallet front-end\\blockchain-wallet-ui\\node_modules\\jest-circus\\build\\legacy-code-todo-rewrite\\jestAdapterInit.js:170:21)\n    at jestAdapter (C:\\Users\\plant\\Desktop\\Rust区块链\\Wallet front-end\\blockchain-wallet-ui\\node_modules\\jest-circus\\build\\legacy-code-todo-rewrite\\jestAdapter.js:82:19)\n    at runTestInternal (C:\\Users\\plant\\Desktop\\Rust区块链\\Wallet front-end\\blockchain-wallet-ui\\node_modules\\jest-runner\\build\\runTest.js:389:16)\n    at runTest (C:\\Users\\plant\\Desktop\\Rust区块链\\Wallet front-end\\blockchain-wallet-ui\\node_modules\\jest-runner\\build\\runTest.js:475:34)\n    at TestRunner.runTests (C:\\Users\\plant\\Desktop\\Rust区块链\\Wallet front-end\\blockchain-wallet-ui\\node_modules\\jest-runner\\build\\index.js:101:12)\n    at TestScheduler.scheduleTests (C:\\Users\\plant\\Desktop\\Rust区块链\\Wallet front-end\\blockchain-wallet-ui\\node_modules\\@jest\\core\\build\\TestScheduler.js:333:13)\n    at runJest (C:\\Users\\plant\\Desktop\\Rust区块链\\Wallet front-end\\blockchain-wallet-ui\\node_modules\\@jest\\core\\build\\runJest.js:404:19)\n    at _run10000 (C:\\Users\\plant\\Desktop\\Rust区块链\\Wallet front-end\\blockchain-wallet-ui\\node_modules\\@jest\\core\\build\\cli\\index.js:320:7)\n    at runCLI (C:\\Users\\plant\\Desktop\\Rust区块链\\Wallet front-end\\blockchain-wallet-ui\\node_modules\\@jest\\core\\build\\cli\\index.js:173:3)\n    at Object.run (C:\\Users\\plant\\Desktop\\Rust区块链\\Wallet front-end\\blockchain-wallet-ui\\node_modules\\jest-cli\\build\\cli\\index.js:155:37)"],"fullName":"WalletContext concurrent refresh prevents duplicate calls","location":null,"status":"failed","title":"concurrent refresh prevents duplicate calls"},{"ancestorTitles":["WalletContext"],"failureMessages":["TypeError: Cannot read properties of undefined (reading '0')\n    at C:\\Users\\plant\\Desktop\\Rust区块链\\Wallet front-end\\blockchain-wallet-ui\\src\\context\\WalletContext.tsx:38:45\n    at mountState (C:\\Users\\plant\\Desktop\\Rust区块链\\Wallet front-end\\blockchain-wallet-ui\\node_modules\\react-dom\\cjs\\react-dom.development.js:16167:20)\n    at Object.useState (C:\\Users\\plant\\Desktop\\Rust区块链\\Wallet front-end\\blockchain-wallet-ui\\node_modules\\react-dom\\cjs\\react-dom.development.js:16880:16)\n    at useState (C:\\Users\\plant\\Desktop\\Rust区块链\\Wallet front-end\\blockchain-wallet-ui\\node_modules\\react\\cjs\\react.development.js:1622:21)\n    at WalletProvider (C:\\Users\\plant\\Desktop\\Rust区块链\\Wallet front-end\\blockchain-wallet-ui\\src\\context\\WalletContext.tsx:36:60)\n    at renderWithHooks (C:\\Users\\plant\\Desktop\\Rust区块链\\Wallet front-end\\blockchain-wallet-ui\\node_modules\\react-dom\\cjs\\react-dom.development.js:15486:18)\n    at mountIndeterminateComponent (C:\\Users\\plant\\Desktop\\Rust区块链\\Wallet front-end\\blockchain-wallet-ui\\node_modules\\react-dom\\cjs\\react-dom.development.js:20103:13)\n    at beginWork (C:\\Users\\plant\\Desktop\\Rust区块链\\Wallet front-end\\blockchain-wallet-ui\\node_modules\\react-dom\\cjs\\react-dom.development.js:21626:16)\n    at beginWork$1 (C:\\Users\\plant\\Desktop\\Rust区块链\\Wallet front-end\\blockchain-wallet-ui\\node_modules\\react-dom\\cjs\\react-dom.development.js:27465:14)\n    at performUnitOfWork (C:\\Users\\plant\\Desktop\\Rust区块链\\Wallet front-end\\blockchain-wallet-ui\\node_modules\\react-dom\\cjs\\react-dom.development.js:26599:12)\n    at workLoopSync (C:\\Users\\plant\\Desktop\\Rust区块链\\Wallet front-end\\blockchain-wallet-ui\\node_modules\\react-dom\\cjs\\react-dom.development.js:26505:5)\n    at renderRootSync (C:\\Users\\plant\\Desktop\\Rust区块链\\Wallet front-end\\blockchain-wallet-ui\\node_modules\\react-dom\\cjs\\react-dom.development.js:26473:7)\n    at recoverFromConcurrentError (C:\\Users\\plant\\Desktop\\Rust区块链\\Wallet front-end\\blockchain-wallet-ui\\node_modules\\react-dom\\cjs\\react-dom.development.js:25889:20)\n    at performConcurrentWorkOnRoot (C:\\Users\\plant\\Desktop\\Rust区块链\\Wallet front-end\\blockchain-wallet-ui\\node_modules\\react-dom\\cjs\\react-dom.development.js:25789:22)\n    at flushActQueue (C:\\Users\\plant\\Desktop\\Rust区块链\\Wallet front-end\\blockchain-wallet-ui\\node_modules\\react\\cjs\\react.development.js:2667:24)\n    at act (C:\\Users\\plant\\Desktop\\Rust区块链\\Wallet front-end\\blockchain-wallet-ui\\node_modules\\react\\cjs\\react.development.js:2582:11)\n    at actWithWarning (C:\\Users\\plant\\Desktop\\Rust区块链\\Wallet front-end\\blockchain-wallet-ui\\node_modules\\react-dom\\cjs\\react-dom-test-utils.development.js:1740:10)\n    at C:\\Users\\plant\\Desktop\\Rust区块链\\Wallet front-end\\blockchain-wallet-ui\\node_modules\\@testing-library\\react\\dist\\act-compat.js:63:25\n    at renderRoot (C:\\Users\\plant\\Desktop\\Rust区块链\\Wallet front-end\\blockchain-wallet-ui\\node_modules\\@testing-library\\react\\dist\\pure.js:159:26)\n    at render (C:\\Users\\plant\\Desktop\\Rust区块链\\Wallet front-end\\blockchain-wallet-ui\\node_modules\\@testing-library\\react\\dist\\pure.js:246:10)\n    at mount (C:\\Users\\plant\\Desktop\\Rust区块链\\Wallet front-end\\blockchain-wallet-ui\\src\\context\\WalletContext.test.tsx:29:52)\n    at Object.<anonymous> (C:\\Users\\plant\\Desktop\\Rust区块链\\Wallet front-end\\blockchain-wallet-ui\\src\\context\\WalletContext.test.tsx:99:5)\n    at Promise.then.completed (C:\\Users\\plant\\Desktop\\Rust区块链\\Wallet front-end\\blockchain-wallet-ui\\node_modules\\jest-circus\\build\\utils.js:391:28)\n    at new Promise (<anonymous>)\n    at callAsyncCircusFn (C:\\Users\\plant\\Desktop\\Rust区块链\\Wallet front-end\\blockchain-wallet-ui\\node_modules\\jest-circus\\build\\utils.js:316:10)\n    at _callCircusTest (C:\\Users\\plant\\Desktop\\Rust区块链\\Wallet front-end\\blockchain-wallet-ui\\node_modules\\jest-circus\\build\\run.js:218:40)\n    at _runTest (C:\\Users\\plant\\Desktop\\Rust区块链\\Wallet front-end\\blockchain-wallet-ui\\node_modules\\jest-circus\\build\\run.js:155:3)\n    at _runTestsForDescribeBlock (C:\\Users\\plant\\Desktop\\Rust区块链\\Wallet front-end\\blockchain-wallet-ui\\node_modules\\jest-circus\\build\\run.js:66:9)\n    at _runTestsForDescribeBlock (C:\\Users\\plant\\Desktop\\Rust区块链\\Wallet front-end\\blockchain-wallet-ui\\node_modules\\jest-circus\\build\\run.js:60:9)\n    at run (C:\\Users\\plant\\Desktop\\Rust区块链\\Wallet front-end\\blockchain-wallet-ui\\node_modules\\jest-circus\\build\\run.js:25:3)\n    at runAndTransformResultsToJestFormat (C:\\Users\\plant\\Desktop\\Rust区块链\\Wallet front-end\\blockchain-wallet-ui\\node_modules\\jest-circus\\build\\legacy-code-todo-rewrite\\jestAdapterInit.js:170:21)\n    at jestAdapter (C:\\Users\\plant\\Desktop\\Rust区块链\\Wallet front-end\\blockchain-wallet-ui\\node_modules\\jest-circus\\build\\legacy-code-todo-rewrite\\jestAdapter.js:82:19)\n    at runTestInternal (C:\\Users\\plant\\Desktop\\Rust区块链\\Wallet front-end\\blockchain-wallet-ui\\node_modules\\jest-runner\\build\\runTest.js:389:16)\n    at runTest (C:\\Users\\plant\\Desktop\\Rust区块链\\Wallet front-end\\blockchain-wallet-ui\\node_modules\\jest-runner\\build\\runTest.js:475:34)\n    at TestRunner.runTests (C:\\Users\\plant\\Desktop\\Rust区块链\\Wallet front-end\\blockchain-wallet-ui\\node_modules\\jest-runner\\build\\index.js:101:12)\n    at TestScheduler.scheduleTests (C:\\Users\\plant\\Desktop\\Rust区块链\\Wallet front-end\\blockchain-wallet-ui\\node_modules\\@jest\\core\\build\\TestScheduler.js:333:13)\n    at runJest (C:\\Users\\plant\\Desktop\\Rust区块链\\Wallet front-end\\blockchain-wallet-ui\\node_modules\\@jest\\core\\build\\runJest.js:404:19)\n    at _run10000 (C:\\Users\\plant\\Desktop\\Rust区块链\\Wallet front-end\\blockchain-wallet-ui\\node_modules\\@jest\\core\\build\\cli\\index.js:320:7)\n    at runCLI (C:\\Users\\plant\\Desktop\\Rust区块链\\Wallet front-end\\blockchain-wallet-ui\\node_modules\\@jest\\core\\build\\cli\\index.js:173:3)\n    at Object.run (C:\\Users\\plant\\Desktop\\Rust区块链\\Wallet front-end\\blockchain-wallet-ui\\node_modules\\jest-cli\\build\\cli\\index.js:155:37)"],"fullName":"WalletContext storage event updates current wallet and network","location":null,"status":"failed","title":"storage event updates current wallet and network"},{"ancestorTitles":["WalletContext"],"failureMessages":[],"fullName":"WalletContext useWalletContext outside provider throws","location":null,"status":"passed","title":"useWalletContext outside provider throws"}],"endTime":1761547425255,"message":"\u001b[1m\u001b[31m  \u001b[1m● \u001b[22m\u001b[1mWalletContext › setCurrentWallet saves and removes localStorage\u001b[39m\u001b[22m\n\n    TypeError: Cannot read properties of undefined (reading '0')\n\u001b[2m\u001b[22m\n\u001b[2m    \u001b[0m \u001b[90m 36 |\u001b[39m   \u001b[36mconst\u001b[39m [currentNetwork\u001b[33m,\u001b[39m setCurrentNetworkState] \u001b[33m=\u001b[39m useState\u001b[33m<\u001b[39m\u001b[33mstring\u001b[39m\u001b[33m>\u001b[39m(() \u001b[33m=>\u001b[39m {\u001b[22m\n\u001b[2m     \u001b[90m 37 |\u001b[39m     \u001b[36mconst\u001b[39m stored \u001b[33m=\u001b[39m safeLocalStorage\u001b[33m.\u001b[39mgetItem(\u001b[32m'current_network'\u001b[39m)\u001b[33m;\u001b[39m\u001b[22m\n\u001b[2m    \u001b[31m\u001b[1m>\u001b[22m\u001b[2m\u001b[39m\u001b[90m 38 |\u001b[39m     \u001b[36mreturn\u001b[39m stored \u001b[33m||\u001b[39m (getAvailableNetworks()[\u001b[35m0\u001b[39m]\u001b[33m?\u001b[39m\u001b[33m.\u001b[39mid \u001b[33m||\u001b[39m \u001b[32m'eth'\u001b[39m)\u001b[33m;\u001b[39m\u001b[22m\n\u001b[2m     \u001b[90m    |\u001b[39m                                             \u001b[31m\u001b[1m^\u001b[22m\u001b[2m\u001b[39m\u001b[22m\n\u001b[2m     \u001b[90m 39 |\u001b[39m   })\u001b[33m;\u001b[39m\u001b[22m\n\u001b[2m     \u001b[90m 40 |\u001b[39m   \u001b[36mconst\u001b[39m setCurrentNetwork \u001b[33m=\u001b[39m (net\u001b[33m:\u001b[39m string) \u001b[33m=>\u001b[39m {\u001b[22m\n\u001b[2m     \u001b[90m 41 |\u001b[39m     setCurrentNetworkState(net)\u001b[33m;\u001b[39m\u001b[0m\u001b[22m\n\u001b[2m\u001b[22m\n\u001b[2m      \u001b[2mat \u001b[22m\u001b[2msrc/context/WalletContext.tsx\u001b[2m:38:45\u001b[22m\u001b[2m\u001b[22m\n\u001b[2m      \u001b[2mat mountState (\u001b[22m\u001b[2mnode_modules/react-dom/cjs/react-dom.development.js\u001b[2m:16167:20)\u001b[22m\u001b[2m\u001b[22m\n\u001b[2m      \u001b[2mat Object.useState (\u001b[22m\u001b[2mnode_modules/react-dom/cjs/react-dom.development.js\u001b[2m:16880:16)\u001b[22m\u001b[2m\u001b[22m\n\u001b[2m      \u001b[2mat useState (\u001b[22m\u001b[2mnode_modules/react/cjs/react.development.js\u001b[2m:1622:21)\u001b[22m\u001b[2m\u001b[22m\n\u001b[2m      \u001b[2mat WalletProvider (\u001b[22m\u001b[2msrc/context/WalletContext.tsx\u001b[2m:36:60)\u001b[22m\u001b[2m\u001b[22m\n\u001b[2m      \u001b[2mat renderWithHooks (\u001b[22m\u001b[2mnode_modules/react-dom/cjs/react-dom.development.js\u001b[2m:15486:18)\u001b[22m\u001b[2m\u001b[22m\n\u001b[2m      \u001b[2mat mountIndeterminateComponent (\u001b[22m\u001b[2mnode_modules/react-dom/cjs/react-dom.development.js\u001b[2m:20103:13)\u001b[22m\u001b[2m\u001b[22m\n\u001b[2m      \u001b[2mat beginWork (\u001b[22m\u001b[2mnode_modules/react-dom/cjs/react-dom.development.js\u001b[2m:21626:16)\u001b[22m\u001b[2m\u001b[22m\n\u001b[2m      \u001b[2mat beginWork$1 (\u001b[22m\u001b[2mnode_modules/react-dom/cjs/react-dom.development.js\u001b[2m:27465:14)\u001b[22m\u001b[2m\u001b[22m\n\u001b[2m      \u001b[2mat performUnitOfWork (\u001b[22m\u001b[2mnode_modules/react-dom/cjs/react-dom.development.js\u001b[2m:26599:12)\u001b[22m\u001b[2m\u001b[22m\n\u001b[2m      \u001b[2mat workLoopSync (\u001b[22m\u001b[2mnode_modules/react-dom/cjs/react-dom.development.js\u001b[2m:26505:5)\u001b[22m\u001b[2m\u001b[22m\n\u001b[2m      \u001b[2mat renderRootSync (\u001b[22m\u001b[2mnode_modules/react-dom/cjs/react-dom.development.js\u001b[2m:26473:7)\u001b[22m\u001b[2m\u001b[22m\n\u001b[2m      \u001b[2mat recoverFromConcurrentError (\u001b[22m\u001b[2mnode_modules/react-dom/cjs/react-dom.development.js\u001b[2m:25889:20)\u001b[22m\u001b[2m\u001b[22m\n\u001b[2m      \u001b[2mat performConcurrentWorkOnRoot (\u001b[22m\u001b[2mnode_modules/react-dom/cjs/react-dom.development.js\u001b[2m:25789:22)\u001b[22m\u001b[2m\u001b[22m\n\u001b[2m      \u001b[2mat flushActQueue (\u001b[22m\u001b[2mnode_modules/react/cjs/react.development.js\u001b[2m:2667:24)\u001b[22m\u001b[2m\u001b[22m\n\u001b[2m      \u001b[2mat act (\u001b[22m\u001b[2mnode_modules/react/cjs/react.development.js\u001b[2m:2582:11)\u001b[22m\u001b[2m\u001b[22m\n\u001b[2m      \u001b[2mat actWithWarning (\u001b[22m\u001b[2mnode_modules/react-dom/cjs/react-dom-test-utils.development.js\u001b[2m:1740:10)\u001b[22m\u001b[2m\u001b[22m\n\u001b[2m      \u001b[2mat \u001b[22m\u001b[2mnode_modules/@testing-library/react/dist/act-compat.js\u001b[2m:63:25\u001b[22m\u001b[2m\u001b[22m\n\u001b[2m      \u001b[2mat renderRoot (\u001b[22m\u001b[2mnode_modules/@testing-library/react/dist/pure.js\u001b[2m:159:26)\u001b[22m\u001b[2m\u001b[22m\n\u001b[2m      \u001b[2mat render (\u001b[22m\u001b[2mnode_modules/@testing-library/react/dist/pure.js\u001b[2m:246:10)\u001b[22m\u001b[2m\u001b[22m\n\u001b[2m      \u001b[2mat mount (\u001b[22m\u001b[2m\u001b[0m\u001b[36msrc/context/WalletContext.test.tsx\u001b[39m\u001b[0m\u001b[2m:29:52)\u001b[22m\u001b[2m\u001b[22m\n\u001b[2m      \u001b[2mat Object.<anonymous> (\u001b[22m\u001b[2m\u001b[0m\u001b[36msrc/context/WalletContext.test.tsx\u001b[39m\u001b[0m\u001b[2m:40:5)\u001b[22m\u001b[2m\u001b[22m\n\u001b[2m      \u001b[2mat TestScheduler.scheduleTests (\u001b[22m\u001b[2mnode_modules/@jest/core/build/TestScheduler.js\u001b[2m:333:13)\u001b[22m\u001b[2m\u001b[22m\n\u001b[2m      \u001b[2mat runJest (\u001b[22m\u001b[2mnode_modules/@jest/core/build/runJest.js\u001b[2m:404:19)\u001b[22m\u001b[2m\u001b[22m\n\u001b[2m      \u001b[2mat _run10000 (\u001b[22m\u001b[2mnode_modules/@jest/core/build/cli/index.js\u001b[2m:320:7)\u001b[22m\u001b[2m\u001b[22m\n\u001b[2m      \u001b[2mat runCLI (\u001b[22m\u001b[2mnode_modules/@jest/core/build/cli/index.js\u001b[2m:173:3)\u001b[22m\u001b[2m\u001b[22m\n\n\u001b[1m\u001b[31m  \u001b[1m● \u001b[22m\u001b[1mWalletContext › ensureValidNetwork resets to first available when invalid\u001b[39m\u001b[22m\n\n    TypeError: Cannot read properties of undefined (reading 'some')\n\u001b[2m\u001b[22m\n\u001b[2m    \u001b[0m \u001b[90m 49 |\u001b[39m   \u001b[36mconst\u001b[39m ensureValidNetwork \u001b[33m=\u001b[39m \u001b[33mReact\u001b[39m\u001b[33m.\u001b[39museCallback(() \u001b[33m=>\u001b[39m {\u001b[22m\n\u001b[2m     \u001b[90m 50 |\u001b[39m     \u001b[36mconst\u001b[39m nets \u001b[33m=\u001b[39m getAvailableNetworks()\u001b[33m;\u001b[39m\u001b[22m\n\u001b[2m    \u001b[31m\u001b[1m>\u001b[22m\u001b[2m\u001b[39m\u001b[90m 51 |\u001b[39m     \u001b[36mif\u001b[39m (\u001b[33m!\u001b[39mnets\u001b[33m.\u001b[39msome((n) \u001b[33m=>\u001b[39m n\u001b[33m.\u001b[39mid \u001b[33m===\u001b[39m currentNetwork)) {\u001b[22m\n\u001b[2m     \u001b[90m    |\u001b[39m               \u001b[31m\u001b[1m^\u001b[22m\u001b[2m\u001b[39m\u001b[22m\n\u001b[2m     \u001b[90m 52 |\u001b[39m       setCurrentNetwork(nets[\u001b[35m0\u001b[39m]\u001b[33m?\u001b[39m\u001b[33m.\u001b[39mid \u001b[33m||\u001b[39m \u001b[32m'eth'\u001b[39m)\u001b[33m;\u001b[39m\u001b[22m\n\u001b[2m     \u001b[90m 53 |\u001b[39m     }\u001b[22m\n\u001b[2m     \u001b[90m 54 |\u001b[39m   }\u001b[33m,\u001b[39m [currentNetwork])\u001b[33m;\u001b[39m\u001b[0m\u001b[22m\n\u001b[2m\u001b[22m\n\u001b[2m      \u001b[2mat ensureValidNetwork (\u001b[22m\u001b[2msrc/context/WalletContext.tsx\u001b[2m:51:15)\u001b[22m\u001b[2m\u001b[22m\n\u001b[2m      \u001b[2mat \u001b[22m\u001b[2msrc/context/WalletContext.tsx\u001b[2m:97:7\u001b[22m\u001b[2m\u001b[22m\n\u001b[2m      \u001b[2mat commitHookEffectListMount (\u001b[22m\u001b[2mnode_modules/react-dom/cjs/react-dom.development.js\u001b[2m:23189:26)\u001b[22m\u001b[2m\u001b[22m\n\u001b[2m      \u001b[2mat commitPassiveMountOnFiber (\u001b[22m\u001b[2mnode_modules/react-dom/cjs/react-dom.development.js\u001b[2m:24970:11)\u001b[22m\u001b[2m\u001b[22m\n\u001b[2m      \u001b[2mat commitPassiveMountEffects_complete (\u001b[22m\u001b[2mnode_modules/react-dom/cjs/react-dom.development.js\u001b[2m:24930:9)\u001b[22m\u001b[2m\u001b[22m\n\u001b[2m      \u001b[2mat commitPassiveMountEffects_begin (\u001b[22m\u001b[2mnode_modules/react-dom/cjs/react-dom.development.js\u001b[2m:24917:7)\u001b[22m\u001b[2m\u001b[22m\n\u001b[2m      \u001b[2mat commitPassiveMountEffects (\u001b[22m\u001b[2mnode_modules/react-dom/cjs/react-dom.development.js\u001b[2m:24905:3)\u001b[22m\u001b[2m\u001b[22m\n\u001b[2m      \u001b[2mat flushPassiveEffectsImpl (\u001b[22m\u001b[2mnode_modules/react-dom/cjs/react-dom.development.js\u001b[2m:27078:3)\u001b[22m\u001b[2m\u001b[22m\n\u001b[2m      \u001b[2mat flushPassiveEffects (\u001b[22m\u001b[2mnode_modules/react-dom/cjs/react-dom.development.js\u001b[2m:27023:14)\u001b[22m\u001b[2m\u001b[22m\n\u001b[2m      \u001b[2mat \u001b[22m\u001b[2mnode_modules/react-dom/cjs/react-dom.development.js\u001b[2m:26808:9\u001b[22m\u001b[2m\u001b[22m\n\u001b[2m      \u001b[2mat flushActQueue (\u001b[22m\u001b[2mnode_modules/react/cjs/react.development.js\u001b[2m:2667:24)\u001b[22m\u001b[2m\u001b[22m\n\u001b[2m      \u001b[2mat act (\u001b[22m\u001b[2mnode_modules/react/cjs/react.development.js\u001b[2m:2582:11)\u001b[22m\u001b[2m\u001b[22m\n\u001b[2m      \u001b[2mat actWithWarning (\u001b[22m\u001b[2mnode_modules/react-dom/cjs/react-dom-test-utils.development.js\u001b[2m:1740:10)\u001b[22m\u001b[2m\u001b[22m\n\u001b[2m      \u001b[2mat \u001b[22m\u001b[2mnode_modules/@testing-library/react/dist/act-compat.js\u001b[2m:63:25\u001b[22m\u001b[2m\u001b[22m\n\u001b[2m      \u001b[2mat renderRoot (\u001b[22m\u001b[2mnode_modules/@testing-library/react/dist/pure.js\u001b[2m:159:26)\u001b[22m\u001b[2m\u001b[22m\n\u001b[2m      \u001b[2mat render (\u001b[22m\u001b[2mnode_modules/@testing-library/react/dist/pure.js\u001b[2m:246:10)\u001b[22m\u001b[2m\u001b[22m\n\u001b[2m      \u001b[2mat mount (\u001b[22m\u001b[2m\u001b[0m\u001b[36msrc/context/WalletContext.test.tsx\u001b[39m\u001b[0m\u001b[2m:29:52)\u001b[22m\u001b[2m\u001b[22m\n\u001b[2m      \u001b[2mat Object.<anonymous> (\u001b[22m\u001b[2m\u001b[0m\u001b[36msrc/context/WalletContext.test.tsx\u001b[39m\u001b[0m\u001b[2m:53:5)\u001b[22m\u001b[2m\u001b[22m\n\u001b[2m      \u001b[2mat TestScheduler.scheduleTests (\u001b[22m\u001b[2mnode_modules/@jest/core/build/TestScheduler.js\u001b[2m:333:13)\u001b[22m\u001b[2m\u001b[22m\n\u001b[2m      \u001b[2mat runJest (\u001b[22m\u001b[2mnode_modules/@jest/core/build/runJest.js\u001b[2m:404:19)\u001b[22m\u001b[2m\u001b[22m\n\u001b[2m      \u001b[2mat _run10000 (\u001b[22m\u001b[2mnode_modules/@jest/core/build/cli/index.js\u001b[2m:320:7)\u001b[22m\u001b[2m\u001b[22m\n\u001b[2m      \u001b[2mat runCLI (\u001b[22m\u001b[2mnode_modules/@jest/core/build/cli/index.js\u001b[2m:173:3)\u001b[22m\u001b[2m\u001b[22m\n\n\u001b[1m\u001b[31m  \u001b[1m● \u001b[22m\u001b[1mWalletContext › refreshWallets sets wallets and default currentWallet\u001b[39m\u001b[22m\n\n    TypeError: Cannot read properties of undefined (reading '0')\n\u001b[2m\u001b[22m\n\u001b[2m    \u001b[0m \u001b[90m 36 |\u001b[39m   \u001b[36mconst\u001b[39m [currentNetwork\u001b[33m,\u001b[39m setCurrentNetworkState] \u001b[33m=\u001b[39m useState\u001b[33m<\u001b[39m\u001b[33mstring\u001b[39m\u001b[33m>\u001b[39m(() \u001b[33m=>\u001b[39m {\u001b[22m\n\u001b[2m     \u001b[90m 37 |\u001b[39m     \u001b[36mconst\u001b[39m stored \u001b[33m=\u001b[39m safeLocalStorage\u001b[33m.\u001b[39mgetItem(\u001b[32m'current_network'\u001b[39m)\u001b[33m;\u001b[39m\u001b[22m\n\u001b[2m    \u001b[31m\u001b[1m>\u001b[22m\u001b[2m\u001b[39m\u001b[90m 38 |\u001b[39m     \u001b[36mreturn\u001b[39m stored \u001b[33m||\u001b[39m (getAvailableNetworks()[\u001b[35m0\u001b[39m]\u001b[33m?\u001b[39m\u001b[33m.\u001b[39mid \u001b[33m||\u001b[39m \u001b[32m'eth'\u001b[39m)\u001b[33m;\u001b[39m\u001b[22m\n\u001b[2m     \u001b[90m    |\u001b[39m                                             \u001b[31m\u001b[1m^\u001b[22m\u001b[2m\u001b[39m\u001b[22m\n\u001b[2m     \u001b[90m 39 |\u001b[39m   })\u001b[33m;\u001b[39m\u001b[22m\n\u001b[2m     \u001b[90m 40 |\u001b[39m   \u001b[36mconst\u001b[39m setCurrentNetwork \u001b[33m=\u001b[39m (net\u001b[33m:\u001b[39m string) \u001b[33m=>\u001b[39m {\u001b[22m\n\u001b[2m     \u001b[90m 41 |\u001b[39m     setCurrentNetworkState(net)\u001b[33m;\u001b[39m\u001b[0m\u001b[22m\n\u001b[2m\u001b[22m\n\u001b[2m      \u001b[2mat \u001b[22m\u001b[2msrc/context/WalletContext.tsx\u001b[2m:38:45\u001b[22m\u001b[2m\u001b[22m\n\u001b[2m      \u001b[2mat mountState (\u001b[22m\u001b[2mnode_modules/react-dom/cjs/react-dom.development.js\u001b[2m:16167:20)\u001b[22m\u001b[2m\u001b[22m\n\u001b[2m      \u001b[2mat Object.useState (\u001b[22m\u001b[2mnode_modules/react-dom/cjs/react-dom.development.js\u001b[2m:16880:16)\u001b[22m\u001b[2m\u001b[22m\n\u001b[2m      \u001b[2mat useState (\u001b[22m\u001b[2mnode_modules/react/cjs/react.development.js\u001b[2m:1622:21)\u001b[22m\u001b[2m\u001b[22m\n\u001b[2m      \u001b[2mat WalletProvider (\u001b[22m\u001b[2msrc/context/WalletContext.tsx\u001b[2m:36:60)\u001b[22m\u001b[2m\u001b[22m\n\u001b[2m      \u001b[2mat renderWithHooks (\u001b[22m\u001b[2mnode_modules/react-dom/cjs/react-dom.development.js\u001b[2m:15486:18)\u001b[22m\u001b[2m\u001b[22m\n\u001b[2m      \u001b[2mat mountIndeterminateComponent (\u001b[22m\u001b[2mnode_modules/react-dom/cjs/react-dom.development.js\u001b[2m:20103:13)\u001b[22m\u001b[2m\u001b[22m\n\u001b[2m      \u001b[2mat beginWork (\u001b[22m\u001b[2mnode_modules/react-dom/cjs/react-dom.development.js\u001b[2m:21626:16)\u001b[22m\u001b[2m\u001b[22m\n\u001b[2m      \u001b[2mat beginWork$1 (\u001b[22m\u001b[2mnode_modules/react-dom/cjs/react-dom.development.js\u001b[2m:27465:14)\u001b[22m\u001b[2m\u001b[22m\n\u001b[2m      \u001b[2mat performUnitOfWork (\u001b[22m\u001b[2mnode_modules/react-dom/cjs/react-dom.development.js\u001b[2m:26599:12)\u001b[22m\u001b[2m\u001b[22m\n\u001b[2m      \u001b[2mat workLoopSync (\u001b[22m\u001b[2mnode_modules/react-dom/cjs/react-dom.development.js\u001b[2m:26505:5)\u001b[22m\u001b[2m\u001b[22m\n\u001b[2m      \u001b[2mat renderRootSync (\u001b[22m\u001b[2mnode_modules/react-dom/cjs/react-dom.development.js\u001b[2m:26473:7)\u001b[22m\u001b[2m\u001b[22m\n\u001b[2m      \u001b[2mat recoverFromConcurrentError (\u001b[22m\u001b[2mnode_modules/react-dom/cjs/react-dom.development.js\u001b[2m:25889:20)\u001b[22m\u001b[2m\u001b[22m\n\u001b[2m      \u001b[2mat performConcurrentWorkOnRoot (\u001b[22m\u001b[2mnode_modules/react-dom/cjs/react-dom.development.js\u001b[2m:25789:22)\u001b[22m\u001b[2m\u001b[22m\n\u001b[2m      \u001b[2mat flushActQueue (\u001b[22m\u001b[2mnode_modules/react/cjs/react.development.js\u001b[2m:2667:24)\u001b[22m\u001b[2m\u001b[22m\n\u001b[2m      \u001b[2mat act (\u001b[22m\u001b[2mnode_modules/react/cjs/react.development.js\u001b[2m:2582:11)\u001b[22m\u001b[2m\u001b[22m\n\u001b[2m      \u001b[2mat actWithWarning (\u001b[22m\u001b[2mnode_modules/react-dom/cjs/react-dom-test-utils.development.js\u001b[2m:1740:10)\u001b[22m\u001b[2m\u001b[22m\n\u001b[2m      \u001b[2mat \u001b[22m\u001b[2mnode_modules/@testing-library/react/dist/act-compat.js\u001b[2m:63:25\u001b[22m\u001b[2m\u001b[22m\n\u001b[2m      \u001b[2mat renderRoot (\u001b[22m\u001b[2mnode_modules/@testing-library/react/dist/pure.js\u001b[2m:159:26)\u001b[22m\u001b[2m\u001b[22m\n\u001b[2m      \u001b[2mat render (\u001b[22m\u001b[2mnode_modules/@testing-library/react/dist/pure.js\u001b[2m:246:10)\u001b[22m\u001b[2m\u001b[22m\n\u001b[2m      \u001b[2mat mount (\u001b[22m\u001b[2m\u001b[0m\u001b[36msrc/context/WalletContext.test.tsx\u001b[39m\u001b[0m\u001b[2m:29:52)\u001b[22m\u001b[2m\u001b[22m\n\u001b[2m      \u001b[2mat Object.<anonymous> (\u001b[22m\u001b[2m\u001b[0m\u001b[36msrc/context/WalletContext.test.tsx\u001b[39m\u001b[0m\u001b[2m:66:5)\u001b[22m\u001b[2m\u001b[22m\n\u001b[2m      \u001b[2mat TestScheduler.scheduleTests (\u001b[22m\u001b[2mnode_modules/@jest/core/build/TestScheduler.js\u001b[2m:333:13)\u001b[22m\u001b[2m\u001b[22m\n\u001b[2m      \u001b[2mat runJest (\u001b[22m\u001b[2mnode_modules/@jest/core/build/runJest.js\u001b[2m:404:19)\u001b[22m\u001b[2m\u001b[22m\n\u001b[2m      \u001b[2mat _run10000 (\u001b[22m\u001b[2mnode_modules/@jest/core/build/cli/index.js\u001b[2m:320:7)\u001b[22m\u001b[2m\u001b[22m\n\u001b[2m      \u001b[2mat runCLI (\u001b[22m\u001b[2mnode_modules/@jest/core/build/cli/index.js\u001b[2m:173:3)\u001b[22m\u001b[2m\u001b[22m\n\n\u001b[1m\u001b[31m  \u001b[1m● \u001b[22m\u001b[1mWalletContext › refreshWallets error is warned once\u001b[39m\u001b[22m\n\n    TypeError: Cannot read properties of undefined (reading '0')\n\u001b[2m\u001b[22m\n\u001b[2m    \u001b[0m \u001b[90m 36 |\u001b[39m   \u001b[36mconst\u001b[39m [currentNetwork\u001b[33m,\u001b[39m setCurrentNetworkState] \u001b[33m=\u001b[39m useState\u001b[33m<\u001b[39m\u001b[33mstring\u001b[39m\u001b[33m>\u001b[39m(() \u001b[33m=>\u001b[39m {\u001b[22m\n\u001b[2m     \u001b[90m 37 |\u001b[39m     \u001b[36mconst\u001b[39m stored \u001b[33m=\u001b[39m safeLocalStorage\u001b[33m.\u001b[39mgetItem(\u001b[32m'current_network'\u001b[39m)\u001b[33m;\u001b[39m\u001b[22m\n\u001b[2m    \u001b[31m\u001b[1m>\u001b[22m\u001b[2m\u001b[39m\u001b[90m 38 |\u001b[39m     \u001b[36mreturn\u001b[39m stored \u001b[33m||\u001b[39m (getAvailableNetworks()[\u001b[35m0\u001b[39m]\u001b[33m?\u001b[39m\u001b[33m.\u001b[39mid \u001b[33m||\u001b[39m \u001b[32m'eth'\u001b[39m)\u001b[33m;\u001b[39m\u001b[22m\n\u001b[2m     \u001b[90m    |\u001b[39m                                             \u001b[31m\u001b[1m^\u001b[22m\u001b[2m\u001b[39m\u001b[22m\n\u001b[2m     \u001b[90m 39 |\u001b[39m   })\u001b[33m;\u001b[39m\u001b[22m\n\u001b[2m     \u001b[90m 40 |\u001b[39m   \u001b[36mconst\u001b[39m setCurrentNetwork \u001b[33m=\u001b[39m (net\u001b[33m:\u001b[39m string) \u001b[33m=>\u001b[39m {\u001b[22m\n\u001b[2m     \u001b[90m 41 |\u001b[39m     setCurrentNetworkState(net)\u001b[33m;\u001b[39m\u001b[0m\u001b[22m\n\u001b[2m\u001b[22m\n\u001b[2m      \u001b[2mat \u001b[22m\u001b[2msrc/context/WalletContext.tsx\u001b[2m:38:45\u001b[22m\u001b[2m\u001b[22m\n\u001b[2m      \u001b[2mat mountState (\u001b[22m\u001b[2mnode_modules/react-dom/cjs/react-dom.development.js\u001b[2m:16167:20)\u001b[22m\u001b[2m\u001b[22m\n\u001b[2m      \u001b[2mat Object.useState (\u001b[22m\u001b[2mnode_modules/react-dom/cjs/react-dom.development.js\u001b[2m:16880:16)\u001b[22m\u001b[2m\u001b[22m\n\u001b[2m      \u001b[2mat useState (\u001b[22m\u001b[2mnode_modules/react/cjs/react.development.js\u001b[2m:1622:21)\u001b[22m\u001b[2m\u001b[22m\n\u001b[2m      \u001b[2mat WalletProvider (\u001b[22m\u001b[2msrc/context/WalletContext.tsx\u001b[2m:36:60)\u001b[22m\u001b[2m\u001b[22m\n\u001b[2m      \u001b[2mat renderWithHooks (\u001b[22m\u001b[2mnode_modules/react-dom/cjs/react-dom.development.js\u001b[2m:15486:18)\u001b[22m\u001b[2m\u001b[22m\n\u001b[2m      \u001b[2mat mountIndeterminateComponent (\u001b[22m\u001b[2mnode_modules/react-dom/cjs/react-dom.development.js\u001b[2m:20103:13)\u001b[22m\u001b[2m\u001b[22m\n\u001b[2m      \u001b[2mat beginWork (\u001b[22m\u001b[2mnode_modules/react-dom/cjs/react-dom.development.js\u001b[2m:21626:16)\u001b[22m\u001b[2m\u001b[22m\n\u001b[2m      \u001b[2mat beginWork$1 (\u001b[22m\u001b[2mnode_modules/react-dom/cjs/react-dom.development.js\u001b[2m:27465:14)\u001b[22m\u001b[2m\u001b[22m\n\u001b[2m      \u001b[2mat performUnitOfWork (\u001b[22m\u001b[2mnode_modules/react-dom/cjs/react-dom.development.js\u001b[2m:26599:12)\u001b[22m\u001b[2m\u001b[22m\n\u001b[2m      \u001b[2mat workLoopSync (\u001b[22m\u001b[2mnode_modules/react-dom/cjs/react-dom.development.js\u001b[2m:26505:5)\u001b[22m\u001b[2m\u001b[22m\n\u001b[2m      \u001b[2mat renderRootSync (\u001b[22m\u001b[2mnode_modules/react-dom/cjs/react-dom.development.js\u001b[2m:26473:7)\u001b[22m\u001b[2m\u001b[22m\n\u001b[2m      \u001b[2mat recoverFromConcurrentError (\u001b[22m\u001b[2mnode_modules/react-dom/cjs/react-dom.development.js\u001b[2m:25889:20)\u001b[22m\u001b[2m\u001b[22m\n\u001b[2m      \u001b[2mat performConcurrentWorkOnRoot (\u001b[22m\u001b[2mnode_modules/react-dom/cjs/react-dom.development.js\u001b[2m:25789:22)\u001b[22m\u001b[2m\u001b[22m\n\u001b[2m      \u001b[2mat flushActQueue (\u001b[22m\u001b[2mnode_modules/react/cjs/react.development.js\u001b[2m:2667:24)\u001b[22m\u001b[2m\u001b[22m\n\u001b[2m      \u001b[2mat act (\u001b[22m\u001b[2mnode_modules/react/cjs/react.development.js\u001b[2m:2582:11)\u001b[22m\u001b[2m\u001b[22m\n\u001b[2m      \u001b[2mat actWithWarning (\u001b[22m\u001b[2mnode_modules/react-dom/cjs/react-dom-test-utils.development.js\u001b[2m:1740:10)\u001b[22m\u001b[2m\u001b[22m\n\u001b[2m      \u001b[2mat \u001b[22m\u001b[2mnode_modules/@testing-library/react/dist/act-compat.js\u001b[2m:63:25\u001b[22m\u001b[2m\u001b[22m\n\u001b[2m      \u001b[2mat renderRoot (\u001b[22m\u001b[2mnode_modules/@testing-library/react/dist/pure.js\u001b[2m:159:26)\u001b[22m\u001b[2m\u001b[22m\n\u001b[2m      \u001b[2mat render (\u001b[22m\u001b[2mnode_modules/@testing-library/react/dist/pure.js\u001b[2m:246:10)\u001b[22m\u001b[2m\u001b[22m\n\u001b[2m      \u001b[2mat mount (\u001b[22m\u001b[2m\u001b[0m\u001b[36msrc/context/WalletContext.test.tsx\u001b[39m\u001b[0m\u001b[2m:29:52)\u001b[22m\u001b[2m\u001b[22m\n\u001b[2m      \u001b[2mat Object.<anonymous> (\u001b[22m\u001b[2m\u001b[0m\u001b[36msrc/context/WalletContext.test.tsx\u001b[39m\u001b[0m\u001b[2m:75:5)\u001b[22m\u001b[2m\u001b[22m\n\u001b[2m      \u001b[2mat TestScheduler.scheduleTests (\u001b[22m\u001b[2mnode_modules/@jest/core/build/TestScheduler.js\u001b[2m:333:13)\u001b[22m\u001b[2m\u001b[22m\n\u001b[2m      \u001b[2mat runJest (\u001b[22m\u001b[2mnode_modules/@jest/core/build/runJest.js\u001b[2m:404:19)\u001b[22m\u001b[2m\u001b[22m\n\u001b[2m      \u001b[2mat _run10000 (\u001b[22m\u001b[2mnode_modules/@jest/core/build/cli/index.js\u001b[2m:320:7)\u001b[22m\u001b[2m\u001b[22m\n\u001b[2m      \u001b[2mat runCLI (\u001b[22m\u001b[2mnode_modules/@jest/core/build/cli/index.js\u001b[2m:173:3)\u001b[22m\u001b[2m\u001b[22m\n\n\u001b[1m\u001b[31m  \u001b[1m● \u001b[22m\u001b[1mWalletContext › concurrent refresh prevents duplicate calls\u001b[39m\u001b[22m\n\n    TypeError: Cannot read properties of undefined (reading '0')\n\u001b[2m\u001b[22m\n\u001b[2m    \u001b[0m \u001b[90m 36 |\u001b[39m   \u001b[36mconst\u001b[39m [currentNetwork\u001b[33m,\u001b[39m setCurrentNetworkState] \u001b[33m=\u001b[39m useState\u001b[33m<\u001b[39m\u001b[33mstring\u001b[39m\u001b[33m>\u001b[39m(() \u001b[33m=>\u001b[39m {\u001b[22m\n\u001b[2m     \u001b[90m 37 |\u001b[39m     \u001b[36mconst\u001b[39m stored \u001b[33m=\u001b[39m safeLocalStorage\u001b[33m.\u001b[39mgetItem(\u001b[32m'current_network'\u001b[39m)\u001b[33m;\u001b[39m\u001b[22m\n\u001b[2m    \u001b[31m\u001b[1m>\u001b[22m\u001b[2m\u001b[39m\u001b[90m 38 |\u001b[39m     \u001b[36mreturn\u001b[39m stored \u001b[33m||\u001b[39m (getAvailableNetworks()[\u001b[35m0\u001b[39m]\u001b[33m?\u001b[39m\u001b[33m.\u001b[39mid \u001b[33m||\u001b[39m \u001b[32m'eth'\u001b[39m)\u001b[33m;\u001b[39m\u001b[22m\n\u001b[2m     \u001b[90m    |\u001b[39m                                             \u001b[31m\u001b[1m^\u001b[22m\u001b[2m\u001b[39m\u001b[22m\n\u001b[2m     \u001b[90m 39 |\u001b[39m   })\u001b[33m;\u001b[39m\u001b[22m\n\u001b[2m     \u001b[90m 40 |\u001b[39m   \u001b[36mconst\u001b[39m setCurrentNetwork \u001b[33m=\u001b[39m (net\u001b[33m:\u001b[39m string) \u001b[33m=>\u001b[39m {\u001b[22m\n\u001b[2m     \u001b[90m 41 |\u001b[39m     setCurrentNetworkState(net)\u001b[33m;\u001b[39m\u001b[0m\u001b[22m\n\u001b[2m\u001b[22m\n\u001b[2m      \u001b[2mat \u001b[22m\u001b[2msrc/context/WalletContext.tsx\u001b[2m:38:45\u001b[22m\u001b[2m\u001b[22m\n\u001b[2m      \u001b[2mat mountState (\u001b[22m\u001b[2mnode_modules/react-dom/cjs/react-dom.development.js\u001b[2m:16167:20)\u001b[22m\u001b[2m\u001b[22m\n\u001b[2m      \u001b[2mat Object.useState (\u001b[22m\u001b[2mnode_modules/react-dom/cjs/react-dom.development.js\u001b[2m:16880:16)\u001b[22m\u001b[2m\u001b[22m\n\u001b[2m      \u001b[2mat useState (\u001b[22m\u001b[2mnode_modules/react/cjs/react.development.js\u001b[2m:1622:21)\u001b[22m\u001b[2m\u001b[22m\n\u001b[2m      \u001b[2mat WalletProvider (\u001b[22m\u001b[2msrc/context/WalletContext.tsx\u001b[2m:36:60)\u001b[22m\u001b[2m\u001b[22m\n\u001b[2m      \u001b[2mat renderWithHooks (\u001b[22m\u001b[2mnode_modules/react-dom/cjs/react-dom.development.js\u001b[2m:15486:18)\u001b[22m\u001b[2m\u001b[22m\n\u001b[2m      \u001b[2mat mountIndeterminateComponent (\u001b[22m\u001b[2mnode_modules/react-dom/cjs/react-dom.development.js\u001b[2m:20103:13)\u001b[22m\u001b[2m\u001b[22m\n\u001b[2m      \u001b[2mat beginWork (\u001b[22m\u001b[2mnode_modules/react-dom/cjs/react-dom.development.js\u001b[2m:21626:16)\u001b[22m\u001b[2m\u001b[22m\n\u001b[2m      \u001b[2mat beginWork$1 (\u001b[22m\u001b[2mnode_modules/react-dom/cjs/react-dom.development.js\u001b[2m:27465:14)\u001b[22m\u001b[2m\u001b[22m\n\u001b[2m      \u001b[2mat performUnitOfWork (\u001b[22m\u001b[2mnode_modules/react-dom/cjs/react-dom.development.js\u001b[2m:26599:12)\u001b[22m\u001b[2m\u001b[22m\n\u001b[2m      \u001b[2mat workLoopSync (\u001b[22m\u001b[2mnode_modules/react-dom/cjs/react-dom.development.js\u001b[2m:26505:5)\u001b[22m\u001b[2m\u001b[22m\n\u001b[2m      \u001b[2mat renderRootSync (\u001b[22m\u001b[2mnode_modules/react-dom/cjs/react-dom.development.js\u001b[2m:26473:7)\u001b[22m\u001b[2m\u001b[22m\n\u001b[2m      \u001b[2mat recoverFromConcurrentError (\u001b[22m\u001b[2mnode_modules/react-dom/cjs/react-dom.development.js\u001b[2m:25889:20)\u001b[22m\u001b[2m\u001b[22m\n\u001b[2m      \u001b[2mat performConcurrentWorkOnRoot (\u001b[22m\u001b[2mnode_modules/react-dom/cjs/react-dom.development.js\u001b[2m:25789:22)\u001b[22m\u001b[2m\u001b[22m\n\u001b[2m      \u001b[2mat flushActQueue (\u001b[22m\u001b[2mnode_modules/react/cjs/react.development.js\u001b[2m:2667:24)\u001b[22m\u001b[2m\u001b[22m\n\u001b[2m      \u001b[2mat act (\u001b[22m\u001b[2mnode_modules/react/cjs/react.development.js\u001b[2m:2582:11)\u001b[22m\u001b[2m\u001b[22m\n\u001b[2m      \u001b[2mat actWithWarning (\u001b[22m\u001b[2mnode_modules/react-dom/cjs/react-dom-test-utils.development.js\u001b[2m:1740:10)\u001b[22m\u001b[2m\u001b[22m\n\u001b[2m      \u001b[2mat \u001b[22m\u001b[2mnode_modules/@testing-library/react/dist/act-compat.js\u001b[2m:63:25\u001b[22m\u001b[2m\u001b[22m\n\u001b[2m      \u001b[2mat renderRoot (\u001b[22m\u001b[2mnode_modules/@testing-library/react/dist/pure.js\u001b[2m:159:26)\u001b[22m\u001b[2m\u001b[22m\n\u001b[2m      \u001b[2mat render (\u001b[22m\u001b[2mnode_modules/@testing-library/react/dist/pure.js\u001b[2m:246:10)\u001b[22m\u001b[2m\u001b[22m\n\u001b[2m      \u001b[2mat mount (\u001b[22m\u001b[2m\u001b[0m\u001b[36msrc/context/WalletContext.test.tsx\u001b[39m\u001b[0m\u001b[2m:29:52)\u001b[22m\u001b[2m\u001b[22m\n\u001b[2m      \u001b[2mat Object.<anonymous> (\u001b[22m\u001b[2m\u001b[0m\u001b[36msrc/context/WalletContext.test.tsx\u001b[39m\u001b[0m\u001b[2m:87:5)\u001b[22m\u001b[2m\u001b[22m\n\u001b[2m      \u001b[2mat TestScheduler.scheduleTests (\u001b[22m\u001b[2mnode_modules/@jest/core/build/TestScheduler.js\u001b[2m:333:13)\u001b[22m\u001b[2m\u001b[22m\n\u001b[2m      \u001b[2mat runJest (\u001b[22m\u001b[2mnode_modules/@jest/core/build/runJest.js\u001b[2m:404:19)\u001b[22m\u001b[2m\u001b[22m\n\u001b[2m      \u001b[2mat _run10000 (\u001b[22m\u001b[2mnode_modules/@jest/core/build/cli/index.js\u001b[2m:320:7)\u001b[22m\u001b[2m\u001b[22m\n\u001b[2m      \u001b[2mat runCLI (\u001b[22m\u001b[2mnode_modules/@jest/core/build/cli/index.js\u001b[2m:173:3)\u001b[22m\u001b[2m\u001b[22m\n\n\u001b[1m\u001b[31m  \u001b[1m● \u001b[22m\u001b[1mWalletContext › storage event updates current wallet and network\u001b[39m\u001b[22m\n\n    TypeError: Cannot read properties of undefined (reading '0')\n\u001b[2m\u001b[22m\n\u001b[2m    \u001b[0m \u001b[90m 36 |\u001b[39m   \u001b[36mconst\u001b[39m [currentNetwork\u001b[33m,\u001b[39m setCurrentNetworkState] \u001b[33m=\u001b[39m useState\u001b[33m<\u001b[39m\u001b[33mstring\u001b[39m\u001b[33m>\u001b[39m(() \u001b[33m=>\u001b[39m {\u001b[22m\n\u001b[2m     \u001b[90m 37 |\u001b[39m     \u001b[36mconst\u001b[39m stored \u001b[33m=\u001b[39m safeLocalStorage\u001b[33m.\u001b[39mgetItem(\u001b[32m'current_network'\u001b[39m)\u001b[33m;\u001b[39m\u001b[22m\n\u001b[2m    \u001b[31m\u001b[1m>\u001b[22m\u001b[2m\u001b[39m\u001b[90m 38 |\u001b[39m     \u001b[36mreturn\u001b[39m stored \u001b[33m||\u001b[39m (getAvailableNetworks()[\u001b[35m0\u001b[39m]\u001b[33m?\u001b[39m\u001b[33m.\u001b[39mid \u001b[33m||\u001b[39m \u001b[32m'eth'\u001b[39m)\u001b[33m;\u001b[39m\u001b[22m\n\u001b[2m     \u001b[90m    |\u001b[39m                                             \u001b[31m\u001b[1m^\u001b[22m\u001b[2m\u001b[39m\u001b[22m\n\u001b[2m     \u001b[90m 39 |\u001b[39m   })\u001b[33m;\u001b[39m\u001b[22m\n\u001b[2m     \u001b[90m 40 |\u001b[39m   \u001b[36mconst\u001b[39m setCurrentNetwork \u001b[33m=\u001b[39m (net\u001b[33m:\u001b[39m string) \u001b[33m=>\u001b[39m {\u001b[22m\n\u001b[2m     \u001b[90m 41 |\u001b[39m     setCurrentNetworkState(net)\u001b[33m;\u001b[39m\u001b[0m\u001b[22m\n\u001b[2m\u001b[22m\n\u001b[2m      \u001b[2mat \u001b[22m\u001b[2msrc/context/WalletContext.tsx\u001b[2m:38:45\u001b[22m\u001b[2m\u001b[22m\n\u001b[2m      \u001b[2mat mountState (\u001b[22m\u001b[2mnode_modules/react-dom/cjs/react-dom.development.js\u001b[2m:16167:20)\u001b[22m\u001b[2m\u001b[22m\n\u001b[2m      \u001b[2mat Object.useState (\u001b[22m\u001b[2mnode_modules/react-dom/cjs/react-dom.development.js\u001b[2m:16880:16)\u001b[22m\u001b[2m\u001b[22m\n\u001b[2m      \u001b[2mat useState (\u001b[22m\u001b[2mnode_modules/react/cjs/react.development.js\u001b[2m:1622:21)\u001b[22m\u001b[2m\u001b[22m\n\u001b[2m      \u001b[2mat WalletProvider (\u001b[22m\u001b[2msrc/context/WalletContext.tsx\u001b[2m:36:60)\u001b[22m\u001b[2m\u001b[22m\n\u001b[2m      \u001b[2mat renderWithHooks (\u001b[22m\u001b[2mnode_modules/react-dom/cjs/react-dom.development.js\u001b[2m:15486:18)\u001b[22m\u001b[2m\u001b[22m\n\u001b[2m      \u001b[2mat mountIndeterminateComponent (\u001b[22m\u001b[2mnode_modules/react-dom/cjs/react-dom.development.js\u001b[2m:20103:13)\u001b[22m\u001b[2m\u001b[22m\n\u001b[2m      \u001b[2mat beginWork (\u001b[22m\u001b[2mnode_modules/react-dom/cjs/react-dom.development.js\u001b[2m:21626:16)\u001b[22m\u001b[2m\u001b[22m\n\u001b[2m      \u001b[2mat beginWork$1 (\u001b[22m\u001b[2mnode_modules/react-dom/cjs/react-dom.development.js\u001b[2m:27465:14)\u001b[22m\u001b[2m\u001b[22m\n\u001b[2m      \u001b[2mat performUnitOfWork (\u001b[22m\u001b[2mnode_modules/react-dom/cjs/react-dom.development.js\u001b[2m:26599:12)\u001b[22m\u001b[2m\u001b[22m\n\u001b[2m      \u001b[2mat workLoopSync (\u001b[22m\u001b[2mnode_modules/react-dom/cjs/react-dom.development.js\u001b[2m:26505:5)\u001b[22m\u001b[2m\u001b[22m\n\u001b[2m      \u001b[2mat renderRootSync (\u001b[22m\u001b[2mnode_modules/react-dom/cjs/react-dom.development.js\u001b[2m:26473:7)\u001b[22m\u001b[2m\u001b[22m\n\u001b[2m      \u001b[2mat recoverFromConcurrentError (\u001b[22m\u001b[2mnode_modules/react-dom/cjs/react-dom.development.js\u001b[2m:25889:20)\u001b[22m\u001b[2m\u001b[22m\n\u001b[2m      \u001b[2mat performConcurrentWorkOnRoot (\u001b[22m\u001b[2mnode_modules/react-dom/cjs/react-dom.development.js\u001b[2m:25789:22)\u001b[22m\u001b[2m\u001b[22m\n\u001b[2m      \u001b[2mat flushActQueue (\u001b[22m\u001b[2mnode_modules/react/cjs/react.development.js\u001b[2m:2667:24)\u001b[22m\u001b[2m\u001b[22m\n\u001b[2m      \u001b[2mat act (\u001b[22m\u001b[2mnode_modules/react/cjs/react.development.js\u001b[2m:2582:11)\u001b[22m\u001b[2m\u001b[22m\n\u001b[2m      \u001b[2mat actWithWarning (\u001b[22m\u001b[2mnode_modules/react-dom/cjs/react-dom-test-utils.development.js\u001b[2m:1740:10)\u001b[22m\u001b[2m\u001b[22m\n\u001b[2m      \u001b[2mat \u001b[22m\u001b[2mnode_modules/@testing-library/react/dist/act-compat.js\u001b[2m:63:25\u001b[22m\u001b[2m\u001b[22m\n\u001b[2m      \u001b[2mat renderRoot (\u001b[22m\u001b[2mnode_modules/@testing-library/react/dist/pure.js\u001b[2m:159:26)\u001b[22m\u001b[2m\u001b[22m\n\u001b[2m      \u001b[2mat render (\u001b[22m\u001b[2mnode_modules/@testing-library/react/dist/pure.js\u001b[2m:246:10)\u001b[22m\u001b[2m\u001b[22m\n\u001b[2m      \u001b[2mat mount (\u001b[22m\u001b[2m\u001b[0m\u001b[36msrc/context/WalletContext.test.tsx\u001b[39m\u001b[0m\u001b[2m:29:52)\u001b[22m\u001b[2m\u001b[22m\n\u001b[2m      \u001b[2mat Object.<anonymous> (\u001b[22m\u001b[2m\u001b[0m\u001b[36msrc/context/WalletContext.test.tsx\u001b[39m\u001b[0m\u001b[2m:99:5)\u001b[22m\u001b[2m\u001b[22m\n\u001b[2m      \u001b[2mat TestScheduler.scheduleTests (\u001b[22m\u001b[2mnode_modules/@jest/core/build/TestScheduler.js\u001b[2m:333:13)\u001b[22m\u001b[2m\u001b[22m\n\u001b[2m      \u001b[2mat runJest (\u001b[22m\u001b[2mnode_modules/@jest/core/build/runJest.js\u001b[2m:404:19)\u001b[22m\u001b[2m\u001b[22m\n\u001b[2m      \u001b[2mat _run10000 (\u001b[22m\u001b[2mnode_modules/@jest/core/build/cli/index.js\u001b[2m:320:7)\u001b[22m\u001b[2m\u001b[22m\n\u001b[2m      \u001b[2mat runCLI (\u001b[22m\u001b[2mnode_modules/@jest/core/build/cli/index.js\u001b[2m:173:3)\u001b[22m\u001b[2m\u001b[22m\n","name":"C:\\Users\\plant\\Desktop\\Rust区块链\\Wallet front-end\\blockchain-wallet-ui\\src\\context\\WalletContext.test.tsx","startTime":1761547416621,"status":"failed","summary":""}],"wasInterrupted":false}