{"numFailedTestSuites":3,"numFailedTests":3,"numPassedTestSuites":12,"numPassedTests":45,"numPendingTestSuites":0,"numPendingTests":0,"numRuntimeErrorTestSuites":0,"numTodoTests":0,"numTotalTestSuites":15,"numTotalTests":48,"openHandles":[],"snapshot":{"added":0,"didUpdate":false,"failure":false,"filesAdded":0,"filesRemoved":0,"filesRemovedList":[],"filesUnmatched":0,"filesUpdated":0,"matched":0,"total":0,"unchecked":0,"uncheckedKeysByFile":[],"unmatched":0,"updated":0},"startTime":1761551110721,"success":false,"testResults":[{"assertionResults":[{"ancestorTitles":["SettingsPage"],"failureMessages":["TypeError: Cannot read properties of undefined (reading 'length')\n    at C:\\Users\\plant\\Desktop\\Rust区块链\\Wallet front-end\\blockchain-wallet-ui\\src\\context\\WalletContext.tsx:80:40\n    at basicStateReducer (C:\\Users\\plant\\Desktop\\Rust区块链\\Wallet front-end\\blockchain-wallet-ui\\node_modules\\react-dom\\cjs\\react-dom.development.js:15721:41)\n    at updateReducer (C:\\Users\\plant\\Desktop\\Rust区块链\\Wallet front-end\\blockchain-wallet-ui\\node_modules\\react-dom\\cjs\\react-dom.development.js:15845:22)\n    at updateState (C:\\Users\\plant\\Desktop\\Rust区块链\\Wallet front-end\\blockchain-wallet-ui\\node_modules\\react-dom\\cjs\\react-dom.development.js:16185:10)\n    at Object.useState (C:\\Users\\plant\\Desktop\\Rust区块链\\Wallet front-end\\blockchain-wallet-ui\\node_modules\\react-dom\\cjs\\react-dom.development.js:17096:16)\n    at useState (C:\\Users\\plant\\Desktop\\Rust区块链\\Wallet front-end\\blockchain-wallet-ui\\node_modules\\react\\cjs\\react.development.js:1622:21)\n    at WalletProvider (C:\\Users\\plant\\Desktop\\Rust区块链\\Wallet front-end\\blockchain-wallet-ui\\src\\context\\WalletContext.tsx:23:58)\n    at renderWithHooks (C:\\Users\\plant\\Desktop\\Rust区块链\\Wallet front-end\\blockchain-wallet-ui\\node_modules\\react-dom\\cjs\\react-dom.development.js:15486:18)\n    at updateFunctionComponent (C:\\Users\\plant\\Desktop\\Rust区块链\\Wallet front-end\\blockchain-wallet-ui\\node_modules\\react-dom\\cjs\\react-dom.development.js:19617:20)\n    at beginWork (C:\\Users\\plant\\Desktop\\Rust区块链\\Wallet front-end\\blockchain-wallet-ui\\node_modules\\react-dom\\cjs\\react-dom.development.js:21640:16)\n    at beginWork$1 (C:\\Users\\plant\\Desktop\\Rust区块链\\Wallet front-end\\blockchain-wallet-ui\\node_modules\\react-dom\\cjs\\react-dom.development.js:27465:14)\n    at performUnitOfWork (C:\\Users\\plant\\Desktop\\Rust区块链\\Wallet front-end\\blockchain-wallet-ui\\node_modules\\react-dom\\cjs\\react-dom.development.js:26599:12)\n    at workLoopSync (C:\\Users\\plant\\Desktop\\Rust区块链\\Wallet front-end\\blockchain-wallet-ui\\node_modules\\react-dom\\cjs\\react-dom.development.js:26505:5)\n    at renderRootSync (C:\\Users\\plant\\Desktop\\Rust区块链\\Wallet front-end\\blockchain-wallet-ui\\node_modules\\react-dom\\cjs\\react-dom.development.js:26473:7)\n    at recoverFromConcurrentError (C:\\Users\\plant\\Desktop\\Rust区块链\\Wallet front-end\\blockchain-wallet-ui\\node_modules\\react-dom\\cjs\\react-dom.development.js:25889:20)\n    at performConcurrentWorkOnRoot (C:\\Users\\plant\\Desktop\\Rust区块链\\Wallet front-end\\blockchain-wallet-ui\\node_modules\\react-dom\\cjs\\react-dom.development.js:25789:22)\n    at flushActQueue (C:\\Users\\plant\\Desktop\\Rust区块链\\Wallet front-end\\blockchain-wallet-ui\\node_modules\\react\\cjs\\react.development.js:2667:24)\n    at recursivelyFlushAsyncActWork (C:\\Users\\plant\\Desktop\\Rust区块链\\Wallet front-end\\blockchain-wallet-ui\\node_modules\\react\\cjs\\react.development.js:2633:9)\n    at C:\\Users\\plant\\Desktop\\Rust区块链\\Wallet front-end\\blockchain-wallet-ui\\node_modules\\react\\cjs\\react.development.js:2545:15\n    at processTicksAndRejections (node:internal/process/task_queues:105:5)"],"fullName":"SettingsPage saves API config and tests connectivity","location":null,"status":"failed","title":"saves API config and tests connectivity"}],"endTime":1761551115509,"message":"\u001b[1m\u001b[31m  \u001b[1m● \u001b[22m\u001b[1mSettingsPage › saves API config and tests connectivity\u001b[39m\u001b[22m\n\n    TypeError: Cannot read properties of undefined (reading 'length')\n\u001b[2m\u001b[22m\n\u001b[2m    \u001b[0m \u001b[90m 78 |\u001b[39m       setCurrentWalletState(prevCurrentWallet \u001b[33m=>\u001b[39m {\u001b[22m\n\u001b[2m     \u001b[90m 79 |\u001b[39m         \u001b[90m// 如果没有当前钱包但列表有项，默认选第一个\u001b[39m\u001b[22m\n\u001b[2m    \u001b[31m\u001b[1m>\u001b[22m\u001b[2m\u001b[39m\u001b[90m 80 |\u001b[39m         \u001b[36mif\u001b[39m (\u001b[33m!\u001b[39mprevCurrentWallet \u001b[33m&&\u001b[39m data\u001b[33m.\u001b[39mlength \u001b[33m>\u001b[39m \u001b[35m0\u001b[39m) {\u001b[22m\n\u001b[2m     \u001b[90m    |\u001b[39m                                        \u001b[31m\u001b[1m^\u001b[22m\u001b[2m\u001b[39m\u001b[22m\n\u001b[2m     \u001b[90m 81 |\u001b[39m           \u001b[36mconst\u001b[39m defaultWallet \u001b[33m=\u001b[39m data[\u001b[35m0\u001b[39m]\u001b[33m.\u001b[39mname\u001b[33m;\u001b[39m\u001b[22m\n\u001b[2m     \u001b[90m 82 |\u001b[39m           safeLocalStorage\u001b[33m.\u001b[39msetItem(\u001b[32m'current_wallet'\u001b[39m\u001b[33m,\u001b[39m defaultWallet)\u001b[33m;\u001b[39m\u001b[22m\n\u001b[2m     \u001b[90m 83 |\u001b[39m           \u001b[36mreturn\u001b[39m defaultWallet\u001b[33m;\u001b[39m\u001b[0m\u001b[22m\n\u001b[2m\u001b[22m\n\u001b[2m      \u001b[2mat \u001b[22m\u001b[2msrc/context/WalletContext.tsx\u001b[2m:80:40\u001b[22m\u001b[2m\u001b[22m\n\u001b[2m      \u001b[2mat basicStateReducer (\u001b[22m\u001b[2mnode_modules/react-dom/cjs/react-dom.development.js\u001b[2m:15721:41)\u001b[22m\u001b[2m\u001b[22m\n\u001b[2m      \u001b[2mat updateReducer (\u001b[22m\u001b[2mnode_modules/react-dom/cjs/react-dom.development.js\u001b[2m:15845:22)\u001b[22m\u001b[2m\u001b[22m\n\u001b[2m      \u001b[2mat updateState (\u001b[22m\u001b[2mnode_modules/react-dom/cjs/react-dom.development.js\u001b[2m:16185:10)\u001b[22m\u001b[2m\u001b[22m\n\u001b[2m      \u001b[2mat Object.useState (\u001b[22m\u001b[2mnode_modules/react-dom/cjs/react-dom.development.js\u001b[2m:17096:16)\u001b[22m\u001b[2m\u001b[22m\n\u001b[2m      \u001b[2mat useState (\u001b[22m\u001b[2mnode_modules/react/cjs/react.development.js\u001b[2m:1622:21)\u001b[22m\u001b[2m\u001b[22m\n\u001b[2m      \u001b[2mat WalletProvider (\u001b[22m\u001b[2msrc/context/WalletContext.tsx\u001b[2m:23:58)\u001b[22m\u001b[2m\u001b[22m\n\u001b[2m      \u001b[2mat renderWithHooks (\u001b[22m\u001b[2mnode_modules/react-dom/cjs/react-dom.development.js\u001b[2m:15486:18)\u001b[22m\u001b[2m\u001b[22m\n\u001b[2m      \u001b[2mat updateFunctionComponent (\u001b[22m\u001b[2mnode_modules/react-dom/cjs/react-dom.development.js\u001b[2m:19617:20)\u001b[22m\u001b[2m\u001b[22m\n\u001b[2m      \u001b[2mat beginWork (\u001b[22m\u001b[2mnode_modules/react-dom/cjs/react-dom.development.js\u001b[2m:21640:16)\u001b[22m\u001b[2m\u001b[22m\n\u001b[2m      \u001b[2mat beginWork$1 (\u001b[22m\u001b[2mnode_modules/react-dom/cjs/react-dom.development.js\u001b[2m:27465:14)\u001b[22m\u001b[2m\u001b[22m\n\u001b[2m      \u001b[2mat performUnitOfWork (\u001b[22m\u001b[2mnode_modules/react-dom/cjs/react-dom.development.js\u001b[2m:26599:12)\u001b[22m\u001b[2m\u001b[22m\n\u001b[2m      \u001b[2mat workLoopSync (\u001b[22m\u001b[2mnode_modules/react-dom/cjs/react-dom.development.js\u001b[2m:26505:5)\u001b[22m\u001b[2m\u001b[22m\n\u001b[2m      \u001b[2mat renderRootSync (\u001b[22m\u001b[2mnode_modules/react-dom/cjs/react-dom.development.js\u001b[2m:26473:7)\u001b[22m\u001b[2m\u001b[22m\n\u001b[2m      \u001b[2mat recoverFromConcurrentError (\u001b[22m\u001b[2mnode_modules/react-dom/cjs/react-dom.development.js\u001b[2m:25889:20)\u001b[22m\u001b[2m\u001b[22m\n\u001b[2m      \u001b[2mat performConcurrentWorkOnRoot (\u001b[22m\u001b[2mnode_modules/react-dom/cjs/react-dom.development.js\u001b[2m:25789:22)\u001b[22m\u001b[2m\u001b[22m\n\u001b[2m      \u001b[2mat flushActQueue (\u001b[22m\u001b[2mnode_modules/react/cjs/react.development.js\u001b[2m:2667:24)\u001b[22m\u001b[2m\u001b[22m\n\u001b[2m      \u001b[2mat recursivelyFlushAsyncActWork (\u001b[22m\u001b[2mnode_modules/react/cjs/react.development.js\u001b[2m:2633:9)\u001b[22m\u001b[2m\u001b[22m\n\u001b[2m      \u001b[2mat \u001b[22m\u001b[2mnode_modules/react/cjs/react.development.js\u001b[2m:2545:15\u001b[22m\u001b[2m\u001b[22m\n","name":"C:\\Users\\plant\\Desktop\\Rust区块链\\Wallet front-end\\blockchain-wallet-ui\\src\\pages\\SettingsPage\\SettingsPage.test.tsx","startTime":1761551112050,"status":"failed","summary":""},{"assertionResults":[{"ancestorTitles":["BridgePage"],"failureMessages":[],"fullName":"BridgePage submits valid bridge request and shows success","location":null,"status":"passed","title":"submits valid bridge request and shows success"}],"endTime":1761551115966,"message":"","name":"C:\\Users\\plant\\Desktop\\Rust区块链\\Wallet front-end\\blockchain-wallet-ui\\src\\pages\\BridgePage\\BridgePage.test.tsx","startTime":1761551112012,"status":"passed","summary":""},{"assertionResults":[{"ancestorTitles":["HistoryPage"],"failureMessages":[],"fullName":"HistoryPage loads history, refreshes and exports CSV","location":null,"status":"passed","title":"loads history, refreshes and exports CSV"}],"endTime":1761551116131,"message":"","name":"C:\\Users\\plant\\Desktop\\Rust区块链\\Wallet front-end\\blockchain-wallet-ui\\src\\pages\\HistoryPage\\HistoryPage.test.tsx","startTime":1761551112005,"status":"passed","summary":""},{"assertionResults":[{"ancestorTitles":["HistoryTimelineItem"],"failureMessages":[],"fullName":"HistoryTimelineItem renders timestamp, amount with network symbol and status","location":null,"status":"passed","title":"renders timestamp, amount with network symbol and status"},{"ancestorTitles":["HistoryTimelineItem"],"failureMessages":[],"fullName":"HistoryTimelineItem shortened ids and addresses are shown","location":null,"status":"passed","title":"shortened ids and addresses are shown"},{"ancestorTitles":["HistoryTimelineItem"],"failureMessages":[],"fullName":"HistoryTimelineItem copy buttons call clipboard.writeText with correct values","location":null,"status":"passed","title":"copy buttons call clipboard.writeText with correct values"},{"ancestorTitles":["HistoryTimelineItem"],"failureMessages":[],"fullName":"HistoryTimelineItem external links point to correct explorer URLs","location":null,"status":"passed","title":"external links point to correct explorer URLs"}],"endTime":1761551116511,"message":"","name":"C:\\Users\\plant\\Desktop\\Rust区块链\\Wallet front-end\\blockchain-wallet-ui\\src\\pages\\HistoryPage\\HistoryTimelineItem.test.tsx","startTime":1761551115582,"status":"passed","summary":""},{"assertionResults":[{"ancestorTitles":["HistoryToolbar"],"failureMessages":[],"fullName":"HistoryToolbar clicking Export CSV triggers handler","location":null,"status":"passed","title":"clicking Export CSV triggers handler"}],"endTime":1761551116633,"message":"","name":"C:\\Users\\plant\\Desktop\\Rust区块链\\Wallet front-end\\blockchain-wallet-ui\\src\\pages\\HistoryPage\\HistoryToolbar.test.tsx","startTime":1761551115996,"status":"passed","summary":""},{"assertionResults":[{"ancestorTitles":["services/api - mock backend"],"failureMessages":[],"fullName":"services/api - mock backend listWallets returns default demo wallet and persists","location":null,"status":"passed","title":"listWallets returns default demo wallet and persists"},{"ancestorTitles":["services/api - mock backend"],"failureMessages":[],"fullName":"services/api - mock backend create/delete wallet flow updates storage","location":null,"status":"passed","title":"create/delete wallet flow updates storage"},{"ancestorTitles":["services/api - mock backend"],"failureMessages":[],"fullName":"services/api - mock backend getBalance returns numeric balance and currency","location":null,"status":"passed","title":"getBalance returns numeric balance and currency"},{"ancestorTitles":["services/api - mock backend"],"failureMessages":[],"fullName":"services/api - mock backend system healthCheck returns ok","location":null,"status":"passed","title":"system healthCheck returns ok"},{"ancestorTitles":["services/api - mock backend"],"failureMessages":[],"fullName":"services/api - mock backend system ping returns true in mock","location":null,"status":"passed","title":"system ping returns true in mock"},{"ancestorTitles":["services/api - real backend"],"failureMessages":[],"fullName":"services/api - real backend listWallets via axios with retry","location":null,"status":"passed","title":"listWallets via axios with retry"},{"ancestorTitles":["services/api - real backend"],"failureMessages":[],"fullName":"services/api - real backend create/delete wallet call axios","location":null,"status":"passed","title":"create/delete wallet call axios"},{"ancestorTitles":["services/api - real backend"],"failureMessages":[],"fullName":"services/api - real backend getBalance and history","location":null,"status":"passed","title":"getBalance and history"},{"ancestorTitles":["services/api - real backend"],"failureMessages":[],"fullName":"services/api - real backend sendTransaction calls axios.post with params","location":null,"status":"passed","title":"sendTransaction calls axios.post with params"},{"ancestorTitles":["services/api - real backend"],"failureMessages":[],"fullName":"services/api - real backend systemService.ping success and failure","location":null,"status":"passed","title":"systemService.ping success and failure"},{"ancestorTitles":["services/api - real backend"],"failureMessages":[],"fullName":"services/api - real backend systemService.healthCheck aborts when signal aborted","location":null,"status":"passed","title":"systemService.healthCheck aborts when signal aborted"},{"ancestorTitles":["services/api - real backend"],"failureMessages":[],"fullName":"services/api - real backend apiRuntime set/get config","location":null,"status":"passed","title":"apiRuntime set/get config"}],"endTime":1761551116767,"message":"","name":"C:\\Users\\plant\\Desktop\\Rust区块链\\Wallet front-end\\blockchain-wallet-ui\\src\\services\\api.test.ts","startTime":1761551116657,"status":"passed","summary":""},{"assertionResults":[{"ancestorTitles":["SendPage performance"],"failureMessages":[],"fullName":"SendPage performance prevents duplicate submissions and shows success","location":null,"status":"passed","title":"prevents duplicate submissions and shows success"},{"ancestorTitles":["SendPage performance"],"failureMessages":[],"fullName":"SendPage performance validates form inputs","location":null,"status":"passed","title":"validates form inputs"}],"endTime":1761551116915,"message":"","name":"C:\\Users\\plant\\Desktop\\Rust区块链\\Wallet front-end\\blockchain-wallet-ui\\src\\pages\\SendPage\\SendPage.test.tsx","startTime":1761551112036,"status":"passed","summary":""},{"assertionResults":[{"ancestorTitles":["SendPage performance"],"failureMessages":[],"fullName":"SendPage performance send flow completes under threshold","location":null,"status":"passed","title":"send flow completes under threshold"}],"endTime":1761551117007,"message":"","name":"C:\\Users\\plant\\Desktop\\Rust区块链\\Wallet front-end\\blockchain-wallet-ui\\src\\pages\\SendPage\\SendPage.perf.test.tsx","startTime":1761551112004,"status":"passed","summary":""},{"assertionResults":[{"ancestorTitles":["WalletContext"],"failureMessages":[],"fullName":"WalletContext setCurrentWallet saves and removes localStorage","location":null,"status":"passed","title":"setCurrentWallet saves and removes localStorage"},{"ancestorTitles":["WalletContext"],"failureMessages":[],"fullName":"WalletContext ensureValidNetwork resets to first available when invalid","location":null,"status":"passed","title":"ensureValidNetwork resets to first available when invalid"},{"ancestorTitles":["WalletContext"],"failureMessages":[],"fullName":"WalletContext refreshWallets sets wallets and default currentWallet","location":null,"status":"passed","title":"refreshWallets sets wallets and default currentWallet"},{"ancestorTitles":["WalletContext"],"failureMessages":[],"fullName":"WalletContext refreshWallets error is warned once","location":null,"status":"passed","title":"refreshWallets error is warned once"},{"ancestorTitles":["WalletContext"],"failureMessages":[],"fullName":"WalletContext concurrent refresh prevents duplicate calls","location":null,"status":"passed","title":"concurrent refresh prevents duplicate calls"},{"ancestorTitles":["WalletContext"],"failureMessages":[],"fullName":"WalletContext storage event updates current wallet and network","location":null,"status":"passed","title":"storage event updates current wallet and network"},{"ancestorTitles":["WalletContext"],"failureMessages":[],"fullName":"WalletContext useWalletContext outside provider throws","location":null,"status":"passed","title":"useWalletContext outside provider throws"}],"endTime":1761551117167,"message":"","name":"C:\\Users\\plant\\Desktop\\Rust区块链\\Wallet front-end\\blockchain-wallet-ui\\src\\context\\WalletContext.test.tsx","startTime":1761551116567,"status":"passed","summary":""},{"assertionResults":[{"ancestorTitles":["useApiConfig"],"failureMessages":[],"fullName":"useApiConfig saveConfig rejects invalid URL","location":null,"status":"passed","title":"saveConfig rejects invalid URL"},{"ancestorTitles":["useApiConfig"],"failureMessages":[],"fullName":"useApiConfig saveConfig rejects short apiKey","location":null,"status":"passed","title":"saveConfig rejects short apiKey"},{"ancestorTitles":["useApiConfig"],"failureMessages":[],"fullName":"useApiConfig saveConfig succeeds and persists keys","location":null,"status":"passed","title":"saveConfig succeeds and persists keys"},{"ancestorTitles":["useApiConfig"],"failureMessages":[],"fullName":"useApiConfig testConnectivity invalid URL","location":null,"status":"passed","title":"testConnectivity invalid URL"},{"ancestorTitles":["useApiConfig"],"failureMessages":[],"fullName":"useApiConfig testConnectivity success","location":null,"status":"passed","title":"testConnectivity success"},{"ancestorTitles":["useApiConfig"],"failureMessages":[],"fullName":"useApiConfig testConnectivity failure","location":null,"status":"passed","title":"testConnectivity failure"},{"ancestorTitles":["useApiConfig"],"failureMessages":[],"fullName":"useApiConfig testConnectivity throws","location":null,"status":"passed","title":"testConnectivity throws"},{"ancestorTitles":["useApiConfig"],"failureMessages":[],"fullName":"useApiConfig debounce prevents duplicate calls","location":null,"status":"passed","title":"debounce prevents duplicate calls"},{"ancestorTitles":["useApiConfig"],"failureMessages":[],"fullName":"useApiConfig clearSensitive clears keys and resets apiKey","location":null,"status":"passed","title":"clearSensitive clears keys and resets apiKey"}],"endTime":1761551117177,"message":"","name":"C:\\Users\\plant\\Desktop\\Rust区块链\\Wallet front-end\\blockchain-wallet-ui\\src\\hooks\\useApiConfig.test.tsx","startTime":1761551116234,"status":"passed","summary":""},{"assertionResults":[{"ancestorTitles":["App navigation and menu buttons"],"failureMessages":["TypeError: Cannot read properties of undefined (reading 'length')\n    at C:\\Users\\plant\\Desktop\\Rust区块链\\Wallet front-end\\blockchain-wallet-ui\\src\\context\\WalletContext.tsx:80:40\n    at basicStateReducer (C:\\Users\\plant\\Desktop\\Rust区块链\\Wallet front-end\\blockchain-wallet-ui\\node_modules\\react-dom\\cjs\\react-dom.development.js:15721:41)\n    at updateReducer (C:\\Users\\plant\\Desktop\\Rust区块链\\Wallet front-end\\blockchain-wallet-ui\\node_modules\\react-dom\\cjs\\react-dom.development.js:15845:22)\n    at updateState (C:\\Users\\plant\\Desktop\\Rust区块链\\Wallet front-end\\blockchain-wallet-ui\\node_modules\\react-dom\\cjs\\react-dom.development.js:16185:10)\n    at Object.useState (C:\\Users\\plant\\Desktop\\Rust区块链\\Wallet front-end\\blockchain-wallet-ui\\node_modules\\react-dom\\cjs\\react-dom.development.js:17096:16)\n    at useState (C:\\Users\\plant\\Desktop\\Rust区块链\\Wallet front-end\\blockchain-wallet-ui\\node_modules\\react\\cjs\\react.development.js:1622:21)\n    at WalletProvider (C:\\Users\\plant\\Desktop\\Rust区块链\\Wallet front-end\\blockchain-wallet-ui\\src\\context\\WalletContext.tsx:23:58)\n    at renderWithHooks (C:\\Users\\plant\\Desktop\\Rust区块链\\Wallet front-end\\blockchain-wallet-ui\\node_modules\\react-dom\\cjs\\react-dom.development.js:15486:18)\n    at updateFunctionComponent (C:\\Users\\plant\\Desktop\\Rust区块链\\Wallet front-end\\blockchain-wallet-ui\\node_modules\\react-dom\\cjs\\react-dom.development.js:19617:20)\n    at beginWork (C:\\Users\\plant\\Desktop\\Rust区块链\\Wallet front-end\\blockchain-wallet-ui\\node_modules\\react-dom\\cjs\\react-dom.development.js:21640:16)\n    at beginWork$1 (C:\\Users\\plant\\Desktop\\Rust区块链\\Wallet front-end\\blockchain-wallet-ui\\node_modules\\react-dom\\cjs\\react-dom.development.js:27465:14)\n    at performUnitOfWork (C:\\Users\\plant\\Desktop\\Rust区块链\\Wallet front-end\\blockchain-wallet-ui\\node_modules\\react-dom\\cjs\\react-dom.development.js:26599:12)\n    at workLoopSync (C:\\Users\\plant\\Desktop\\Rust区块链\\Wallet front-end\\blockchain-wallet-ui\\node_modules\\react-dom\\cjs\\react-dom.development.js:26505:5)\n    at renderRootSync (C:\\Users\\plant\\Desktop\\Rust区块链\\Wallet front-end\\blockchain-wallet-ui\\node_modules\\react-dom\\cjs\\react-dom.development.js:26473:7)\n    at recoverFromConcurrentError (C:\\Users\\plant\\Desktop\\Rust区块链\\Wallet front-end\\blockchain-wallet-ui\\node_modules\\react-dom\\cjs\\react-dom.development.js:25889:20)\n    at performConcurrentWorkOnRoot (C:\\Users\\plant\\Desktop\\Rust区块链\\Wallet front-end\\blockchain-wallet-ui\\node_modules\\react-dom\\cjs\\react-dom.development.js:25789:22)\n    at flushActQueue (C:\\Users\\plant\\Desktop\\Rust区块链\\Wallet front-end\\blockchain-wallet-ui\\node_modules\\react\\cjs\\react.development.js:2667:24)\n    at recursivelyFlushAsyncActWork (C:\\Users\\plant\\Desktop\\Rust区块链\\Wallet front-end\\blockchain-wallet-ui\\node_modules\\react\\cjs\\react.development.js:2633:9)\n    at Immediate.<anonymous> (C:\\Users\\plant\\Desktop\\Rust区块链\\Wallet front-end\\blockchain-wallet-ui\\node_modules\\react\\cjs\\react.development.js:2641:13)\n    at processImmediate (node:internal/timers:491:21)"],"fullName":"App navigation and menu buttons navigates via side menu to pages","location":null,"status":"failed","title":"navigates via side menu to pages"}],"endTime":1761551126721,"message":"\u001b[1m\u001b[31m  \u001b[1m● \u001b[22m\u001b[1mApp navigation and menu buttons › navigates via side menu to pages\u001b[39m\u001b[22m\n\n    TypeError: Cannot read properties of undefined (reading 'length')\n\u001b[2m\u001b[22m\n\u001b[2m    \u001b[0m \u001b[90m 78 |\u001b[39m       setCurrentWalletState(prevCurrentWallet \u001b[33m=>\u001b[39m {\u001b[22m\n\u001b[2m     \u001b[90m 79 |\u001b[39m         \u001b[90m// 如果没有当前钱包但列表有项，默认选第一个\u001b[39m\u001b[22m\n\u001b[2m    \u001b[31m\u001b[1m>\u001b[22m\u001b[2m\u001b[39m\u001b[90m 80 |\u001b[39m         \u001b[36mif\u001b[39m (\u001b[33m!\u001b[39mprevCurrentWallet \u001b[33m&&\u001b[39m data\u001b[33m.\u001b[39mlength \u001b[33m>\u001b[39m \u001b[35m0\u001b[39m) {\u001b[22m\n\u001b[2m     \u001b[90m    |\u001b[39m                                        \u001b[31m\u001b[1m^\u001b[22m\u001b[2m\u001b[39m\u001b[22m\n\u001b[2m     \u001b[90m 81 |\u001b[39m           \u001b[36mconst\u001b[39m defaultWallet \u001b[33m=\u001b[39m data[\u001b[35m0\u001b[39m]\u001b[33m.\u001b[39mname\u001b[33m;\u001b[39m\u001b[22m\n\u001b[2m     \u001b[90m 82 |\u001b[39m           safeLocalStorage\u001b[33m.\u001b[39msetItem(\u001b[32m'current_wallet'\u001b[39m\u001b[33m,\u001b[39m defaultWallet)\u001b[33m;\u001b[39m\u001b[22m\n\u001b[2m     \u001b[90m 83 |\u001b[39m           \u001b[36mreturn\u001b[39m defaultWallet\u001b[33m;\u001b[39m\u001b[0m\u001b[22m\n\u001b[2m\u001b[22m\n\u001b[2m      \u001b[2mat \u001b[22m\u001b[2msrc/context/WalletContext.tsx\u001b[2m:80:40\u001b[22m\u001b[2m\u001b[22m\n\u001b[2m      \u001b[2mat basicStateReducer (\u001b[22m\u001b[2mnode_modules/react-dom/cjs/react-dom.development.js\u001b[2m:15721:41)\u001b[22m\u001b[2m\u001b[22m\n\u001b[2m      \u001b[2mat updateReducer (\u001b[22m\u001b[2mnode_modules/react-dom/cjs/react-dom.development.js\u001b[2m:15845:22)\u001b[22m\u001b[2m\u001b[22m\n\u001b[2m      \u001b[2mat updateState (\u001b[22m\u001b[2mnode_modules/react-dom/cjs/react-dom.development.js\u001b[2m:16185:10)\u001b[22m\u001b[2m\u001b[22m\n\u001b[2m      \u001b[2mat Object.useState (\u001b[22m\u001b[2mnode_modules/react-dom/cjs/react-dom.development.js\u001b[2m:17096:16)\u001b[22m\u001b[2m\u001b[22m\n\u001b[2m      \u001b[2mat useState (\u001b[22m\u001b[2mnode_modules/react/cjs/react.development.js\u001b[2m:1622:21)\u001b[22m\u001b[2m\u001b[22m\n\u001b[2m      \u001b[2mat WalletProvider (\u001b[22m\u001b[2msrc/context/WalletContext.tsx\u001b[2m:23:58)\u001b[22m\u001b[2m\u001b[22m\n\u001b[2m      \u001b[2mat renderWithHooks (\u001b[22m\u001b[2mnode_modules/react-dom/cjs/react-dom.development.js\u001b[2m:15486:18)\u001b[22m\u001b[2m\u001b[22m\n\u001b[2m      \u001b[2mat updateFunctionComponent (\u001b[22m\u001b[2mnode_modules/react-dom/cjs/react-dom.development.js\u001b[2m:19617:20)\u001b[22m\u001b[2m\u001b[22m\n\u001b[2m      \u001b[2mat beginWork (\u001b[22m\u001b[2mnode_modules/react-dom/cjs/react-dom.development.js\u001b[2m:21640:16)\u001b[22m\u001b[2m\u001b[22m\n\u001b[2m      \u001b[2mat beginWork$1 (\u001b[22m\u001b[2mnode_modules/react-dom/cjs/react-dom.development.js\u001b[2m:27465:14)\u001b[22m\u001b[2m\u001b[22m\n\u001b[2m      \u001b[2mat performUnitOfWork (\u001b[22m\u001b[2mnode_modules/react-dom/cjs/react-dom.development.js\u001b[2m:26599:12)\u001b[22m\u001b[2m\u001b[22m\n\u001b[2m      \u001b[2mat workLoopSync (\u001b[22m\u001b[2mnode_modules/react-dom/cjs/react-dom.development.js\u001b[2m:26505:5)\u001b[22m\u001b[2m\u001b[22m\n\u001b[2m      \u001b[2mat renderRootSync (\u001b[22m\u001b[2mnode_modules/react-dom/cjs/react-dom.development.js\u001b[2m:26473:7)\u001b[22m\u001b[2m\u001b[22m\n\u001b[2m      \u001b[2mat recoverFromConcurrentError (\u001b[22m\u001b[2mnode_modules/react-dom/cjs/react-dom.development.js\u001b[2m:25889:20)\u001b[22m\u001b[2m\u001b[22m\n\u001b[2m      \u001b[2mat performConcurrentWorkOnRoot (\u001b[22m\u001b[2mnode_modules/react-dom/cjs/react-dom.development.js\u001b[2m:25789:22)\u001b[22m\u001b[2m\u001b[22m\n\u001b[2m      \u001b[2mat flushActQueue (\u001b[22m\u001b[2mnode_modules/react/cjs/react.development.js\u001b[2m:2667:24)\u001b[22m\u001b[2m\u001b[22m\n\u001b[2m      \u001b[2mat recursivelyFlushAsyncActWork (\u001b[22m\u001b[2mnode_modules/react/cjs/react.development.js\u001b[2m:2633:9)\u001b[22m\u001b[2m\u001b[22m\n\u001b[2m      \u001b[2mat Immediate.<anonymous> (\u001b[22m\u001b[2mnode_modules/react/cjs/react.development.js\u001b[2m:2641:13)\u001b[22m\u001b[2m\u001b[22m\n","name":"C:\\Users\\plant\\Desktop\\Rust区块链\\Wallet front-end\\blockchain-wallet-ui\\src\\App.navigation.test.tsx","startTime":1761551111958,"status":"failed","summary":""},{"assertionResults":[{"ancestorTitles":["AppLayout side menu navigation"],"failureMessages":["TypeError: Cannot read properties of undefined (reading 'length')\n    at C:\\Users\\plant\\Desktop\\Rust区块链\\Wallet front-end\\blockchain-wallet-ui\\src\\context\\WalletContext.tsx:80:40\n    at basicStateReducer (C:\\Users\\plant\\Desktop\\Rust区块链\\Wallet front-end\\blockchain-wallet-ui\\node_modules\\react-dom\\cjs\\react-dom.development.js:15721:41)\n    at updateReducer (C:\\Users\\plant\\Desktop\\Rust区块链\\Wallet front-end\\blockchain-wallet-ui\\node_modules\\react-dom\\cjs\\react-dom.development.js:15845:22)\n    at updateState (C:\\Users\\plant\\Desktop\\Rust区块链\\Wallet front-end\\blockchain-wallet-ui\\node_modules\\react-dom\\cjs\\react-dom.development.js:16185:10)\n    at Object.useState (C:\\Users\\plant\\Desktop\\Rust区块链\\Wallet front-end\\blockchain-wallet-ui\\node_modules\\react-dom\\cjs\\react-dom.development.js:17096:16)\n    at useState (C:\\Users\\plant\\Desktop\\Rust区块链\\Wallet front-end\\blockchain-wallet-ui\\node_modules\\react\\cjs\\react.development.js:1622:21)\n    at WalletProvider (C:\\Users\\plant\\Desktop\\Rust区块链\\Wallet front-end\\blockchain-wallet-ui\\src\\context\\WalletContext.tsx:23:58)\n    at renderWithHooks (C:\\Users\\plant\\Desktop\\Rust区块链\\Wallet front-end\\blockchain-wallet-ui\\node_modules\\react-dom\\cjs\\react-dom.development.js:15486:18)\n    at updateFunctionComponent (C:\\Users\\plant\\Desktop\\Rust区块链\\Wallet front-end\\blockchain-wallet-ui\\node_modules\\react-dom\\cjs\\react-dom.development.js:19617:20)\n    at beginWork (C:\\Users\\plant\\Desktop\\Rust区块链\\Wallet front-end\\blockchain-wallet-ui\\node_modules\\react-dom\\cjs\\react-dom.development.js:21640:16)\n    at beginWork$1 (C:\\Users\\plant\\Desktop\\Rust区块链\\Wallet front-end\\blockchain-wallet-ui\\node_modules\\react-dom\\cjs\\react-dom.development.js:27465:14)\n    at performUnitOfWork (C:\\Users\\plant\\Desktop\\Rust区块链\\Wallet front-end\\blockchain-wallet-ui\\node_modules\\react-dom\\cjs\\react-dom.development.js:26599:12)\n    at workLoopSync (C:\\Users\\plant\\Desktop\\Rust区块链\\Wallet front-end\\blockchain-wallet-ui\\node_modules\\react-dom\\cjs\\react-dom.development.js:26505:5)\n    at renderRootSync (C:\\Users\\plant\\Desktop\\Rust区块链\\Wallet front-end\\blockchain-wallet-ui\\node_modules\\react-dom\\cjs\\react-dom.development.js:26473:7)\n    at recoverFromConcurrentError (C:\\Users\\plant\\Desktop\\Rust区块链\\Wallet front-end\\blockchain-wallet-ui\\node_modules\\react-dom\\cjs\\react-dom.development.js:25889:20)\n    at performConcurrentWorkOnRoot (C:\\Users\\plant\\Desktop\\Rust区块链\\Wallet front-end\\blockchain-wallet-ui\\node_modules\\react-dom\\cjs\\react-dom.development.js:25789:22)\n    at flushActQueue (C:\\Users\\plant\\Desktop\\Rust区块链\\Wallet front-end\\blockchain-wallet-ui\\node_modules\\react\\cjs\\react.development.js:2667:24)\n    at recursivelyFlushAsyncActWork (C:\\Users\\plant\\Desktop\\Rust区块链\\Wallet front-end\\blockchain-wallet-ui\\node_modules\\react\\cjs\\react.development.js:2633:9)\n    at C:\\Users\\plant\\Desktop\\Rust区块链\\Wallet front-end\\blockchain-wallet-ui\\node_modules\\react\\cjs\\react.development.js:2545:15\n    at processTicksAndRejections (node:internal/process/task_queues:105:5)"],"fullName":"AppLayout side menu navigation navigates to pages via side menu","location":null,"status":"failed","title":"navigates to pages via side menu"}],"endTime":1761551126824,"message":"\u001b[1m\u001b[31m  \u001b[1m● \u001b[22m\u001b[1mAppLayout side menu navigation › navigates to pages via side menu\u001b[39m\u001b[22m\n\n    TypeError: Cannot read properties of undefined (reading 'length')\n\u001b[2m\u001b[22m\n\u001b[2m    \u001b[0m \u001b[90m 78 |\u001b[39m       setCurrentWalletState(prevCurrentWallet \u001b[33m=>\u001b[39m {\u001b[22m\n\u001b[2m     \u001b[90m 79 |\u001b[39m         \u001b[90m// 如果没有当前钱包但列表有项，默认选第一个\u001b[39m\u001b[22m\n\u001b[2m    \u001b[31m\u001b[1m>\u001b[22m\u001b[2m\u001b[39m\u001b[90m 80 |\u001b[39m         \u001b[36mif\u001b[39m (\u001b[33m!\u001b[39mprevCurrentWallet \u001b[33m&&\u001b[39m data\u001b[33m.\u001b[39mlength \u001b[33m>\u001b[39m \u001b[35m0\u001b[39m) {\u001b[22m\n\u001b[2m     \u001b[90m    |\u001b[39m                                        \u001b[31m\u001b[1m^\u001b[22m\u001b[2m\u001b[39m\u001b[22m\n\u001b[2m     \u001b[90m 81 |\u001b[39m           \u001b[36mconst\u001b[39m defaultWallet \u001b[33m=\u001b[39m data[\u001b[35m0\u001b[39m]\u001b[33m.\u001b[39mname\u001b[33m;\u001b[39m\u001b[22m\n\u001b[2m     \u001b[90m 82 |\u001b[39m           safeLocalStorage\u001b[33m.\u001b[39msetItem(\u001b[32m'current_wallet'\u001b[39m\u001b[33m,\u001b[39m defaultWallet)\u001b[33m;\u001b[39m\u001b[22m\n\u001b[2m     \u001b[90m 83 |\u001b[39m           \u001b[36mreturn\u001b[39m defaultWallet\u001b[33m;\u001b[39m\u001b[0m\u001b[22m\n\u001b[2m\u001b[22m\n\u001b[2m      \u001b[2mat \u001b[22m\u001b[2msrc/context/WalletContext.tsx\u001b[2m:80:40\u001b[22m\u001b[2m\u001b[22m\n\u001b[2m      \u001b[2mat basicStateReducer (\u001b[22m\u001b[2mnode_modules/react-dom/cjs/react-dom.development.js\u001b[2m:15721:41)\u001b[22m\u001b[2m\u001b[22m\n\u001b[2m      \u001b[2mat updateReducer (\u001b[22m\u001b[2mnode_modules/react-dom/cjs/react-dom.development.js\u001b[2m:15845:22)\u001b[22m\u001b[2m\u001b[22m\n\u001b[2m      \u001b[2mat updateState (\u001b[22m\u001b[2mnode_modules/react-dom/cjs/react-dom.development.js\u001b[2m:16185:10)\u001b[22m\u001b[2m\u001b[22m\n\u001b[2m      \u001b[2mat Object.useState (\u001b[22m\u001b[2mnode_modules/react-dom/cjs/react-dom.development.js\u001b[2m:17096:16)\u001b[22m\u001b[2m\u001b[22m\n\u001b[2m      \u001b[2mat useState (\u001b[22m\u001b[2mnode_modules/react/cjs/react.development.js\u001b[2m:1622:21)\u001b[22m\u001b[2m\u001b[22m\n\u001b[2m      \u001b[2mat WalletProvider (\u001b[22m\u001b[2msrc/context/WalletContext.tsx\u001b[2m:23:58)\u001b[22m\u001b[2m\u001b[22m\n\u001b[2m      \u001b[2mat renderWithHooks (\u001b[22m\u001b[2mnode_modules/react-dom/cjs/react-dom.development.js\u001b[2m:15486:18)\u001b[22m\u001b[2m\u001b[22m\n\u001b[2m      \u001b[2mat updateFunctionComponent (\u001b[22m\u001b[2mnode_modules/react-dom/cjs/react-dom.development.js\u001b[2m:19617:20)\u001b[22m\u001b[2m\u001b[22m\n\u001b[2m      \u001b[2mat beginWork (\u001b[22m\u001b[2mnode_modules/react-dom/cjs/react-dom.development.js\u001b[2m:21640:16)\u001b[22m\u001b[2m\u001b[22m\n\u001b[2m      \u001b[2mat beginWork$1 (\u001b[22m\u001b[2mnode_modules/react-dom/cjs/react-dom.development.js\u001b[2m:27465:14)\u001b[22m\u001b[2m\u001b[22m\n\u001b[2m      \u001b[2mat performUnitOfWork (\u001b[22m\u001b[2mnode_modules/react-dom/cjs/react-dom.development.js\u001b[2m:26599:12)\u001b[22m\u001b[2m\u001b[22m\n\u001b[2m      \u001b[2mat workLoopSync (\u001b[22m\u001b[2mnode_modules/react-dom/cjs/react-dom.development.js\u001b[2m:26505:5)\u001b[22m\u001b[2m\u001b[22m\n\u001b[2m      \u001b[2mat renderRootSync (\u001b[22m\u001b[2mnode_modules/react-dom/cjs/react-dom.development.js\u001b[2m:26473:7)\u001b[22m\u001b[2m\u001b[22m\n\u001b[2m      \u001b[2mat recoverFromConcurrentError (\u001b[22m\u001b[2mnode_modules/react-dom/cjs/react-dom.development.js\u001b[2m:25889:20)\u001b[22m\u001b[2m\u001b[22m\n\u001b[2m      \u001b[2mat performConcurrentWorkOnRoot (\u001b[22m\u001b[2mnode_modules/react-dom/cjs/react-dom.development.js\u001b[2m:25789:22)\u001b[22m\u001b[2m\u001b[22m\n\u001b[2m      \u001b[2mat flushActQueue (\u001b[22m\u001b[2mnode_modules/react/cjs/react.development.js\u001b[2m:2667:24)\u001b[22m\u001b[2m\u001b[22m\n\u001b[2m      \u001b[2mat recursivelyFlushAsyncActWork (\u001b[22m\u001b[2mnode_modules/react/cjs/react.development.js\u001b[2m:2633:9)\u001b[22m\u001b[2m\u001b[22m\n\u001b[2m      \u001b[2mat \u001b[22m\u001b[2mnode_modules/react/cjs/react.development.js\u001b[2m:2545:15\u001b[22m\u001b[2m\u001b[22m\n","name":"C:\\Users\\plant\\Desktop\\Rust区块链\\Wallet front-end\\blockchain-wallet-ui\\src\\components\\Layout\\AppLayout.navigation.test.tsx","startTime":1761551111999,"status":"failed","summary":""},{"assertionResults":[{"ancestorTitles":[],"failureMessages":[],"fullName":"App renders without crashing","location":null,"status":"passed","title":"App renders without crashing"}],"endTime":1761551126823,"message":"","name":"C:\\Users\\plant\\Desktop\\Rust区块链\\Wallet front-end\\blockchain-wallet-ui\\src\\App.test.tsx","startTime":1761551112036,"status":"passed","summary":""},{"assertionResults":[{"ancestorTitles":["WalletPage"],"failureMessages":[],"fullName":"WalletPage renders, creates wallet, refreshes balance","location":null,"status":"passed","title":"renders, creates wallet, refreshes balance"}],"endTime":1761551127313,"message":"","name":"C:\\Users\\plant\\Desktop\\Rust区块链\\Wallet front-end\\blockchain-wallet-ui\\src\\pages\\WalletPage\\WalletPage.test.tsx","startTime":1761551111979,"status":"passed","summary":""},{"assertionResults":[{"ancestorTitles":["WalletPage error handling"],"failureMessages":[],"fullName":"WalletPage error handling shows error when wallet list fails on mount","location":null,"status":"passed","title":"shows error when wallet list fails on mount"},{"ancestorTitles":["WalletPage error handling"],"failureMessages":[],"fullName":"WalletPage error handling create wallet validation: empty name shows error","location":null,"status":"passed","title":"create wallet validation: empty name shows error"},{"ancestorTitles":["WalletPage error handling"],"failureMessages":[],"fullName":"WalletPage error handling create wallet validation: invalid characters show error","location":null,"status":"passed","title":"create wallet validation: invalid characters show error"},{"ancestorTitles":["WalletPage error handling"],"failureMessages":[],"fullName":"WalletPage error handling create wallet API failure shows server error","location":null,"status":"passed","title":"create wallet API failure shows server error"},{"ancestorTitles":["WalletPage error handling"],"failureMessages":[],"fullName":"WalletPage error handling delete wallet failure shows error","location":null,"status":"passed","title":"delete wallet failure shows error"}],"endTime":1761551127731,"message":"","name":"C:\\Users\\plant\\Desktop\\Rust区块链\\Wallet front-end\\blockchain-wallet-ui\\src\\pages\\WalletPage\\WalletPage.errors.test.tsx","startTime":1761551111947,"status":"passed","summary":""}],"wasInterrupted":false}