{"numFailedTestSuites":0,"numFailedTests":0,"numPassedTestSuites":1,"numPassedTests":1,"numPendingTestSuites":0,"numPendingTests":0,"numRuntimeErrorTestSuites":0,"numTodoTests":0,"numTotalTestSuites":1,"numTotalTests":1,"openHandles":[],"snapshot":{"added":0,"didUpdate":false,"failure":false,"filesAdded":0,"filesRemoved":0,"filesRemovedList":[],"filesUnmatched":0,"filesUpdated":0,"matched":0,"total":0,"unchecked":0,"uncheckedKeysByFile":[],"unmatched":0,"updated":0},"startTime":1761578062158,"success":true,"testResults":[{"assertionResults":[{"ancestorTitles":["WalletPage"],"failureMessages":[],"fullName":"WalletPage renders, creates wallet, refreshes balance","location":null,"status":"passed","title":"renders, creates wallet, refreshes balance"}],"endTime":1761578071330,"message":"","name":"C:\\Users\\plant\\Desktop\\Rust区块链\\Wallet front-end\\blockchain-wallet-ui\\src\\pages\\WalletPage\\WalletPage.test.tsx","startTime":1761578062811,"status":"passed","summary":""}],"wasInterrupted":false}