{"numFailedTestSuites":0,"numFailedTests":0,"numPassedTestSuites":1,"numPassedTests":9,"numPendingTestSuites":0,"numPendingTests":0,"numRuntimeErrorTestSuites":0,"numTodoTests":0,"numTotalTestSuites":1,"numTotalTests":9,"openHandles":[],"snapshot":{"added":0,"didUpdate":false,"failure":false,"filesAdded":0,"filesRemoved":0,"filesRemovedList":[],"filesUnmatched":0,"filesUpdated":0,"matched":0,"total":0,"unchecked":0,"uncheckedKeysByFile":[],"unmatched":0,"updated":0},"startTime":1761546679849,"success":true,"testResults":[{"assertionResults":[{"ancestorTitles":["useApiConfig"],"failureMessages":[],"fullName":"useApiConfig saveConfig rejects invalid URL","location":null,"status":"passed","title":"saveConfig rejects invalid URL"},{"ancestorTitles":["useApiConfig"],"failureMessages":[],"fullName":"useApiConfig saveConfig rejects short apiKey","location":null,"status":"passed","title":"saveConfig rejects short apiKey"},{"ancestorTitles":["useApiConfig"],"failureMessages":[],"fullName":"useApiConfig saveConfig succeeds and persists keys","location":null,"status":"passed","title":"saveConfig succeeds and persists keys"},{"ancestorTitles":["useApiConfig"],"failureMessages":[],"fullName":"useApiConfig testConnectivity invalid URL","location":null,"status":"passed","title":"testConnectivity invalid URL"},{"ancestorTitles":["useApiConfig"],"failureMessages":[],"fullName":"useApiConfig testConnectivity success","location":null,"status":"passed","title":"testConnectivity success"},{"ancestorTitles":["useApiConfig"],"failureMessages":[],"fullName":"useApiConfig testConnectivity failure","location":null,"status":"passed","title":"testConnectivity failure"},{"ancestorTitles":["useApiConfig"],"failureMessages":[],"fullName":"useApiConfig testConnectivity throws","location":null,"status":"passed","title":"testConnectivity throws"},{"ancestorTitles":["useApiConfig"],"failureMessages":[],"fullName":"useApiConfig debounce prevents duplicate calls","location":null,"status":"passed","title":"debounce prevents duplicate calls"},{"ancestorTitles":["useApiConfig"],"failureMessages":[],"fullName":"useApiConfig clearSensitive clears keys and resets apiKey","location":null,"status":"passed","title":"clearSensitive clears keys and resets apiKey"}],"endTime":1761546682648,"message":"","name":"C:\\Users\\plant\\Desktop\\Rust区块链\\Wallet front-end\\blockchain-wallet-ui\\src\\hooks\\useApiConfig.test.tsx","startTime":1761546680555,"status":"passed","summary":""}],"wasInterrupted":false}