{"numFailedTestSuites":15,"numFailedTests":0,"numPassedTestSuites":0,"numPassedTests":0,"numPendingTestSuites":0,"numPendingTests":0,"numRuntimeErrorTestSuites":15,"numTodoTests":0,"numTotalTestSuites":15,"numTotalTests":0,"openHandles":[],"snapshot":{"added":0,"didUpdate":false,"failure":false,"filesAdded":0,"filesRemoved":0,"filesRemovedList":[],"filesUnmatched":0,"filesUpdated":0,"matched":0,"total":0,"unchecked":0,"uncheckedKeysByFile":[],"unmatched":0,"updated":0},"startTime":1761544640397,"success":false,"testResults":[{"assertionResults":[],"coverage":{},"endTime":1761544641912,"message":"  \u001b[1m● \u001b[22mTest suite failed to run\n\n    \u001b[1m\u001b[31mJest encountered an unexpected token\u001b[39m\u001b[22m\n\n    Jest failed to parse a file. This happens e.g. when your code or its dependencies use non-standard JavaScript syntax, or when Jest is not configured to support such syntax.\n\n    Out of the box Jest supports Babel, which will be used to transform your files into valid JS based on your Babel configuration.\n\n    By default \"node_modules\" folder is ignored by transformers.\n\n    Here's what you can do:\n     • If you are trying to use ECMAScript Modules, see \u001b[4mhttps://jestjs.io/docs/ecmascript-modules\u001b[24m for how to enable it.\n     • If you are trying to use TypeScript, see \u001b[4mhttps://jestjs.io/docs/getting-started#using-typescript\u001b[24m\n     • To have some of your \"node_modules\" files transformed, you can specify a custom \u001b[1m\"transformIgnorePatterns\"\u001b[22m in your config.\n     • If you need a custom transformation specify a \u001b[1m\"transform\"\u001b[22m option in your config.\n     • If you simply want to mock your non-JS modules (e.g. binary assets) you can stub them out with the \u001b[1m\"moduleNameMapper\"\u001b[22m config option.\n\n    You'll find more details and examples of these config options in the docs:\n    \u001b[36mhttps://jestjs.io/docs/configuration\u001b[39m\n    For information about custom transformations, see:\n    \u001b[36mhttps://jestjs.io/docs/code-transformation\u001b[39m\n\n    \u001b[1m\u001b[31mDetails:\u001b[39m\u001b[22m\n\n    SyntaxError: C:\\Users\\plant\\Desktop\\Rust区块链\\Wallet front-end\\blockchain-wallet-ui\\src\\context\\WalletContext.test.tsx: Missing semicolon. (20:71)\n\n    \u001b[0m \u001b[90m 18 |\u001b[39m })\u001b[33m;\u001b[39m\n     \u001b[90m 19 |\u001b[39m\n    \u001b[31m\u001b[1m>\u001b[22m\u001b[39m\u001b[90m 20 |\u001b[39m \u001b[36mconst\u001b[39m mockedList \u001b[33m=\u001b[39m require(\u001b[32m'../services/api'\u001b[39m)\u001b[33m.\u001b[39mwalletService\u001b[33m.\u001b[39mlistWallets \u001b[36mas\u001b[39m jest\u001b[33m.\u001b[39m\u001b[33mMockedFunction\u001b[39m\u001b[33m<\u001b[39m\u001b[33many\u001b[39m\u001b[33m>\u001b[39m\u001b[33m;\u001b[39m\n     \u001b[90m    |\u001b[39m                                                                        \u001b[31m\u001b[1m^\u001b[22m\u001b[39m\n     \u001b[90m 21 |\u001b[39m\n     \u001b[90m 22 |\u001b[39m type \u001b[33mCtx\u001b[39m \u001b[33m=\u001b[39m \u001b[33mReturnType\u001b[39m\u001b[33m<\u001b[39m\u001b[36mtypeof\u001b[39m useWalletContext\u001b[33m>\u001b[39m\u001b[33m;\u001b[39m\n     \u001b[90m 23 |\u001b[39m \u001b[36mconst\u001b[39m \u001b[33mHarness\u001b[39m \u001b[33m=\u001b[39m \u001b[33mReact\u001b[39m\u001b[33m.\u001b[39mforwardRef\u001b[33m<\u001b[39m\u001b[33mCtx\u001b[39m\u001b[33m,\u001b[39m {}\u001b[33m>\u001b[39m((props\u001b[33m,\u001b[39m ref) \u001b[33m=>\u001b[39m {\u001b[0m\n\n      \u001b[2mat toParseError (\u001b[22mnode_modules/@babel/parser/src/parse-error.ts\u001b[2m:95:45)\u001b[22m\n      \u001b[2mat Parser.raise (\u001b[22mnode_modules/@babel/parser/src/tokenizer/index.ts\u001b[2m:1507:19)\u001b[22m\n      \u001b[2mat Parser.semicolon (\u001b[22mnode_modules/@babel/parser/src/parser/util.ts\u001b[2m:149:10)\u001b[22m\n      \u001b[2mat Parser.parseVarStatement (\u001b[22mnode_modules/@babel/parser/src/parser/statement.ts\u001b[2m:1252:10)\u001b[22m\n      \u001b[2mat Parser.parseStatementContent (\u001b[22mnode_modules/@babel/parser/src/parser/statement.ts\u001b[2m:612:21)\u001b[22m\n      \u001b[2mat Parser.parseStatementLike (\u001b[22mnode_modules/@babel/parser/src/parser/statement.ts\u001b[2m:482:17)\u001b[22m\n      \u001b[2mat Parser.parseModuleItem (\u001b[22mnode_modules/@babel/parser/src/parser/statement.ts\u001b[2m:419:17)\u001b[22m\n      \u001b[2mat Parser.parseBlockOrModuleBlockBody (\u001b[22mnode_modules/@babel/parser/src/parser/statement.ts\u001b[2m:1443:16)\u001b[22m\n      \u001b[2mat Parser.parseBlockBody (\u001b[22mnode_modules/@babel/parser/src/parser/statement.ts\u001b[2m:1417:10)\u001b[22m\n      \u001b[2mat Parser.parseProgram (\u001b[22mnode_modules/@babel/parser/src/parser/statement.ts\u001b[2m:229:10)\u001b[22m\n      \u001b[2mat Parser.parseTopLevel (\u001b[22mnode_modules/@babel/parser/src/parser/statement.ts\u001b[2m:203:25)\u001b[22m\n      \u001b[2mat Parser.parse (\u001b[22mnode_modules/@babel/parser/src/parser/index.ts\u001b[2m:88:25)\u001b[22m\n      \u001b[2mat parse (\u001b[22mnode_modules/@babel/parser/src/index.ts\u001b[2m:86:38)\u001b[22m\n      \u001b[2mat parser (\u001b[22mnode_modules/@babel/core/src/parser/index.ts\u001b[2m:29:19)\u001b[22m\n          at parser.next (<anonymous>)\n      \u001b[2mat normalizeFile (\u001b[22mnode_modules/@babel/core/src/transformation/normalize-file.ts\u001b[2m:50:24)\u001b[22m\n          at normalizeFile.next (<anonymous>)\n      \u001b[2mat run (\u001b[22mnode_modules/@babel/core/src/transformation/index.ts\u001b[2m:41:36)\u001b[22m\n          at run.next (<anonymous>)\n      \u001b[2mat transform (\u001b[22mnode_modules/@babel/core/src/transform.ts\u001b[2m:29:20)\u001b[22m\n          at transform.next (<anonymous>)\n      \u001b[2mat evaluateSync (\u001b[22mnode_modules/gensync/index.js\u001b[2m:251:28)\u001b[22m\n      \u001b[2mat fn (\u001b[22mnode_modules/gensync/index.js\u001b[2m:89:14)\u001b[22m\n      \u001b[2mat stopHiding - secret - don't use this - v1 (\u001b[22mnode_modules/@babel/core/src/errors/rewrite-stack-trace.ts\u001b[2m:99:14)\u001b[22m\n      \u001b[2mat transformSync (\u001b[22mnode_modules/@babel/core/src/transform.ts\u001b[2m:66:52)\u001b[22m\n      \u001b[2mat ScriptTransformer.transformSource (\u001b[22mnode_modules/@jest/transform/build/ScriptTransformer.js\u001b[2m:619:31)\u001b[22m\n      \u001b[2mat ScriptTransformer._transformAndBuildScript (\u001b[22mnode_modules/@jest/transform/build/ScriptTransformer.js\u001b[2m:765:40)\u001b[22m\n      \u001b[2mat ScriptTransformer.transform (\u001b[22mnode_modules/@jest/transform/build/ScriptTransformer.js\u001b[2m:822:19)\u001b[22m\n","name":"C:\\Users\\plant\\Desktop\\Rust区块链\\Wallet front-end\\blockchain-wallet-ui\\src\\context\\WalletContext.test.tsx","startTime":1761544641912,"status":"failed","summary":""},{"assertionResults":[],"coverage":{},"endTime":1761544641912,"message":"  \u001b[1m● \u001b[22mTest suite failed to run\n\n    \u001b[1m\u001b[31mJest encountered an unexpected token\u001b[39m\u001b[22m\n\n    Jest failed to parse a file. This happens e.g. when your code or its dependencies use non-standard JavaScript syntax, or when Jest is not configured to support such syntax.\n\n    Out of the box Jest supports Babel, which will be used to transform your files into valid JS based on your Babel configuration.\n\n    By default \"node_modules\" folder is ignored by transformers.\n\n    Here's what you can do:\n     • If you are trying to use ECMAScript Modules, see \u001b[4mhttps://jestjs.io/docs/ecmascript-modules\u001b[24m for how to enable it.\n     • If you are trying to use TypeScript, see \u001b[4mhttps://jestjs.io/docs/getting-started#using-typescript\u001b[24m\n     • To have some of your \"node_modules\" files transformed, you can specify a custom \u001b[1m\"transformIgnorePatterns\"\u001b[22m in your config.\n     • If you need a custom transformation specify a \u001b[1m\"transform\"\u001b[22m option in your config.\n     • If you simply want to mock your non-JS modules (e.g. binary assets) you can stub them out with the \u001b[1m\"moduleNameMapper\"\u001b[22m config option.\n\n    You'll find more details and examples of these config options in the docs:\n    \u001b[36mhttps://jestjs.io/docs/configuration\u001b[39m\n    For information about custom transformations, see:\n    \u001b[36mhttps://jestjs.io/docs/code-transformation\u001b[39m\n\n    \u001b[1m\u001b[31mDetails:\u001b[39m\u001b[22m\n\n    SyntaxError: C:\\Users\\plant\\Desktop\\Rust区块链\\Wallet front-end\\blockchain-wallet-ui\\src\\pages\\SendPage\\SendPage.perf.test.tsx: Support for the experimental syntax 'jsx' isn't currently enabled (32:5):\n\n    \u001b[0m \u001b[90m 30 |\u001b[39m   \u001b[36mconst\u001b[39m { \u001b[33mWalletProvider\u001b[39m } \u001b[33m=\u001b[39m \u001b[36mawait\u001b[39m \u001b[36mimport\u001b[39m(\u001b[32m'../../context/WalletContext'\u001b[39m)\u001b[33m;\u001b[39m\n     \u001b[90m 31 |\u001b[39m   \u001b[36mreturn\u001b[39m render(\n    \u001b[31m\u001b[1m>\u001b[22m\u001b[39m\u001b[90m 32 |\u001b[39m     \u001b[33m<\u001b[39m\u001b[33mMemoryRouter\u001b[39m\u001b[33m>\u001b[39m\n     \u001b[90m    |\u001b[39m     \u001b[31m\u001b[1m^\u001b[22m\u001b[39m\n     \u001b[90m 33 |\u001b[39m       \u001b[33m<\u001b[39m\u001b[33mWalletProvider\u001b[39m\u001b[33m>\u001b[39m\n     \u001b[90m 34 |\u001b[39m         \u001b[33m<\u001b[39m\u001b[33mSendPage\u001b[39m \u001b[33m/\u001b[39m\u001b[33m>\u001b[39m\n     \u001b[90m 35 |\u001b[39m       \u001b[33m<\u001b[39m\u001b[33m/\u001b[39m\u001b[33mWalletProvider\u001b[39m\u001b[33m>\u001b[39m\u001b[0m\n\n    Add @babel/preset-react (https://github.com/babel/babel/tree/main/packages/babel-preset-react) to the 'presets' section of your Babel config to enable transformation.\n    If you want to leave it as-is, add @babel/plugin-syntax-jsx (https://github.com/babel/babel/tree/main/packages/babel-plugin-syntax-jsx) to the 'plugins' section to enable parsing.\n\n    If you already added the plugin for this syntax to your config, it's possible that your config isn't being loaded.\n    You can re-run Babel with the BABEL_SHOW_CONFIG_FOR environment variable to show the loaded configuration:\n    \tnpx cross-env BABEL_SHOW_CONFIG_FOR=C:\\Users\\plant\\Desktop\\Rust区块链\\Wallet front-end\\blockchain-wallet-ui\\src\\pages\\SendPage\\SendPage.perf.test.tsx <your build command>\n    See https://babeljs.io/docs/configuration#print-effective-configs for more info.\n\n      \u001b[2mat toParseError (\u001b[22mnode_modules/@babel/parser/src/parse-error.ts\u001b[2m:95:45)\u001b[22m\n      \u001b[2mat Parser.raise (\u001b[22mnode_modules/@babel/parser/src/tokenizer/index.ts\u001b[2m:1507:19)\u001b[22m\n      \u001b[2mat Parser.expectOnePlugin (\u001b[22mnode_modules/@babel/parser/src/tokenizer/index.ts\u001b[2m:1572:18)\u001b[22m\n      \u001b[2mat Parser.parseExprAtom (\u001b[22mnode_modules/@babel/parser/src/parser/expression.ts\u001b[2m:1272:22)\u001b[22m\n      \u001b[2mat Parser.parseExprSubscripts (\u001b[22mnode_modules/@babel/parser/src/parser/expression.ts\u001b[2m:742:23)\u001b[22m\n      \u001b[2mat Parser.parseUpdate (\u001b[22mnode_modules/@babel/parser/src/parser/expression.ts\u001b[2m:721:21)\u001b[22m\n      \u001b[2mat Parser.parseMaybeUnary (\u001b[22mnode_modules/@babel/parser/src/parser/expression.ts\u001b[2m:683:23)\u001b[22m\n      \u001b[2mat Parser.parseMaybeUnaryOrPrivate (\u001b[22mnode_modules/@babel/parser/src/parser/expression.ts\u001b[2m:417:14)\u001b[22m\n      \u001b[2mat Parser.parseExprOps (\u001b[22mnode_modules/@babel/parser/src/parser/expression.ts\u001b[2m:429:23)\u001b[22m\n      \u001b[2mat Parser.parseMaybeConditional (\u001b[22mnode_modules/@babel/parser/src/parser/expression.ts\u001b[2m:384:23)\u001b[22m\n      \u001b[2mat Parser.parseMaybeAssign (\u001b[22mnode_modules/@babel/parser/src/parser/expression.ts\u001b[2m:301:21)\u001b[22m\n      \u001b[2mat callback (\u001b[22mnode_modules/@babel/parser/src/parser/expression.ts\u001b[2m:257:12)\u001b[22m\n      \u001b[2mat Parser.allowInAnd (\u001b[22mnode_modules/@babel/parser/src/parser/expression.ts\u001b[2m:3202:12)\u001b[22m\n      \u001b[2mat Parser.parseMaybeAssignAllowIn (\u001b[22mnode_modules/@babel/parser/src/parser/expression.ts\u001b[2m:256:17)\u001b[22m\n      \u001b[2mat Parser.parseMaybeAssignAllowInOrVoidPattern (\u001b[22mnode_modules/@babel/parser/src/parser/expression.ts\u001b[2m:3316:17)\u001b[22m\n      \u001b[2mat Parser.parseExprListItem (\u001b[22mnode_modules/@babel/parser/src/parser/expression.ts\u001b[2m:2798:18)\u001b[22m\n      \u001b[2mat Parser.parseCallExpressionArguments (\u001b[22mnode_modules/@babel/parser/src/parser/expression.ts\u001b[2m:1042:14)\u001b[22m\n      \u001b[2mat Parser.parseCoverCallAndAsyncArrowHead (\u001b[22mnode_modules/@babel/parser/src/parser/expression.ts\u001b[2m:922:29)\u001b[22m\n      \u001b[2mat Parser.parseSubscript (\u001b[22mnode_modules/@babel/parser/src/parser/expression.ts\u001b[2m:804:19)\u001b[22m\n      \u001b[2mat Parser.parseSubscripts (\u001b[22mnode_modules/@babel/parser/src/parser/expression.ts\u001b[2m:763:19)\u001b[22m\n      \u001b[2mat Parser.parseExprSubscripts (\u001b[22mnode_modules/@babel/parser/src/parser/expression.ts\u001b[2m:748:17)\u001b[22m\n      \u001b[2mat Parser.parseUpdate (\u001b[22mnode_modules/@babel/parser/src/parser/expression.ts\u001b[2m:721:21)\u001b[22m\n      \u001b[2mat Parser.parseMaybeUnary (\u001b[22mnode_modules/@babel/parser/src/parser/expression.ts\u001b[2m:683:23)\u001b[22m\n      \u001b[2mat Parser.parseMaybeUnaryOrPrivate (\u001b[22mnode_modules/@babel/parser/src/parser/expression.ts\u001b[2m:417:14)\u001b[22m\n      \u001b[2mat Parser.parseExprOps (\u001b[22mnode_modules/@babel/parser/src/parser/expression.ts\u001b[2m:429:23)\u001b[22m\n      \u001b[2mat Parser.parseMaybeConditional (\u001b[22mnode_modules/@babel/parser/src/parser/expression.ts\u001b[2m:384:23)\u001b[22m\n      \u001b[2mat Parser.parseMaybeAssign (\u001b[22mnode_modules/@babel/parser/src/parser/expression.ts\u001b[2m:301:21)\u001b[22m\n      \u001b[2mat Parser.parseExpressionBase (\u001b[22mnode_modules/@babel/parser/src/parser/expression.ts\u001b[2m:226:23)\u001b[22m\n      \u001b[2mat callback (\u001b[22mnode_modules/@babel/parser/src/parser/expression.ts\u001b[2m:217:39)\u001b[22m\n      \u001b[2mat Parser.allowInAnd (\u001b[22mnode_modules/@babel/parser/src/parser/expression.ts\u001b[2m:3197:16)\u001b[22m\n      \u001b[2mat Parser.parseExpression (\u001b[22mnode_modules/@babel/parser/src/parser/expression.ts\u001b[2m:217:17)\u001b[22m\n      \u001b[2mat Parser.parseReturnStatement (\u001b[22mnode_modules/@babel/parser/src/parser/statement.ts\u001b[2m:1115:28)\u001b[22m\n      \u001b[2mat Parser.parseStatementContent (\u001b[22mnode_modules/@babel/parser/src/parser/statement.ts\u001b[2m:543:21)\u001b[22m\n      \u001b[2mat Parser.parseStatementLike (\u001b[22mnode_modules/@babel/parser/src/parser/statement.ts\u001b[2m:482:17)\u001b[22m\n      \u001b[2mat Parser.parseStatementListItem (\u001b[22mnode_modules/@babel/parser/src/parser/statement.ts\u001b[2m:431:17)\u001b[22m\n      \u001b[2mat Parser.parseBlockOrModuleBlockBody (\u001b[22mnode_modules/@babel/parser/src/parser/statement.ts\u001b[2m:1444:16)\u001b[22m\n      \u001b[2mat Parser.parseBlockBody (\u001b[22mnode_modules/@babel/parser/src/parser/statement.ts\u001b[2m:1417:10)\u001b[22m\n      \u001b[2mat Parser.parseBlock (\u001b[22mnode_modules/@babel/parser/src/parser/statement.ts\u001b[2m:1385:10)\u001b[22m\n      \u001b[2mat Parser.parseFunctionBody (\u001b[22mnode_modules/@babel/parser/src/parser/expression.ts\u001b[2m:2626:24)\u001b[22m\n      \u001b[2mat Parser.parseArrowExpression (\u001b[22mnode_modules/@babel/parser/src/parser/expression.ts\u001b[2m:2563:10)\u001b[22m\n      \u001b[2mat Parser.parseAsyncArrowFromCallExpression (\u001b[22mnode_modules/@babel/parser/src/parser/expression.ts\u001b[2m:1067:10)\u001b[22m\n      \u001b[2mat Parser.parseCoverCallAndAsyncArrowHead (\u001b[22mnode_modules/@babel/parser/src/parser/expression.ts\u001b[2m:942:27)\u001b[22m\n      \u001b[2mat Parser.parseSubscript (\u001b[22mnode_modules/@babel/parser/src/parser/expression.ts\u001b[2m:804:19)\u001b[22m\n      \u001b[2mat Parser.parseSubscripts (\u001b[22mnode_modules/@babel/parser/src/parser/expression.ts\u001b[2m:763:19)\u001b[22m\n      \u001b[2mat Parser.parseExprSubscripts (\u001b[22mnode_modules/@babel/parser/src/parser/expression.ts\u001b[2m:748:17)\u001b[22m\n      \u001b[2mat Parser.parseUpdate (\u001b[22mnode_modules/@babel/parser/src/parser/expression.ts\u001b[2m:721:21)\u001b[22m\n      \u001b[2mat Parser.parseMaybeUnary (\u001b[22mnode_modules/@babel/parser/src/parser/expression.ts\u001b[2m:683:23)\u001b[22m\n      \u001b[2mat Parser.parseMaybeUnaryOrPrivate (\u001b[22mnode_modules/@babel/parser/src/parser/expression.ts\u001b[2m:417:14)\u001b[22m\n      \u001b[2mat Parser.parseExprOps (\u001b[22mnode_modules/@babel/parser/src/parser/expression.ts\u001b[2m:429:23)\u001b[22m\n      \u001b[2mat Parser.parseMaybeConditional (\u001b[22mnode_modules/@babel/parser/src/parser/expression.ts\u001b[2m:384:23)\u001b[22m\n","name":"C:\\Users\\plant\\Desktop\\Rust区块链\\Wallet front-end\\blockchain-wallet-ui\\src\\pages\\SendPage\\SendPage.perf.test.tsx","startTime":1761544641912,"status":"failed","summary":""},{"assertionResults":[],"coverage":{},"endTime":1761544641912,"message":"  \u001b[1m● \u001b[22mTest suite failed to run\n\n    SyntaxError: C:\\Users\\plant\\Desktop\\Rust区块链\\Wallet front-end\\blockchain-wallet-ui\\src\\components\\Layout\\AppLayout.navigation.test.tsx: Unexpected token, expected \",\" (15:25)\n\n    \u001b[0m \u001b[90m 13 |\u001b[39m     __esModule\u001b[33m:\u001b[39m \u001b[36mtrue\u001b[39m\u001b[33m,\u001b[39m\n     \u001b[90m 14 |\u001b[39m     \u001b[33m...\u001b[39moriginal\u001b[33m,\u001b[39m\n    \u001b[31m\u001b[1m>\u001b[22m\u001b[39m\u001b[90m 15 |\u001b[39m     \u001b[33mDrawer\u001b[39m\u001b[33m:\u001b[39m ({ children }\u001b[33m:\u001b[39m any) \u001b[33m=>\u001b[39m \u001b[33m<\u001b[39m\u001b[33mdiv\u001b[39m data\u001b[33m-\u001b[39mtestid\u001b[33m=\u001b[39m\u001b[32m\"drawer\"\u001b[39m\u001b[33m>\u001b[39m{children}\u001b[33m<\u001b[39m\u001b[33m/\u001b[39m\u001b[33mdiv\u001b[39m\u001b[33m>\u001b[39m\u001b[33m,\u001b[39m\n     \u001b[90m    |\u001b[39m                          \u001b[31m\u001b[1m^\u001b[22m\u001b[39m\n     \u001b[90m 16 |\u001b[39m   }\n     \u001b[90m 17 |\u001b[39m })\n     \u001b[90m 18 |\u001b[39m\u001b[0m\n\n      \u001b[2mat toParseError (\u001b[22mnode_modules/@babel/parser/src/parse-error.ts\u001b[2m:95:45)\u001b[22m\n      \u001b[2mat Parser.raise (\u001b[22mnode_modules/@babel/parser/src/tokenizer/index.ts\u001b[2m:1507:19)\u001b[22m\n      \u001b[2mat Parser.unexpected (\u001b[22mnode_modules/@babel/parser/src/tokenizer/index.ts\u001b[2m:1547:16)\u001b[22m\n      \u001b[2mat Parser.expect (\u001b[22mnode_modules/@babel/parser/src/parser/util.ts\u001b[2m:157:12)\u001b[22m\n      \u001b[2mat Parser.parseParenAndDistinguishExpression (\u001b[22mnode_modules/@babel/parser/src/parser/expression.ts\u001b[2m:1798:14)\u001b[22m\n      \u001b[2mat Parser.parseExprAtom (\u001b[22mnode_modules/@babel/parser/src/parser/expression.ts\u001b[2m:1170:21)\u001b[22m\n      \u001b[2mat Parser.parseExprSubscripts (\u001b[22mnode_modules/@babel/parser/src/parser/expression.ts\u001b[2m:742:23)\u001b[22m\n      \u001b[2mat Parser.parseUpdate (\u001b[22mnode_modules/@babel/parser/src/parser/expression.ts\u001b[2m:721:21)\u001b[22m\n      \u001b[2mat Parser.parseMaybeUnary (\u001b[22mnode_modules/@babel/parser/src/parser/expression.ts\u001b[2m:683:23)\u001b[22m\n      \u001b[2mat Parser.parseMaybeUnaryOrPrivate (\u001b[22mnode_modules/@babel/parser/src/parser/expression.ts\u001b[2m:417:14)\u001b[22m\n      \u001b[2mat Parser.parseExprOps (\u001b[22mnode_modules/@babel/parser/src/parser/expression.ts\u001b[2m:429:23)\u001b[22m\n      \u001b[2mat Parser.parseMaybeConditional (\u001b[22mnode_modules/@babel/parser/src/parser/expression.ts\u001b[2m:384:23)\u001b[22m\n      \u001b[2mat Parser.parseMaybeAssign (\u001b[22mnode_modules/@babel/parser/src/parser/expression.ts\u001b[2m:301:21)\u001b[22m\n      \u001b[2mat callback (\u001b[22mnode_modules/@babel/parser/src/parser/expression.ts\u001b[2m:257:12)\u001b[22m\n      \u001b[2mat Parser.allowInAnd (\u001b[22mnode_modules/@babel/parser/src/parser/expression.ts\u001b[2m:3202:12)\u001b[22m\n      \u001b[2mat Parser.parseMaybeAssignAllowIn (\u001b[22mnode_modules/@babel/parser/src/parser/expression.ts\u001b[2m:256:17)\u001b[22m\n      \u001b[2mat Parser.parseMaybeAssignAllowInOrVoidPattern (\u001b[22mnode_modules/@babel/parser/src/parser/expression.ts\u001b[2m:3316:17)\u001b[22m\n      \u001b[2mat Parser.parseObjectProperty (\u001b[22mnode_modules/@babel/parser/src/parser/expression.ts\u001b[2m:2325:16)\u001b[22m\n      \u001b[2mat Parser.parseObjPropValue (\u001b[22mnode_modules/@babel/parser/src/parser/expression.ts\u001b[2m:2388:12)\u001b[22m\n      \u001b[2mat Parser.parsePropertyDefinition (\u001b[22mnode_modules/@babel/parser/src/parser/expression.ts\u001b[2m:2228:17)\u001b[22m\n      \u001b[2mat Parser.parseObjectLike (\u001b[22mnode_modules/@babel/parser/src/parser/expression.ts\u001b[2m:2095:21)\u001b[22m\n      \u001b[2mat Parser.parseExprAtom (\u001b[22mnode_modules/@babel/parser/src/parser/expression.ts\u001b[2m:1181:21)\u001b[22m\n      \u001b[2mat Parser.parseExprSubscripts (\u001b[22mnode_modules/@babel/parser/src/parser/expression.ts\u001b[2m:742:23)\u001b[22m\n      \u001b[2mat Parser.parseUpdate (\u001b[22mnode_modules/@babel/parser/src/parser/expression.ts\u001b[2m:721:21)\u001b[22m\n      \u001b[2mat Parser.parseMaybeUnary (\u001b[22mnode_modules/@babel/parser/src/parser/expression.ts\u001b[2m:683:23)\u001b[22m\n      \u001b[2mat Parser.parseMaybeUnaryOrPrivate (\u001b[22mnode_modules/@babel/parser/src/parser/expression.ts\u001b[2m:417:14)\u001b[22m\n      \u001b[2mat Parser.parseExprOps (\u001b[22mnode_modules/@babel/parser/src/parser/expression.ts\u001b[2m:429:23)\u001b[22m\n      \u001b[2mat Parser.parseMaybeConditional (\u001b[22mnode_modules/@babel/parser/src/parser/expression.ts\u001b[2m:384:23)\u001b[22m\n      \u001b[2mat Parser.parseMaybeAssign (\u001b[22mnode_modules/@babel/parser/src/parser/expression.ts\u001b[2m:301:21)\u001b[22m\n      \u001b[2mat Parser.parseExpressionBase (\u001b[22mnode_modules/@babel/parser/src/parser/expression.ts\u001b[2m:226:23)\u001b[22m\n      \u001b[2mat callback (\u001b[22mnode_modules/@babel/parser/src/parser/expression.ts\u001b[2m:217:39)\u001b[22m\n      \u001b[2mat Parser.allowInAnd (\u001b[22mnode_modules/@babel/parser/src/parser/expression.ts\u001b[2m:3197:16)\u001b[22m\n      \u001b[2mat Parser.parseExpression (\u001b[22mnode_modules/@babel/parser/src/parser/expression.ts\u001b[2m:217:17)\u001b[22m\n      \u001b[2mat Parser.parseReturnStatement (\u001b[22mnode_modules/@babel/parser/src/parser/statement.ts\u001b[2m:1115:28)\u001b[22m\n      \u001b[2mat Parser.parseStatementContent (\u001b[22mnode_modules/@babel/parser/src/parser/statement.ts\u001b[2m:543:21)\u001b[22m\n      \u001b[2mat Parser.parseStatementLike (\u001b[22mnode_modules/@babel/parser/src/parser/statement.ts\u001b[2m:482:17)\u001b[22m\n      \u001b[2mat Parser.parseStatementListItem (\u001b[22mnode_modules/@babel/parser/src/parser/statement.ts\u001b[2m:431:17)\u001b[22m\n      \u001b[2mat Parser.parseBlockOrModuleBlockBody (\u001b[22mnode_modules/@babel/parser/src/parser/statement.ts\u001b[2m:1444:16)\u001b[22m\n      \u001b[2mat Parser.parseBlockBody (\u001b[22mnode_modules/@babel/parser/src/parser/statement.ts\u001b[2m:1417:10)\u001b[22m\n      \u001b[2mat Parser.parseBlock (\u001b[22mnode_modules/@babel/parser/src/parser/statement.ts\u001b[2m:1385:10)\u001b[22m\n      \u001b[2mat Parser.parseFunctionBody (\u001b[22mnode_modules/@babel/parser/src/parser/expression.ts\u001b[2m:2626:24)\u001b[22m\n      \u001b[2mat Parser.parseArrowExpression (\u001b[22mnode_modules/@babel/parser/src/parser/expression.ts\u001b[2m:2563:10)\u001b[22m\n      \u001b[2mat Parser.parseParenAndDistinguishExpression (\u001b[22mnode_modules/@babel/parser/src/parser/expression.ts\u001b[2m:1847:12)\u001b[22m\n      \u001b[2mat Parser.parseExprAtom (\u001b[22mnode_modules/@babel/parser/src/parser/expression.ts\u001b[2m:1170:21)\u001b[22m\n      \u001b[2mat Parser.parseExprSubscripts (\u001b[22mnode_modules/@babel/parser/src/parser/expression.ts\u001b[2m:742:23)\u001b[22m\n      \u001b[2mat Parser.parseUpdate (\u001b[22mnode_modules/@babel/parser/src/parser/expression.ts\u001b[2m:721:21)\u001b[22m\n      \u001b[2mat Parser.parseMaybeUnary (\u001b[22mnode_modules/@babel/parser/src/parser/expression.ts\u001b[2m:683:23)\u001b[22m\n      \u001b[2mat Parser.parseMaybeUnaryOrPrivate (\u001b[22mnode_modules/@babel/parser/src/parser/expression.ts\u001b[2m:417:14)\u001b[22m\n      \u001b[2mat Parser.parseExprOps (\u001b[22mnode_modules/@babel/parser/src/parser/expression.ts\u001b[2m:429:23)\u001b[22m\n      \u001b[2mat Parser.parseMaybeConditional (\u001b[22mnode_modules/@babel/parser/src/parser/expression.ts\u001b[2m:384:23)\u001b[22m\n","name":"C:\\Users\\plant\\Desktop\\Rust区块链\\Wallet front-end\\blockchain-wallet-ui\\src\\components\\Layout\\AppLayout.navigation.test.tsx","startTime":1761544641912,"status":"failed","summary":""},{"assertionResults":[],"coverage":{},"endTime":1761544641912,"message":"  \u001b[1m● \u001b[22mTest suite failed to run\n\n    \u001b[1m\u001b[31mJest encountered an unexpected token\u001b[39m\u001b[22m\n\n    Jest failed to parse a file. This happens e.g. when your code or its dependencies use non-standard JavaScript syntax, or when Jest is not configured to support such syntax.\n\n    Out of the box Jest supports Babel, which will be used to transform your files into valid JS based on your Babel configuration.\n\n    By default \"node_modules\" folder is ignored by transformers.\n\n    Here's what you can do:\n     • If you are trying to use ECMAScript Modules, see \u001b[4mhttps://jestjs.io/docs/ecmascript-modules\u001b[24m for how to enable it.\n     • If you are trying to use TypeScript, see \u001b[4mhttps://jestjs.io/docs/getting-started#using-typescript\u001b[24m\n     • To have some of your \"node_modules\" files transformed, you can specify a custom \u001b[1m\"transformIgnorePatterns\"\u001b[22m in your config.\n     • If you need a custom transformation specify a \u001b[1m\"transform\"\u001b[22m option in your config.\n     • If you simply want to mock your non-JS modules (e.g. binary assets) you can stub them out with the \u001b[1m\"moduleNameMapper\"\u001b[22m config option.\n\n    You'll find more details and examples of these config options in the docs:\n    \u001b[36mhttps://jestjs.io/docs/configuration\u001b[39m\n    For information about custom transformations, see:\n    \u001b[36mhttps://jestjs.io/docs/code-transformation\u001b[39m\n\n    \u001b[1m\u001b[31mDetails:\u001b[39m\u001b[22m\n\n    SyntaxError: C:\\Users\\plant\\Desktop\\Rust区块链\\Wallet front-end\\blockchain-wallet-ui\\src\\pages\\HistoryPage\\HistoryTimelineItem.test.tsx: Unexpected token (7:16)\n\n    \u001b[0m \u001b[90m  5 |\u001b[39m \u001b[36mimport\u001b[39m { \u001b[33mTransaction\u001b[39m } \u001b[36mfrom\u001b[39m \u001b[32m'../../types'\u001b[39m\u001b[33m;\u001b[39m\n     \u001b[90m  6 |\u001b[39m\n    \u001b[31m\u001b[1m>\u001b[22m\u001b[39m\u001b[90m  7 |\u001b[39m \u001b[36mconst\u001b[39m makeTx \u001b[33m=\u001b[39m ()\u001b[33m:\u001b[39m \u001b[33mTransaction\u001b[39m \u001b[33m=>\u001b[39m ({\n     \u001b[90m    |\u001b[39m                 \u001b[31m\u001b[1m^\u001b[22m\u001b[39m\n     \u001b[90m  8 |\u001b[39m   id\u001b[33m:\u001b[39m \u001b[32m'0x1234567890abcdef1234567890abcdef12345678'\u001b[39m\u001b[33m,\u001b[39m\n     \u001b[90m  9 |\u001b[39m   timestamp\u001b[33m:\u001b[39m \u001b[33mMath\u001b[39m\u001b[33m.\u001b[39mfloor(\u001b[33mDate\u001b[39m\u001b[33m.\u001b[39mnow() \u001b[33m/\u001b[39m \u001b[35m1000\u001b[39m) \u001b[33m-\u001b[39m \u001b[35m60\u001b[39m\u001b[33m,\u001b[39m\n     \u001b[90m 10 |\u001b[39m   status\u001b[33m:\u001b[39m \u001b[32m'confirmed'\u001b[39m\u001b[33m,\u001b[39m\u001b[0m\n\n      \u001b[2mat toParseError (\u001b[22mnode_modules/@babel/parser/src/parse-error.ts\u001b[2m:95:45)\u001b[22m\n      \u001b[2mat Parser.raise (\u001b[22mnode_modules/@babel/parser/src/tokenizer/index.ts\u001b[2m:1507:19)\u001b[22m\n      \u001b[2mat Parser.unexpected (\u001b[22mnode_modules/@babel/parser/src/tokenizer/index.ts\u001b[2m:1547:16)\u001b[22m\n      \u001b[2mat Parser.parseParenAndDistinguishExpression (\u001b[22mnode_modules/@babel/parser/src/parser/expression.ts\u001b[2m:1854:12)\u001b[22m\n      \u001b[2mat Parser.parseExprAtom (\u001b[22mnode_modules/@babel/parser/src/parser/expression.ts\u001b[2m:1170:21)\u001b[22m\n      \u001b[2mat Parser.parseExprSubscripts (\u001b[22mnode_modules/@babel/parser/src/parser/expression.ts\u001b[2m:742:23)\u001b[22m\n      \u001b[2mat Parser.parseUpdate (\u001b[22mnode_modules/@babel/parser/src/parser/expression.ts\u001b[2m:721:21)\u001b[22m\n      \u001b[2mat Parser.parseMaybeUnary (\u001b[22mnode_modules/@babel/parser/src/parser/expression.ts\u001b[2m:683:23)\u001b[22m\n      \u001b[2mat Parser.parseMaybeUnaryOrPrivate (\u001b[22mnode_modules/@babel/parser/src/parser/expression.ts\u001b[2m:417:14)\u001b[22m\n      \u001b[2mat Parser.parseExprOps (\u001b[22mnode_modules/@babel/parser/src/parser/expression.ts\u001b[2m:429:23)\u001b[22m\n      \u001b[2mat Parser.parseMaybeConditional (\u001b[22mnode_modules/@babel/parser/src/parser/expression.ts\u001b[2m:384:23)\u001b[22m\n      \u001b[2mat Parser.parseMaybeAssign (\u001b[22mnode_modules/@babel/parser/src/parser/expression.ts\u001b[2m:301:21)\u001b[22m\n      \u001b[2mat callback (\u001b[22mnode_modules/@babel/parser/src/parser/expression.ts\u001b[2m:257:12)\u001b[22m\n      \u001b[2mat Parser.allowInAnd (\u001b[22mnode_modules/@babel/parser/src/parser/expression.ts\u001b[2m:3197:16)\u001b[22m\n      \u001b[2mat Parser.parseMaybeAssignAllowIn (\u001b[22mnode_modules/@babel/parser/src/parser/expression.ts\u001b[2m:256:17)\u001b[22m\n      \u001b[2mat Parser.parseVar (\u001b[22mnode_modules/@babel/parser/src/parser/statement.ts\u001b[2m:1587:18)\u001b[22m\n      \u001b[2mat Parser.parseVarStatement (\u001b[22mnode_modules/@babel/parser/src/parser/statement.ts\u001b[2m:1251:10)\u001b[22m\n      \u001b[2mat Parser.parseStatementContent (\u001b[22mnode_modules/@babel/parser/src/parser/statement.ts\u001b[2m:612:21)\u001b[22m\n      \u001b[2mat Parser.parseStatementLike (\u001b[22mnode_modules/@babel/parser/src/parser/statement.ts\u001b[2m:482:17)\u001b[22m\n      \u001b[2mat Parser.parseModuleItem (\u001b[22mnode_modules/@babel/parser/src/parser/statement.ts\u001b[2m:419:17)\u001b[22m\n      \u001b[2mat Parser.parseBlockOrModuleBlockBody (\u001b[22mnode_modules/@babel/parser/src/parser/statement.ts\u001b[2m:1443:16)\u001b[22m\n      \u001b[2mat Parser.parseBlockBody (\u001b[22mnode_modules/@babel/parser/src/parser/statement.ts\u001b[2m:1417:10)\u001b[22m\n      \u001b[2mat Parser.parseProgram (\u001b[22mnode_modules/@babel/parser/src/parser/statement.ts\u001b[2m:229:10)\u001b[22m\n      \u001b[2mat Parser.parseTopLevel (\u001b[22mnode_modules/@babel/parser/src/parser/statement.ts\u001b[2m:203:25)\u001b[22m\n      \u001b[2mat Parser.parse (\u001b[22mnode_modules/@babel/parser/src/parser/index.ts\u001b[2m:88:25)\u001b[22m\n      \u001b[2mat parse (\u001b[22mnode_modules/@babel/parser/src/index.ts\u001b[2m:86:38)\u001b[22m\n      \u001b[2mat parser (\u001b[22mnode_modules/@babel/core/src/parser/index.ts\u001b[2m:29:19)\u001b[22m\n          at parser.next (<anonymous>)\n      \u001b[2mat normalizeFile (\u001b[22mnode_modules/@babel/core/src/transformation/normalize-file.ts\u001b[2m:50:24)\u001b[22m\n          at normalizeFile.next (<anonymous>)\n      \u001b[2mat run (\u001b[22mnode_modules/@babel/core/src/transformation/index.ts\u001b[2m:41:36)\u001b[22m\n          at run.next (<anonymous>)\n      \u001b[2mat transform (\u001b[22mnode_modules/@babel/core/src/transform.ts\u001b[2m:29:20)\u001b[22m\n          at transform.next (<anonymous>)\n      \u001b[2mat evaluateSync (\u001b[22mnode_modules/gensync/index.js\u001b[2m:251:28)\u001b[22m\n      \u001b[2mat fn (\u001b[22mnode_modules/gensync/index.js\u001b[2m:89:14)\u001b[22m\n      \u001b[2mat stopHiding - secret - don't use this - v1 (\u001b[22mnode_modules/@babel/core/src/errors/rewrite-stack-trace.ts\u001b[2m:99:14)\u001b[22m\n      \u001b[2mat transformSync (\u001b[22mnode_modules/@babel/core/src/transform.ts\u001b[2m:66:52)\u001b[22m\n      \u001b[2mat ScriptTransformer.transformSource (\u001b[22mnode_modules/@jest/transform/build/ScriptTransformer.js\u001b[2m:619:31)\u001b[22m\n      \u001b[2mat ScriptTransformer._transformAndBuildScript (\u001b[22mnode_modules/@jest/transform/build/ScriptTransformer.js\u001b[2m:765:40)\u001b[22m\n      \u001b[2mat ScriptTransformer.transform (\u001b[22mnode_modules/@jest/transform/build/ScriptTransformer.js\u001b[2m:822:19)\u001b[22m\n","name":"C:\\Users\\plant\\Desktop\\Rust区块链\\Wallet front-end\\blockchain-wallet-ui\\src\\pages\\HistoryPage\\HistoryTimelineItem.test.tsx","startTime":1761544641912,"status":"failed","summary":""},{"assertionResults":[],"coverage":{},"endTime":1761544641912,"message":"  \u001b[1m● \u001b[22mTest suite failed to run\n\n    \u001b[1m\u001b[31mJest encountered an unexpected token\u001b[39m\u001b[22m\n\n    Jest failed to parse a file. This happens e.g. when your code or its dependencies use non-standard JavaScript syntax, or when Jest is not configured to support such syntax.\n\n    Out of the box Jest supports Babel, which will be used to transform your files into valid JS based on your Babel configuration.\n\n    By default \"node_modules\" folder is ignored by transformers.\n\n    Here's what you can do:\n     • If you are trying to use ECMAScript Modules, see \u001b[4mhttps://jestjs.io/docs/ecmascript-modules\u001b[24m for how to enable it.\n     • If you are trying to use TypeScript, see \u001b[4mhttps://jestjs.io/docs/getting-started#using-typescript\u001b[24m\n     • To have some of your \"node_modules\" files transformed, you can specify a custom \u001b[1m\"transformIgnorePatterns\"\u001b[22m in your config.\n     • If you need a custom transformation specify a \u001b[1m\"transform\"\u001b[22m option in your config.\n     • If you simply want to mock your non-JS modules (e.g. binary assets) you can stub them out with the \u001b[1m\"moduleNameMapper\"\u001b[22m config option.\n\n    You'll find more details and examples of these config options in the docs:\n    \u001b[36mhttps://jestjs.io/docs/configuration\u001b[39m\n    For information about custom transformations, see:\n    \u001b[36mhttps://jestjs.io/docs/code-transformation\u001b[39m\n\n    \u001b[1m\u001b[31mDetails:\u001b[39m\u001b[22m\n\n    SyntaxError: C:\\Users\\plant\\Desktop\\Rust区块链\\Wallet front-end\\blockchain-wallet-ui\\src\\pages\\SettingsPage\\SettingsPage.test.tsx: Support for the experimental syntax 'jsx' isn't currently enabled (31:5):\n\n    \u001b[0m \u001b[90m 29 |\u001b[39m   \u001b[36mconst\u001b[39m { \u001b[36mdefault\u001b[39m\u001b[33m:\u001b[39m \u001b[33mSettingsPage\u001b[39m } \u001b[33m=\u001b[39m \u001b[36mawait\u001b[39m \u001b[36mimport\u001b[39m(\u001b[32m'./SettingsPage'\u001b[39m)\u001b[33m;\u001b[39m\n     \u001b[90m 30 |\u001b[39m   \u001b[36mreturn\u001b[39m render(\n    \u001b[31m\u001b[1m>\u001b[22m\u001b[39m\u001b[90m 31 |\u001b[39m     \u001b[33m<\u001b[39m\u001b[33mMemoryRouter\u001b[39m\u001b[33m>\u001b[39m\n     \u001b[90m    |\u001b[39m     \u001b[31m\u001b[1m^\u001b[22m\u001b[39m\n     \u001b[90m 32 |\u001b[39m       \u001b[33m<\u001b[39m\u001b[33mWalletProvider\u001b[39m\u001b[33m>\u001b[39m\n     \u001b[90m 33 |\u001b[39m         \u001b[33m<\u001b[39m\u001b[33mSettingsPage\u001b[39m \u001b[33m/\u001b[39m\u001b[33m>\u001b[39m\n     \u001b[90m 34 |\u001b[39m       \u001b[33m<\u001b[39m\u001b[33m/\u001b[39m\u001b[33mWalletProvider\u001b[39m\u001b[33m>\u001b[39m\u001b[0m\n\n    Add @babel/preset-react (https://github.com/babel/babel/tree/main/packages/babel-preset-react) to the 'presets' section of your Babel config to enable transformation.\n    If you want to leave it as-is, add @babel/plugin-syntax-jsx (https://github.com/babel/babel/tree/main/packages/babel-plugin-syntax-jsx) to the 'plugins' section to enable parsing.\n\n    If you already added the plugin for this syntax to your config, it's possible that your config isn't being loaded.\n    You can re-run Babel with the BABEL_SHOW_CONFIG_FOR environment variable to show the loaded configuration:\n    \tnpx cross-env BABEL_SHOW_CONFIG_FOR=C:\\Users\\plant\\Desktop\\Rust区块链\\Wallet front-end\\blockchain-wallet-ui\\src\\pages\\SettingsPage\\SettingsPage.test.tsx <your build command>\n    See https://babeljs.io/docs/configuration#print-effective-configs for more info.\n\n      \u001b[2mat toParseError (\u001b[22mnode_modules/@babel/parser/src/parse-error.ts\u001b[2m:95:45)\u001b[22m\n      \u001b[2mat Parser.raise (\u001b[22mnode_modules/@babel/parser/src/tokenizer/index.ts\u001b[2m:1507:19)\u001b[22m\n      \u001b[2mat Parser.expectOnePlugin (\u001b[22mnode_modules/@babel/parser/src/tokenizer/index.ts\u001b[2m:1572:18)\u001b[22m\n      \u001b[2mat Parser.parseExprAtom (\u001b[22mnode_modules/@babel/parser/src/parser/expression.ts\u001b[2m:1272:22)\u001b[22m\n      \u001b[2mat Parser.parseExprSubscripts (\u001b[22mnode_modules/@babel/parser/src/parser/expression.ts\u001b[2m:742:23)\u001b[22m\n      \u001b[2mat Parser.parseUpdate (\u001b[22mnode_modules/@babel/parser/src/parser/expression.ts\u001b[2m:721:21)\u001b[22m\n      \u001b[2mat Parser.parseMaybeUnary (\u001b[22mnode_modules/@babel/parser/src/parser/expression.ts\u001b[2m:683:23)\u001b[22m\n      \u001b[2mat Parser.parseMaybeUnaryOrPrivate (\u001b[22mnode_modules/@babel/parser/src/parser/expression.ts\u001b[2m:417:14)\u001b[22m\n      \u001b[2mat Parser.parseExprOps (\u001b[22mnode_modules/@babel/parser/src/parser/expression.ts\u001b[2m:429:23)\u001b[22m\n      \u001b[2mat Parser.parseMaybeConditional (\u001b[22mnode_modules/@babel/parser/src/parser/expression.ts\u001b[2m:384:23)\u001b[22m\n      \u001b[2mat Parser.parseMaybeAssign (\u001b[22mnode_modules/@babel/parser/src/parser/expression.ts\u001b[2m:301:21)\u001b[22m\n      \u001b[2mat callback (\u001b[22mnode_modules/@babel/parser/src/parser/expression.ts\u001b[2m:257:12)\u001b[22m\n      \u001b[2mat Parser.allowInAnd (\u001b[22mnode_modules/@babel/parser/src/parser/expression.ts\u001b[2m:3202:12)\u001b[22m\n      \u001b[2mat Parser.parseMaybeAssignAllowIn (\u001b[22mnode_modules/@babel/parser/src/parser/expression.ts\u001b[2m:256:17)\u001b[22m\n      \u001b[2mat Parser.parseMaybeAssignAllowInOrVoidPattern (\u001b[22mnode_modules/@babel/parser/src/parser/expression.ts\u001b[2m:3316:17)\u001b[22m\n      \u001b[2mat Parser.parseExprListItem (\u001b[22mnode_modules/@babel/parser/src/parser/expression.ts\u001b[2m:2798:18)\u001b[22m\n      \u001b[2mat Parser.parseCallExpressionArguments (\u001b[22mnode_modules/@babel/parser/src/parser/expression.ts\u001b[2m:1042:14)\u001b[22m\n      \u001b[2mat Parser.parseCoverCallAndAsyncArrowHead (\u001b[22mnode_modules/@babel/parser/src/parser/expression.ts\u001b[2m:922:29)\u001b[22m\n      \u001b[2mat Parser.parseSubscript (\u001b[22mnode_modules/@babel/parser/src/parser/expression.ts\u001b[2m:804:19)\u001b[22m\n      \u001b[2mat Parser.parseSubscripts (\u001b[22mnode_modules/@babel/parser/src/parser/expression.ts\u001b[2m:763:19)\u001b[22m\n      \u001b[2mat Parser.parseExprSubscripts (\u001b[22mnode_modules/@babel/parser/src/parser/expression.ts\u001b[2m:748:17)\u001b[22m\n      \u001b[2mat Parser.parseUpdate (\u001b[22mnode_modules/@babel/parser/src/parser/expression.ts\u001b[2m:721:21)\u001b[22m\n      \u001b[2mat Parser.parseMaybeUnary (\u001b[22mnode_modules/@babel/parser/src/parser/expression.ts\u001b[2m:683:23)\u001b[22m\n      \u001b[2mat Parser.parseMaybeUnaryOrPrivate (\u001b[22mnode_modules/@babel/parser/src/parser/expression.ts\u001b[2m:417:14)\u001b[22m\n      \u001b[2mat Parser.parseExprOps (\u001b[22mnode_modules/@babel/parser/src/parser/expression.ts\u001b[2m:429:23)\u001b[22m\n      \u001b[2mat Parser.parseMaybeConditional (\u001b[22mnode_modules/@babel/parser/src/parser/expression.ts\u001b[2m:384:23)\u001b[22m\n      \u001b[2mat Parser.parseMaybeAssign (\u001b[22mnode_modules/@babel/parser/src/parser/expression.ts\u001b[2m:301:21)\u001b[22m\n      \u001b[2mat Parser.parseExpressionBase (\u001b[22mnode_modules/@babel/parser/src/parser/expression.ts\u001b[2m:226:23)\u001b[22m\n      \u001b[2mat callback (\u001b[22mnode_modules/@babel/parser/src/parser/expression.ts\u001b[2m:217:39)\u001b[22m\n      \u001b[2mat Parser.allowInAnd (\u001b[22mnode_modules/@babel/parser/src/parser/expression.ts\u001b[2m:3197:16)\u001b[22m\n      \u001b[2mat Parser.parseExpression (\u001b[22mnode_modules/@babel/parser/src/parser/expression.ts\u001b[2m:217:17)\u001b[22m\n      \u001b[2mat Parser.parseReturnStatement (\u001b[22mnode_modules/@babel/parser/src/parser/statement.ts\u001b[2m:1115:28)\u001b[22m\n      \u001b[2mat Parser.parseStatementContent (\u001b[22mnode_modules/@babel/parser/src/parser/statement.ts\u001b[2m:543:21)\u001b[22m\n      \u001b[2mat Parser.parseStatementLike (\u001b[22mnode_modules/@babel/parser/src/parser/statement.ts\u001b[2m:482:17)\u001b[22m\n      \u001b[2mat Parser.parseStatementListItem (\u001b[22mnode_modules/@babel/parser/src/parser/statement.ts\u001b[2m:431:17)\u001b[22m\n      \u001b[2mat Parser.parseBlockOrModuleBlockBody (\u001b[22mnode_modules/@babel/parser/src/parser/statement.ts\u001b[2m:1444:16)\u001b[22m\n      \u001b[2mat Parser.parseBlockBody (\u001b[22mnode_modules/@babel/parser/src/parser/statement.ts\u001b[2m:1417:10)\u001b[22m\n      \u001b[2mat Parser.parseBlock (\u001b[22mnode_modules/@babel/parser/src/parser/statement.ts\u001b[2m:1385:10)\u001b[22m\n      \u001b[2mat Parser.parseFunctionBody (\u001b[22mnode_modules/@babel/parser/src/parser/expression.ts\u001b[2m:2626:24)\u001b[22m\n      \u001b[2mat Parser.parseArrowExpression (\u001b[22mnode_modules/@babel/parser/src/parser/expression.ts\u001b[2m:2563:10)\u001b[22m\n      \u001b[2mat Parser.parseAsyncArrowFromCallExpression (\u001b[22mnode_modules/@babel/parser/src/parser/expression.ts\u001b[2m:1067:10)\u001b[22m\n      \u001b[2mat Parser.parseCoverCallAndAsyncArrowHead (\u001b[22mnode_modules/@babel/parser/src/parser/expression.ts\u001b[2m:942:27)\u001b[22m\n      \u001b[2mat Parser.parseSubscript (\u001b[22mnode_modules/@babel/parser/src/parser/expression.ts\u001b[2m:804:19)\u001b[22m\n      \u001b[2mat Parser.parseSubscripts (\u001b[22mnode_modules/@babel/parser/src/parser/expression.ts\u001b[2m:763:19)\u001b[22m\n      \u001b[2mat Parser.parseExprSubscripts (\u001b[22mnode_modules/@babel/parser/src/parser/expression.ts\u001b[2m:748:17)\u001b[22m\n      \u001b[2mat Parser.parseUpdate (\u001b[22mnode_modules/@babel/parser/src/parser/expression.ts\u001b[2m:721:21)\u001b[22m\n      \u001b[2mat Parser.parseMaybeUnary (\u001b[22mnode_modules/@babel/parser/src/parser/expression.ts\u001b[2m:683:23)\u001b[22m\n      \u001b[2mat Parser.parseMaybeUnaryOrPrivate (\u001b[22mnode_modules/@babel/parser/src/parser/expression.ts\u001b[2m:417:14)\u001b[22m\n      \u001b[2mat Parser.parseExprOps (\u001b[22mnode_modules/@babel/parser/src/parser/expression.ts\u001b[2m:429:23)\u001b[22m\n      \u001b[2mat Parser.parseMaybeConditional (\u001b[22mnode_modules/@babel/parser/src/parser/expression.ts\u001b[2m:384:23)\u001b[22m\n","name":"C:\\Users\\plant\\Desktop\\Rust区块链\\Wallet front-end\\blockchain-wallet-ui\\src\\pages\\SettingsPage\\SettingsPage.test.tsx","startTime":1761544641912,"status":"failed","summary":""},{"assertionResults":[],"coverage":{},"endTime":1761544641912,"message":"  \u001b[1m● \u001b[22mTest suite failed to run\n\n    \u001b[1m\u001b[31mJest encountered an unexpected token\u001b[39m\u001b[22m\n\n    Jest failed to parse a file. This happens e.g. when your code or its dependencies use non-standard JavaScript syntax, or when Jest is not configured to support such syntax.\n\n    Out of the box Jest supports Babel, which will be used to transform your files into valid JS based on your Babel configuration.\n\n    By default \"node_modules\" folder is ignored by transformers.\n\n    Here's what you can do:\n     • If you are trying to use ECMAScript Modules, see \u001b[4mhttps://jestjs.io/docs/ecmascript-modules\u001b[24m for how to enable it.\n     • If you are trying to use TypeScript, see \u001b[4mhttps://jestjs.io/docs/getting-started#using-typescript\u001b[24m\n     • To have some of your \"node_modules\" files transformed, you can specify a custom \u001b[1m\"transformIgnorePatterns\"\u001b[22m in your config.\n     • If you need a custom transformation specify a \u001b[1m\"transform\"\u001b[22m option in your config.\n     • If you simply want to mock your non-JS modules (e.g. binary assets) you can stub them out with the \u001b[1m\"moduleNameMapper\"\u001b[22m config option.\n\n    You'll find more details and examples of these config options in the docs:\n    \u001b[36mhttps://jestjs.io/docs/configuration\u001b[39m\n    For information about custom transformations, see:\n    \u001b[36mhttps://jestjs.io/docs/code-transformation\u001b[39m\n\n    \u001b[1m\u001b[31mDetails:\u001b[39m\u001b[22m\n\n    SyntaxError: C:\\Users\\plant\\Desktop\\Rust区块链\\Wallet front-end\\blockchain-wallet-ui\\src\\pages\\BridgePage\\BridgePage.test.tsx: Support for the experimental syntax 'jsx' isn't currently enabled (9:3):\n\n    \u001b[0m \u001b[90m  7 |\u001b[39m\n     \u001b[90m  8 |\u001b[39m \u001b[36mconst\u001b[39m renderWithProvider \u001b[33m=\u001b[39m () \u001b[33m=>\u001b[39m render(\n    \u001b[31m\u001b[1m>\u001b[22m\u001b[39m\u001b[90m  9 |\u001b[39m   \u001b[33m<\u001b[39m\u001b[33mMemoryRouter\u001b[39m\u001b[33m>\u001b[39m\n     \u001b[90m    |\u001b[39m   \u001b[31m\u001b[1m^\u001b[22m\u001b[39m\n     \u001b[90m 10 |\u001b[39m     \u001b[33m<\u001b[39m\u001b[33mWalletProvider\u001b[39m\u001b[33m>\u001b[39m\n     \u001b[90m 11 |\u001b[39m       \u001b[33m<\u001b[39m\u001b[33mBridgePage\u001b[39m \u001b[33m/\u001b[39m\u001b[33m>\u001b[39m\n     \u001b[90m 12 |\u001b[39m     \u001b[33m<\u001b[39m\u001b[33m/\u001b[39m\u001b[33mWalletProvider\u001b[39m\u001b[33m>\u001b[39m\u001b[0m\n\n    Add @babel/preset-react (https://github.com/babel/babel/tree/main/packages/babel-preset-react) to the 'presets' section of your Babel config to enable transformation.\n    If you want to leave it as-is, add @babel/plugin-syntax-jsx (https://github.com/babel/babel/tree/main/packages/babel-plugin-syntax-jsx) to the 'plugins' section to enable parsing.\n\n    If you already added the plugin for this syntax to your config, it's possible that your config isn't being loaded.\n    You can re-run Babel with the BABEL_SHOW_CONFIG_FOR environment variable to show the loaded configuration:\n    \tnpx cross-env BABEL_SHOW_CONFIG_FOR=C:\\Users\\plant\\Desktop\\Rust区块链\\Wallet front-end\\blockchain-wallet-ui\\src\\pages\\BridgePage\\BridgePage.test.tsx <your build command>\n    See https://babeljs.io/docs/configuration#print-effective-configs for more info.\n\n      \u001b[2mat toParseError (\u001b[22mnode_modules/@babel/parser/src/parse-error.ts\u001b[2m:95:45)\u001b[22m\n      \u001b[2mat Parser.raise (\u001b[22mnode_modules/@babel/parser/src/tokenizer/index.ts\u001b[2m:1507:19)\u001b[22m\n      \u001b[2mat Parser.expectOnePlugin (\u001b[22mnode_modules/@babel/parser/src/tokenizer/index.ts\u001b[2m:1572:18)\u001b[22m\n      \u001b[2mat Parser.parseExprAtom (\u001b[22mnode_modules/@babel/parser/src/parser/expression.ts\u001b[2m:1272:22)\u001b[22m\n      \u001b[2mat Parser.parseExprSubscripts (\u001b[22mnode_modules/@babel/parser/src/parser/expression.ts\u001b[2m:742:23)\u001b[22m\n      \u001b[2mat Parser.parseUpdate (\u001b[22mnode_modules/@babel/parser/src/parser/expression.ts\u001b[2m:721:21)\u001b[22m\n      \u001b[2mat Parser.parseMaybeUnary (\u001b[22mnode_modules/@babel/parser/src/parser/expression.ts\u001b[2m:683:23)\u001b[22m\n      \u001b[2mat Parser.parseMaybeUnaryOrPrivate (\u001b[22mnode_modules/@babel/parser/src/parser/expression.ts\u001b[2m:417:14)\u001b[22m\n      \u001b[2mat Parser.parseExprOps (\u001b[22mnode_modules/@babel/parser/src/parser/expression.ts\u001b[2m:429:23)\u001b[22m\n      \u001b[2mat Parser.parseMaybeConditional (\u001b[22mnode_modules/@babel/parser/src/parser/expression.ts\u001b[2m:384:23)\u001b[22m\n      \u001b[2mat Parser.parseMaybeAssign (\u001b[22mnode_modules/@babel/parser/src/parser/expression.ts\u001b[2m:301:21)\u001b[22m\n      \u001b[2mat callback (\u001b[22mnode_modules/@babel/parser/src/parser/expression.ts\u001b[2m:257:12)\u001b[22m\n      \u001b[2mat Parser.allowInAnd (\u001b[22mnode_modules/@babel/parser/src/parser/expression.ts\u001b[2m:3202:12)\u001b[22m\n      \u001b[2mat Parser.parseMaybeAssignAllowIn (\u001b[22mnode_modules/@babel/parser/src/parser/expression.ts\u001b[2m:256:17)\u001b[22m\n      \u001b[2mat Parser.parseMaybeAssignAllowInOrVoidPattern (\u001b[22mnode_modules/@babel/parser/src/parser/expression.ts\u001b[2m:3316:17)\u001b[22m\n      \u001b[2mat Parser.parseExprListItem (\u001b[22mnode_modules/@babel/parser/src/parser/expression.ts\u001b[2m:2798:18)\u001b[22m\n      \u001b[2mat Parser.parseCallExpressionArguments (\u001b[22mnode_modules/@babel/parser/src/parser/expression.ts\u001b[2m:1042:14)\u001b[22m\n      \u001b[2mat Parser.parseCoverCallAndAsyncArrowHead (\u001b[22mnode_modules/@babel/parser/src/parser/expression.ts\u001b[2m:922:29)\u001b[22m\n      \u001b[2mat Parser.parseSubscript (\u001b[22mnode_modules/@babel/parser/src/parser/expression.ts\u001b[2m:804:19)\u001b[22m\n      \u001b[2mat Parser.parseSubscripts (\u001b[22mnode_modules/@babel/parser/src/parser/expression.ts\u001b[2m:763:19)\u001b[22m\n      \u001b[2mat Parser.parseExprSubscripts (\u001b[22mnode_modules/@babel/parser/src/parser/expression.ts\u001b[2m:748:17)\u001b[22m\n      \u001b[2mat Parser.parseUpdate (\u001b[22mnode_modules/@babel/parser/src/parser/expression.ts\u001b[2m:721:21)\u001b[22m\n      \u001b[2mat Parser.parseMaybeUnary (\u001b[22mnode_modules/@babel/parser/src/parser/expression.ts\u001b[2m:683:23)\u001b[22m\n      \u001b[2mat Parser.parseMaybeUnaryOrPrivate (\u001b[22mnode_modules/@babel/parser/src/parser/expression.ts\u001b[2m:417:14)\u001b[22m\n      \u001b[2mat Parser.parseExprOps (\u001b[22mnode_modules/@babel/parser/src/parser/expression.ts\u001b[2m:429:23)\u001b[22m\n      \u001b[2mat Parser.parseMaybeConditional (\u001b[22mnode_modules/@babel/parser/src/parser/expression.ts\u001b[2m:384:23)\u001b[22m\n      \u001b[2mat Parser.parseMaybeAssign (\u001b[22mnode_modules/@babel/parser/src/parser/expression.ts\u001b[2m:301:21)\u001b[22m\n      \u001b[2mat Parser.parseFunctionBody (\u001b[22mnode_modules/@babel/parser/src/parser/expression.ts\u001b[2m:2612:14)\u001b[22m\n      \u001b[2mat Parser.parseArrowExpression (\u001b[22mnode_modules/@babel/parser/src/parser/expression.ts\u001b[2m:2563:10)\u001b[22m\n      \u001b[2mat Parser.parseParenAndDistinguishExpression (\u001b[22mnode_modules/@babel/parser/src/parser/expression.ts\u001b[2m:1847:12)\u001b[22m\n      \u001b[2mat Parser.parseExprAtom (\u001b[22mnode_modules/@babel/parser/src/parser/expression.ts\u001b[2m:1170:21)\u001b[22m\n      \u001b[2mat Parser.parseExprSubscripts (\u001b[22mnode_modules/@babel/parser/src/parser/expression.ts\u001b[2m:742:23)\u001b[22m\n      \u001b[2mat Parser.parseUpdate (\u001b[22mnode_modules/@babel/parser/src/parser/expression.ts\u001b[2m:721:21)\u001b[22m\n      \u001b[2mat Parser.parseMaybeUnary (\u001b[22mnode_modules/@babel/parser/src/parser/expression.ts\u001b[2m:683:23)\u001b[22m\n      \u001b[2mat Parser.parseMaybeUnaryOrPrivate (\u001b[22mnode_modules/@babel/parser/src/parser/expression.ts\u001b[2m:417:14)\u001b[22m\n      \u001b[2mat Parser.parseExprOps (\u001b[22mnode_modules/@babel/parser/src/parser/expression.ts\u001b[2m:429:23)\u001b[22m\n      \u001b[2mat Parser.parseMaybeConditional (\u001b[22mnode_modules/@babel/parser/src/parser/expression.ts\u001b[2m:384:23)\u001b[22m\n      \u001b[2mat Parser.parseMaybeAssign (\u001b[22mnode_modules/@babel/parser/src/parser/expression.ts\u001b[2m:301:21)\u001b[22m\n      \u001b[2mat callback (\u001b[22mnode_modules/@babel/parser/src/parser/expression.ts\u001b[2m:257:12)\u001b[22m\n      \u001b[2mat Parser.allowInAnd (\u001b[22mnode_modules/@babel/parser/src/parser/expression.ts\u001b[2m:3197:16)\u001b[22m\n      \u001b[2mat Parser.parseMaybeAssignAllowIn (\u001b[22mnode_modules/@babel/parser/src/parser/expression.ts\u001b[2m:256:17)\u001b[22m\n      \u001b[2mat Parser.parseVar (\u001b[22mnode_modules/@babel/parser/src/parser/statement.ts\u001b[2m:1587:18)\u001b[22m\n      \u001b[2mat Parser.parseVarStatement (\u001b[22mnode_modules/@babel/parser/src/parser/statement.ts\u001b[2m:1251:10)\u001b[22m\n      \u001b[2mat Parser.parseStatementContent (\u001b[22mnode_modules/@babel/parser/src/parser/statement.ts\u001b[2m:612:21)\u001b[22m\n      \u001b[2mat Parser.parseStatementLike (\u001b[22mnode_modules/@babel/parser/src/parser/statement.ts\u001b[2m:482:17)\u001b[22m\n      \u001b[2mat Parser.parseModuleItem (\u001b[22mnode_modules/@babel/parser/src/parser/statement.ts\u001b[2m:419:17)\u001b[22m\n      \u001b[2mat Parser.parseBlockOrModuleBlockBody (\u001b[22mnode_modules/@babel/parser/src/parser/statement.ts\u001b[2m:1443:16)\u001b[22m\n      \u001b[2mat Parser.parseBlockBody (\u001b[22mnode_modules/@babel/parser/src/parser/statement.ts\u001b[2m:1417:10)\u001b[22m\n      \u001b[2mat Parser.parseProgram (\u001b[22mnode_modules/@babel/parser/src/parser/statement.ts\u001b[2m:229:10)\u001b[22m\n      \u001b[2mat Parser.parseTopLevel (\u001b[22mnode_modules/@babel/parser/src/parser/statement.ts\u001b[2m:203:25)\u001b[22m\n","name":"C:\\Users\\plant\\Desktop\\Rust区块链\\Wallet front-end\\blockchain-wallet-ui\\src\\pages\\BridgePage\\BridgePage.test.tsx","startTime":1761544641912,"status":"failed","summary":""},{"assertionResults":[],"coverage":{},"endTime":1761544641912,"message":"  \u001b[1m● \u001b[22mTest suite failed to run\n\n    SyntaxError: C:\\Users\\plant\\Desktop\\Rust区块链\\Wallet front-end\\blockchain-wallet-ui\\src\\App.navigation.test.tsx: Unexpected token, expected \",\" (10:32)\n\n    \u001b[0m \u001b[90m  8 |\u001b[39m   \u001b[36mconst\u001b[39m \u001b[33mReact\u001b[39m \u001b[33m=\u001b[39m require(\u001b[32m'react'\u001b[39m)\u001b[33m;\u001b[39m\n     \u001b[90m  9 |\u001b[39m   \u001b[90m// Swallow children to prevent SVG gradient tags rendering under JSDOM\u001b[39m\n    \u001b[31m\u001b[1m>\u001b[22m\u001b[39m\u001b[90m 10 |\u001b[39m   \u001b[36mconst\u001b[39m \u001b[33mMockComp\u001b[39m \u001b[33m=\u001b[39m ({ children }\u001b[33m:\u001b[39m any) \u001b[33m=>\u001b[39m \u001b[33mReact\u001b[39m\u001b[33m.\u001b[39mcreateElement(\u001b[32m'div'\u001b[39m\u001b[33m,\u001b[39m \u001b[36mnull\u001b[39m)\u001b[33m;\u001b[39m\n     \u001b[90m    |\u001b[39m                                 \u001b[31m\u001b[1m^\u001b[22m\u001b[39m\n     \u001b[90m 11 |\u001b[39m   \u001b[36mreturn\u001b[39m {\n     \u001b[90m 12 |\u001b[39m     __esModule\u001b[33m:\u001b[39m \u001b[36mtrue\u001b[39m\u001b[33m,\u001b[39m\n     \u001b[90m 13 |\u001b[39m     \u001b[33mResponsiveContainer\u001b[39m\u001b[33m:\u001b[39m \u001b[33mMockComp\u001b[39m\u001b[33m,\u001b[39m\u001b[0m\n\n      \u001b[2mat toParseError (\u001b[22mnode_modules/@babel/parser/src/parse-error.ts\u001b[2m:95:45)\u001b[22m\n      \u001b[2mat Parser.raise (\u001b[22mnode_modules/@babel/parser/src/tokenizer/index.ts\u001b[2m:1507:19)\u001b[22m\n      \u001b[2mat Parser.unexpected (\u001b[22mnode_modules/@babel/parser/src/tokenizer/index.ts\u001b[2m:1547:16)\u001b[22m\n      \u001b[2mat Parser.expect (\u001b[22mnode_modules/@babel/parser/src/parser/util.ts\u001b[2m:157:12)\u001b[22m\n      \u001b[2mat Parser.parseParenAndDistinguishExpression (\u001b[22mnode_modules/@babel/parser/src/parser/expression.ts\u001b[2m:1798:14)\u001b[22m\n      \u001b[2mat Parser.parseExprAtom (\u001b[22mnode_modules/@babel/parser/src/parser/expression.ts\u001b[2m:1170:21)\u001b[22m\n      \u001b[2mat Parser.parseExprSubscripts (\u001b[22mnode_modules/@babel/parser/src/parser/expression.ts\u001b[2m:742:23)\u001b[22m\n      \u001b[2mat Parser.parseUpdate (\u001b[22mnode_modules/@babel/parser/src/parser/expression.ts\u001b[2m:721:21)\u001b[22m\n      \u001b[2mat Parser.parseMaybeUnary (\u001b[22mnode_modules/@babel/parser/src/parser/expression.ts\u001b[2m:683:23)\u001b[22m\n      \u001b[2mat Parser.parseMaybeUnaryOrPrivate (\u001b[22mnode_modules/@babel/parser/src/parser/expression.ts\u001b[2m:417:14)\u001b[22m\n      \u001b[2mat Parser.parseExprOps (\u001b[22mnode_modules/@babel/parser/src/parser/expression.ts\u001b[2m:429:23)\u001b[22m\n      \u001b[2mat Parser.parseMaybeConditional (\u001b[22mnode_modules/@babel/parser/src/parser/expression.ts\u001b[2m:384:23)\u001b[22m\n      \u001b[2mat Parser.parseMaybeAssign (\u001b[22mnode_modules/@babel/parser/src/parser/expression.ts\u001b[2m:301:21)\u001b[22m\n      \u001b[2mat callback (\u001b[22mnode_modules/@babel/parser/src/parser/expression.ts\u001b[2m:257:12)\u001b[22m\n      \u001b[2mat Parser.allowInAnd (\u001b[22mnode_modules/@babel/parser/src/parser/expression.ts\u001b[2m:3197:16)\u001b[22m\n      \u001b[2mat Parser.parseMaybeAssignAllowIn (\u001b[22mnode_modules/@babel/parser/src/parser/expression.ts\u001b[2m:256:17)\u001b[22m\n      \u001b[2mat Parser.parseVar (\u001b[22mnode_modules/@babel/parser/src/parser/statement.ts\u001b[2m:1587:18)\u001b[22m\n      \u001b[2mat Parser.parseVarStatement (\u001b[22mnode_modules/@babel/parser/src/parser/statement.ts\u001b[2m:1251:10)\u001b[22m\n      \u001b[2mat Parser.parseStatementContent (\u001b[22mnode_modules/@babel/parser/src/parser/statement.ts\u001b[2m:612:21)\u001b[22m\n      \u001b[2mat Parser.parseStatementLike (\u001b[22mnode_modules/@babel/parser/src/parser/statement.ts\u001b[2m:482:17)\u001b[22m\n      \u001b[2mat Parser.parseStatementListItem (\u001b[22mnode_modules/@babel/parser/src/parser/statement.ts\u001b[2m:431:17)\u001b[22m\n      \u001b[2mat Parser.parseBlockOrModuleBlockBody (\u001b[22mnode_modules/@babel/parser/src/parser/statement.ts\u001b[2m:1444:16)\u001b[22m\n      \u001b[2mat Parser.parseBlockBody (\u001b[22mnode_modules/@babel/parser/src/parser/statement.ts\u001b[2m:1417:10)\u001b[22m\n      \u001b[2mat Parser.parseBlock (\u001b[22mnode_modules/@babel/parser/src/parser/statement.ts\u001b[2m:1385:10)\u001b[22m\n      \u001b[2mat Parser.parseFunctionBody (\u001b[22mnode_modules/@babel/parser/src/parser/expression.ts\u001b[2m:2626:24)\u001b[22m\n      \u001b[2mat Parser.parseArrowExpression (\u001b[22mnode_modules/@babel/parser/src/parser/expression.ts\u001b[2m:2563:10)\u001b[22m\n      \u001b[2mat Parser.parseParenAndDistinguishExpression (\u001b[22mnode_modules/@babel/parser/src/parser/expression.ts\u001b[2m:1847:12)\u001b[22m\n      \u001b[2mat Parser.parseExprAtom (\u001b[22mnode_modules/@babel/parser/src/parser/expression.ts\u001b[2m:1170:21)\u001b[22m\n      \u001b[2mat Parser.parseExprSubscripts (\u001b[22mnode_modules/@babel/parser/src/parser/expression.ts\u001b[2m:742:23)\u001b[22m\n      \u001b[2mat Parser.parseUpdate (\u001b[22mnode_modules/@babel/parser/src/parser/expression.ts\u001b[2m:721:21)\u001b[22m\n      \u001b[2mat Parser.parseMaybeUnary (\u001b[22mnode_modules/@babel/parser/src/parser/expression.ts\u001b[2m:683:23)\u001b[22m\n      \u001b[2mat Parser.parseMaybeUnaryOrPrivate (\u001b[22mnode_modules/@babel/parser/src/parser/expression.ts\u001b[2m:417:14)\u001b[22m\n      \u001b[2mat Parser.parseExprOps (\u001b[22mnode_modules/@babel/parser/src/parser/expression.ts\u001b[2m:429:23)\u001b[22m\n      \u001b[2mat Parser.parseMaybeConditional (\u001b[22mnode_modules/@babel/parser/src/parser/expression.ts\u001b[2m:384:23)\u001b[22m\n      \u001b[2mat Parser.parseMaybeAssign (\u001b[22mnode_modules/@babel/parser/src/parser/expression.ts\u001b[2m:301:21)\u001b[22m\n      \u001b[2mat callback (\u001b[22mnode_modules/@babel/parser/src/parser/expression.ts\u001b[2m:257:12)\u001b[22m\n      \u001b[2mat Parser.allowInAnd (\u001b[22mnode_modules/@babel/parser/src/parser/expression.ts\u001b[2m:3202:12)\u001b[22m\n      \u001b[2mat Parser.parseMaybeAssignAllowIn (\u001b[22mnode_modules/@babel/parser/src/parser/expression.ts\u001b[2m:256:17)\u001b[22m\n      \u001b[2mat Parser.parseMaybeAssignAllowInOrVoidPattern (\u001b[22mnode_modules/@babel/parser/src/parser/expression.ts\u001b[2m:3316:17)\u001b[22m\n      \u001b[2mat Parser.parseExprListItem (\u001b[22mnode_modules/@babel/parser/src/parser/expression.ts\u001b[2m:2798:18)\u001b[22m\n      \u001b[2mat Parser.parseCallExpressionArguments (\u001b[22mnode_modules/@babel/parser/src/parser/expression.ts\u001b[2m:1042:14)\u001b[22m\n      \u001b[2mat Parser.parseCoverCallAndAsyncArrowHead (\u001b[22mnode_modules/@babel/parser/src/parser/expression.ts\u001b[2m:922:29)\u001b[22m\n      \u001b[2mat Parser.parseSubscript (\u001b[22mnode_modules/@babel/parser/src/parser/expression.ts\u001b[2m:804:19)\u001b[22m\n      \u001b[2mat Parser.parseSubscripts (\u001b[22mnode_modules/@babel/parser/src/parser/expression.ts\u001b[2m:763:19)\u001b[22m\n      \u001b[2mat Parser.parseExprSubscripts (\u001b[22mnode_modules/@babel/parser/src/parser/expression.ts\u001b[2m:748:17)\u001b[22m\n      \u001b[2mat Parser.parseUpdate (\u001b[22mnode_modules/@babel/parser/src/parser/expression.ts\u001b[2m:721:21)\u001b[22m\n      \u001b[2mat Parser.parseMaybeUnary (\u001b[22mnode_modules/@babel/parser/src/parser/expression.ts\u001b[2m:683:23)\u001b[22m\n      \u001b[2mat Parser.parseMaybeUnaryOrPrivate (\u001b[22mnode_modules/@babel/parser/src/parser/expression.ts\u001b[2m:417:14)\u001b[22m\n      \u001b[2mat Parser.parseExprOps (\u001b[22mnode_modules/@babel/parser/src/parser/expression.ts\u001b[2m:429:23)\u001b[22m\n      \u001b[2mat Parser.parseMaybeConditional (\u001b[22mnode_modules/@babel/parser/src/parser/expression.ts\u001b[2m:384:23)\u001b[22m\n","name":"C:\\Users\\plant\\Desktop\\Rust区块链\\Wallet front-end\\blockchain-wallet-ui\\src\\App.navigation.test.tsx","startTime":1761544641912,"status":"failed","summary":""},{"assertionResults":[],"coverage":{},"endTime":1761544641912,"message":"  \u001b[1m● \u001b[22mTest suite failed to run\n\n    \u001b[1m\u001b[31mJest encountered an unexpected token\u001b[39m\u001b[22m\n\n    Jest failed to parse a file. This happens e.g. when your code or its dependencies use non-standard JavaScript syntax, or when Jest is not configured to support such syntax.\n\n    Out of the box Jest supports Babel, which will be used to transform your files into valid JS based on your Babel configuration.\n\n    By default \"node_modules\" folder is ignored by transformers.\n\n    Here's what you can do:\n     • If you are trying to use ECMAScript Modules, see \u001b[4mhttps://jestjs.io/docs/ecmascript-modules\u001b[24m for how to enable it.\n     • If you are trying to use TypeScript, see \u001b[4mhttps://jestjs.io/docs/getting-started#using-typescript\u001b[24m\n     • To have some of your \"node_modules\" files transformed, you can specify a custom \u001b[1m\"transformIgnorePatterns\"\u001b[22m in your config.\n     • If you need a custom transformation specify a \u001b[1m\"transform\"\u001b[22m option in your config.\n     • If you simply want to mock your non-JS modules (e.g. binary assets) you can stub them out with the \u001b[1m\"moduleNameMapper\"\u001b[22m config option.\n\n    You'll find more details and examples of these config options in the docs:\n    \u001b[36mhttps://jestjs.io/docs/configuration\u001b[39m\n    For information about custom transformations, see:\n    \u001b[36mhttps://jestjs.io/docs/code-transformation\u001b[39m\n\n    \u001b[1m\u001b[31mDetails:\u001b[39m\u001b[22m\n\n    SyntaxError: C:\\Users\\plant\\Desktop\\Rust区块链\\Wallet front-end\\blockchain-wallet-ui\\src\\pages\\WalletPage\\WalletPage.errors.test.tsx: Support for the experimental syntax 'jsx' isn't currently enabled (38:3):\n\n    \u001b[0m \u001b[90m 36 |\u001b[39m\n     \u001b[90m 37 |\u001b[39m \u001b[36mconst\u001b[39m setup \u001b[33m=\u001b[39m () \u001b[33m=>\u001b[39m render(\n    \u001b[31m\u001b[1m>\u001b[22m\u001b[39m\u001b[90m 38 |\u001b[39m   \u001b[33m<\u001b[39m\u001b[33mMemoryRouter\u001b[39m\u001b[33m>\u001b[39m\n     \u001b[90m    |\u001b[39m   \u001b[31m\u001b[1m^\u001b[22m\u001b[39m\n     \u001b[90m 39 |\u001b[39m     \u001b[33m<\u001b[39m\u001b[33mWalletProvider\u001b[39m\u001b[33m>\u001b[39m\n     \u001b[90m 40 |\u001b[39m       \u001b[33m<\u001b[39m\u001b[33mWalletPage\u001b[39m \u001b[33m/\u001b[39m\u001b[33m>\u001b[39m\n     \u001b[90m 41 |\u001b[39m     \u001b[33m<\u001b[39m\u001b[33m/\u001b[39m\u001b[33mWalletProvider\u001b[39m\u001b[33m>\u001b[39m\u001b[0m\n\n    Add @babel/preset-react (https://github.com/babel/babel/tree/main/packages/babel-preset-react) to the 'presets' section of your Babel config to enable transformation.\n    If you want to leave it as-is, add @babel/plugin-syntax-jsx (https://github.com/babel/babel/tree/main/packages/babel-plugin-syntax-jsx) to the 'plugins' section to enable parsing.\n\n    If you already added the plugin for this syntax to your config, it's possible that your config isn't being loaded.\n    You can re-run Babel with the BABEL_SHOW_CONFIG_FOR environment variable to show the loaded configuration:\n    \tnpx cross-env BABEL_SHOW_CONFIG_FOR=C:\\Users\\plant\\Desktop\\Rust区块链\\Wallet front-end\\blockchain-wallet-ui\\src\\pages\\WalletPage\\WalletPage.errors.test.tsx <your build command>\n    See https://babeljs.io/docs/configuration#print-effective-configs for more info.\n\n      \u001b[2mat toParseError (\u001b[22mnode_modules/@babel/parser/src/parse-error.ts\u001b[2m:95:45)\u001b[22m\n      \u001b[2mat Parser.raise (\u001b[22mnode_modules/@babel/parser/src/tokenizer/index.ts\u001b[2m:1507:19)\u001b[22m\n      \u001b[2mat Parser.expectOnePlugin (\u001b[22mnode_modules/@babel/parser/src/tokenizer/index.ts\u001b[2m:1572:18)\u001b[22m\n      \u001b[2mat Parser.parseExprAtom (\u001b[22mnode_modules/@babel/parser/src/parser/expression.ts\u001b[2m:1272:22)\u001b[22m\n      \u001b[2mat Parser.parseExprSubscripts (\u001b[22mnode_modules/@babel/parser/src/parser/expression.ts\u001b[2m:742:23)\u001b[22m\n      \u001b[2mat Parser.parseUpdate (\u001b[22mnode_modules/@babel/parser/src/parser/expression.ts\u001b[2m:721:21)\u001b[22m\n      \u001b[2mat Parser.parseMaybeUnary (\u001b[22mnode_modules/@babel/parser/src/parser/expression.ts\u001b[2m:683:23)\u001b[22m\n      \u001b[2mat Parser.parseMaybeUnaryOrPrivate (\u001b[22mnode_modules/@babel/parser/src/parser/expression.ts\u001b[2m:417:14)\u001b[22m\n      \u001b[2mat Parser.parseExprOps (\u001b[22mnode_modules/@babel/parser/src/parser/expression.ts\u001b[2m:429:23)\u001b[22m\n      \u001b[2mat Parser.parseMaybeConditional (\u001b[22mnode_modules/@babel/parser/src/parser/expression.ts\u001b[2m:384:23)\u001b[22m\n      \u001b[2mat Parser.parseMaybeAssign (\u001b[22mnode_modules/@babel/parser/src/parser/expression.ts\u001b[2m:301:21)\u001b[22m\n      \u001b[2mat callback (\u001b[22mnode_modules/@babel/parser/src/parser/expression.ts\u001b[2m:257:12)\u001b[22m\n      \u001b[2mat Parser.allowInAnd (\u001b[22mnode_modules/@babel/parser/src/parser/expression.ts\u001b[2m:3202:12)\u001b[22m\n      \u001b[2mat Parser.parseMaybeAssignAllowIn (\u001b[22mnode_modules/@babel/parser/src/parser/expression.ts\u001b[2m:256:17)\u001b[22m\n      \u001b[2mat Parser.parseMaybeAssignAllowInOrVoidPattern (\u001b[22mnode_modules/@babel/parser/src/parser/expression.ts\u001b[2m:3316:17)\u001b[22m\n      \u001b[2mat Parser.parseExprListItem (\u001b[22mnode_modules/@babel/parser/src/parser/expression.ts\u001b[2m:2798:18)\u001b[22m\n      \u001b[2mat Parser.parseCallExpressionArguments (\u001b[22mnode_modules/@babel/parser/src/parser/expression.ts\u001b[2m:1042:14)\u001b[22m\n      \u001b[2mat Parser.parseCoverCallAndAsyncArrowHead (\u001b[22mnode_modules/@babel/parser/src/parser/expression.ts\u001b[2m:922:29)\u001b[22m\n      \u001b[2mat Parser.parseSubscript (\u001b[22mnode_modules/@babel/parser/src/parser/expression.ts\u001b[2m:804:19)\u001b[22m\n      \u001b[2mat Parser.parseSubscripts (\u001b[22mnode_modules/@babel/parser/src/parser/expression.ts\u001b[2m:763:19)\u001b[22m\n      \u001b[2mat Parser.parseExprSubscripts (\u001b[22mnode_modules/@babel/parser/src/parser/expression.ts\u001b[2m:748:17)\u001b[22m\n      \u001b[2mat Parser.parseUpdate (\u001b[22mnode_modules/@babel/parser/src/parser/expression.ts\u001b[2m:721:21)\u001b[22m\n      \u001b[2mat Parser.parseMaybeUnary (\u001b[22mnode_modules/@babel/parser/src/parser/expression.ts\u001b[2m:683:23)\u001b[22m\n      \u001b[2mat Parser.parseMaybeUnaryOrPrivate (\u001b[22mnode_modules/@babel/parser/src/parser/expression.ts\u001b[2m:417:14)\u001b[22m\n      \u001b[2mat Parser.parseExprOps (\u001b[22mnode_modules/@babel/parser/src/parser/expression.ts\u001b[2m:429:23)\u001b[22m\n      \u001b[2mat Parser.parseMaybeConditional (\u001b[22mnode_modules/@babel/parser/src/parser/expression.ts\u001b[2m:384:23)\u001b[22m\n      \u001b[2mat Parser.parseMaybeAssign (\u001b[22mnode_modules/@babel/parser/src/parser/expression.ts\u001b[2m:301:21)\u001b[22m\n      \u001b[2mat Parser.parseFunctionBody (\u001b[22mnode_modules/@babel/parser/src/parser/expression.ts\u001b[2m:2612:14)\u001b[22m\n      \u001b[2mat Parser.parseArrowExpression (\u001b[22mnode_modules/@babel/parser/src/parser/expression.ts\u001b[2m:2563:10)\u001b[22m\n      \u001b[2mat Parser.parseParenAndDistinguishExpression (\u001b[22mnode_modules/@babel/parser/src/parser/expression.ts\u001b[2m:1847:12)\u001b[22m\n      \u001b[2mat Parser.parseExprAtom (\u001b[22mnode_modules/@babel/parser/src/parser/expression.ts\u001b[2m:1170:21)\u001b[22m\n      \u001b[2mat Parser.parseExprSubscripts (\u001b[22mnode_modules/@babel/parser/src/parser/expression.ts\u001b[2m:742:23)\u001b[22m\n      \u001b[2mat Parser.parseUpdate (\u001b[22mnode_modules/@babel/parser/src/parser/expression.ts\u001b[2m:721:21)\u001b[22m\n      \u001b[2mat Parser.parseMaybeUnary (\u001b[22mnode_modules/@babel/parser/src/parser/expression.ts\u001b[2m:683:23)\u001b[22m\n      \u001b[2mat Parser.parseMaybeUnaryOrPrivate (\u001b[22mnode_modules/@babel/parser/src/parser/expression.ts\u001b[2m:417:14)\u001b[22m\n      \u001b[2mat Parser.parseExprOps (\u001b[22mnode_modules/@babel/parser/src/parser/expression.ts\u001b[2m:429:23)\u001b[22m\n      \u001b[2mat Parser.parseMaybeConditional (\u001b[22mnode_modules/@babel/parser/src/parser/expression.ts\u001b[2m:384:23)\u001b[22m\n      \u001b[2mat Parser.parseMaybeAssign (\u001b[22mnode_modules/@babel/parser/src/parser/expression.ts\u001b[2m:301:21)\u001b[22m\n      \u001b[2mat callback (\u001b[22mnode_modules/@babel/parser/src/parser/expression.ts\u001b[2m:257:12)\u001b[22m\n      \u001b[2mat Parser.allowInAnd (\u001b[22mnode_modules/@babel/parser/src/parser/expression.ts\u001b[2m:3197:16)\u001b[22m\n      \u001b[2mat Parser.parseMaybeAssignAllowIn (\u001b[22mnode_modules/@babel/parser/src/parser/expression.ts\u001b[2m:256:17)\u001b[22m\n      \u001b[2mat Parser.parseVar (\u001b[22mnode_modules/@babel/parser/src/parser/statement.ts\u001b[2m:1587:18)\u001b[22m\n      \u001b[2mat Parser.parseVarStatement (\u001b[22mnode_modules/@babel/parser/src/parser/statement.ts\u001b[2m:1251:10)\u001b[22m\n      \u001b[2mat Parser.parseStatementContent (\u001b[22mnode_modules/@babel/parser/src/parser/statement.ts\u001b[2m:612:21)\u001b[22m\n      \u001b[2mat Parser.parseStatementLike (\u001b[22mnode_modules/@babel/parser/src/parser/statement.ts\u001b[2m:482:17)\u001b[22m\n      \u001b[2mat Parser.parseModuleItem (\u001b[22mnode_modules/@babel/parser/src/parser/statement.ts\u001b[2m:419:17)\u001b[22m\n      \u001b[2mat Parser.parseBlockOrModuleBlockBody (\u001b[22mnode_modules/@babel/parser/src/parser/statement.ts\u001b[2m:1443:16)\u001b[22m\n      \u001b[2mat Parser.parseBlockBody (\u001b[22mnode_modules/@babel/parser/src/parser/statement.ts\u001b[2m:1417:10)\u001b[22m\n      \u001b[2mat Parser.parseProgram (\u001b[22mnode_modules/@babel/parser/src/parser/statement.ts\u001b[2m:229:10)\u001b[22m\n      \u001b[2mat Parser.parseTopLevel (\u001b[22mnode_modules/@babel/parser/src/parser/statement.ts\u001b[2m:203:25)\u001b[22m\n","name":"C:\\Users\\plant\\Desktop\\Rust区块链\\Wallet front-end\\blockchain-wallet-ui\\src\\pages\\WalletPage\\WalletPage.errors.test.tsx","startTime":1761544641912,"status":"failed","summary":""},{"assertionResults":[],"coverage":{},"endTime":1761544641912,"message":"  \u001b[1m● \u001b[22mTest suite failed to run\n\n    \u001b[1m\u001b[31mJest encountered an unexpected token\u001b[39m\u001b[22m\n\n    Jest failed to parse a file. This happens e.g. when your code or its dependencies use non-standard JavaScript syntax, or when Jest is not configured to support such syntax.\n\n    Out of the box Jest supports Babel, which will be used to transform your files into valid JS based on your Babel configuration.\n\n    By default \"node_modules\" folder is ignored by transformers.\n\n    Here's what you can do:\n     • If you are trying to use ECMAScript Modules, see \u001b[4mhttps://jestjs.io/docs/ecmascript-modules\u001b[24m for how to enable it.\n     • If you are trying to use TypeScript, see \u001b[4mhttps://jestjs.io/docs/getting-started#using-typescript\u001b[24m\n     • To have some of your \"node_modules\" files transformed, you can specify a custom \u001b[1m\"transformIgnorePatterns\"\u001b[22m in your config.\n     • If you need a custom transformation specify a \u001b[1m\"transform\"\u001b[22m option in your config.\n     • If you simply want to mock your non-JS modules (e.g. binary assets) you can stub them out with the \u001b[1m\"moduleNameMapper\"\u001b[22m config option.\n\n    You'll find more details and examples of these config options in the docs:\n    \u001b[36mhttps://jestjs.io/docs/configuration\u001b[39m\n    For information about custom transformations, see:\n    \u001b[36mhttps://jestjs.io/docs/code-transformation\u001b[39m\n\n    \u001b[1m\u001b[31mDetails:\u001b[39m\u001b[22m\n\n    SyntaxError: C:\\Users\\plant\\Desktop\\Rust区块链\\Wallet front-end\\blockchain-wallet-ui\\src\\pages\\HistoryPage\\HistoryPage.test.tsx: Support for the experimental syntax 'jsx' isn't currently enabled (9:3):\n\n    \u001b[0m \u001b[90m  7 |\u001b[39m\n     \u001b[90m  8 |\u001b[39m \u001b[36mconst\u001b[39m renderWithProvider \u001b[33m=\u001b[39m () \u001b[33m=>\u001b[39m render(\n    \u001b[31m\u001b[1m>\u001b[22m\u001b[39m\u001b[90m  9 |\u001b[39m   \u001b[33m<\u001b[39m\u001b[33mMemoryRouter\u001b[39m\u001b[33m>\u001b[39m\n     \u001b[90m    |\u001b[39m   \u001b[31m\u001b[1m^\u001b[22m\u001b[39m\n     \u001b[90m 10 |\u001b[39m     \u001b[33m<\u001b[39m\u001b[33mWalletProvider\u001b[39m\u001b[33m>\u001b[39m\n     \u001b[90m 11 |\u001b[39m       \u001b[33m<\u001b[39m\u001b[33mHistoryPage\u001b[39m \u001b[33m/\u001b[39m\u001b[33m>\u001b[39m\n     \u001b[90m 12 |\u001b[39m     \u001b[33m<\u001b[39m\u001b[33m/\u001b[39m\u001b[33mWalletProvider\u001b[39m\u001b[33m>\u001b[39m\u001b[0m\n\n    Add @babel/preset-react (https://github.com/babel/babel/tree/main/packages/babel-preset-react) to the 'presets' section of your Babel config to enable transformation.\n    If you want to leave it as-is, add @babel/plugin-syntax-jsx (https://github.com/babel/babel/tree/main/packages/babel-plugin-syntax-jsx) to the 'plugins' section to enable parsing.\n\n    If you already added the plugin for this syntax to your config, it's possible that your config isn't being loaded.\n    You can re-run Babel with the BABEL_SHOW_CONFIG_FOR environment variable to show the loaded configuration:\n    \tnpx cross-env BABEL_SHOW_CONFIG_FOR=C:\\Users\\plant\\Desktop\\Rust区块链\\Wallet front-end\\blockchain-wallet-ui\\src\\pages\\HistoryPage\\HistoryPage.test.tsx <your build command>\n    See https://babeljs.io/docs/configuration#print-effective-configs for more info.\n\n      \u001b[2mat toParseError (\u001b[22mnode_modules/@babel/parser/src/parse-error.ts\u001b[2m:95:45)\u001b[22m\n      \u001b[2mat Parser.raise (\u001b[22mnode_modules/@babel/parser/src/tokenizer/index.ts\u001b[2m:1507:19)\u001b[22m\n      \u001b[2mat Parser.expectOnePlugin (\u001b[22mnode_modules/@babel/parser/src/tokenizer/index.ts\u001b[2m:1572:18)\u001b[22m\n      \u001b[2mat Parser.parseExprAtom (\u001b[22mnode_modules/@babel/parser/src/parser/expression.ts\u001b[2m:1272:22)\u001b[22m\n      \u001b[2mat Parser.parseExprSubscripts (\u001b[22mnode_modules/@babel/parser/src/parser/expression.ts\u001b[2m:742:23)\u001b[22m\n      \u001b[2mat Parser.parseUpdate (\u001b[22mnode_modules/@babel/parser/src/parser/expression.ts\u001b[2m:721:21)\u001b[22m\n      \u001b[2mat Parser.parseMaybeUnary (\u001b[22mnode_modules/@babel/parser/src/parser/expression.ts\u001b[2m:683:23)\u001b[22m\n      \u001b[2mat Parser.parseMaybeUnaryOrPrivate (\u001b[22mnode_modules/@babel/parser/src/parser/expression.ts\u001b[2m:417:14)\u001b[22m\n      \u001b[2mat Parser.parseExprOps (\u001b[22mnode_modules/@babel/parser/src/parser/expression.ts\u001b[2m:429:23)\u001b[22m\n      \u001b[2mat Parser.parseMaybeConditional (\u001b[22mnode_modules/@babel/parser/src/parser/expression.ts\u001b[2m:384:23)\u001b[22m\n      \u001b[2mat Parser.parseMaybeAssign (\u001b[22mnode_modules/@babel/parser/src/parser/expression.ts\u001b[2m:301:21)\u001b[22m\n      \u001b[2mat callback (\u001b[22mnode_modules/@babel/parser/src/parser/expression.ts\u001b[2m:257:12)\u001b[22m\n      \u001b[2mat Parser.allowInAnd (\u001b[22mnode_modules/@babel/parser/src/parser/expression.ts\u001b[2m:3202:12)\u001b[22m\n      \u001b[2mat Parser.parseMaybeAssignAllowIn (\u001b[22mnode_modules/@babel/parser/src/parser/expression.ts\u001b[2m:256:17)\u001b[22m\n      \u001b[2mat Parser.parseMaybeAssignAllowInOrVoidPattern (\u001b[22mnode_modules/@babel/parser/src/parser/expression.ts\u001b[2m:3316:17)\u001b[22m\n      \u001b[2mat Parser.parseExprListItem (\u001b[22mnode_modules/@babel/parser/src/parser/expression.ts\u001b[2m:2798:18)\u001b[22m\n      \u001b[2mat Parser.parseCallExpressionArguments (\u001b[22mnode_modules/@babel/parser/src/parser/expression.ts\u001b[2m:1042:14)\u001b[22m\n      \u001b[2mat Parser.parseCoverCallAndAsyncArrowHead (\u001b[22mnode_modules/@babel/parser/src/parser/expression.ts\u001b[2m:922:29)\u001b[22m\n      \u001b[2mat Parser.parseSubscript (\u001b[22mnode_modules/@babel/parser/src/parser/expression.ts\u001b[2m:804:19)\u001b[22m\n      \u001b[2mat Parser.parseSubscripts (\u001b[22mnode_modules/@babel/parser/src/parser/expression.ts\u001b[2m:763:19)\u001b[22m\n      \u001b[2mat Parser.parseExprSubscripts (\u001b[22mnode_modules/@babel/parser/src/parser/expression.ts\u001b[2m:748:17)\u001b[22m\n      \u001b[2mat Parser.parseUpdate (\u001b[22mnode_modules/@babel/parser/src/parser/expression.ts\u001b[2m:721:21)\u001b[22m\n      \u001b[2mat Parser.parseMaybeUnary (\u001b[22mnode_modules/@babel/parser/src/parser/expression.ts\u001b[2m:683:23)\u001b[22m\n      \u001b[2mat Parser.parseMaybeUnaryOrPrivate (\u001b[22mnode_modules/@babel/parser/src/parser/expression.ts\u001b[2m:417:14)\u001b[22m\n      \u001b[2mat Parser.parseExprOps (\u001b[22mnode_modules/@babel/parser/src/parser/expression.ts\u001b[2m:429:23)\u001b[22m\n      \u001b[2mat Parser.parseMaybeConditional (\u001b[22m
[...]
[2mat Parser.parseVar (\u001b[22mnode_modules/@babel/parser/src/parser/statement.ts\u001b[2m:1587:18)\u001b[22m\n      \u001b[2mat Parser.parseVarStatement (\u001b[22mnode_modules/@babel/parser/src/parser/statement.ts\u001b[2m:1251:10)\u001b[22m\n      \u001b[2mat Parser.parseStatementContent (\u001b[22mnode_modules/@babel/parser/src/parser/statement.ts\u001b[2m:612:21)\u001b[22m\n      \u001b[2mat Parser.parseStatementLike (\u001b[22mnode_modules/@babel/parser/src/parser/statement.ts\u001b[2m:482:17)\u001b[22m\n      \u001b[2mat Parser.parseModuleItem (\u001b[22mnode_modules/@babel/parser/src/parser/statement.ts\u001b[2m:419:17)\u001b[22m\n      \u001b[2mat Parser.parseBlockOrModuleBlockBody (\u001b[22mnode_modules/@babel/parser/src/parser/statement.ts\u001b[2m:1443:16)\u001b[22m\n      \u001b[2mat Parser.parseBlockBody (\u001b[22mnode_modules/@babel/parser/src/parser/statement.ts\u001b[2m:1417:10)\u001b[22m\n      \u001b[2mat Parser.parseProgram (\u001b[22mnode_modules/@babel/parser/src/parser/statement.ts\u001b[2m:229:10)\u001b[22m\n      \u001b[2mat Parser.parseTopLevel (\u001b[22mnode_modules/@babel/parser/src/parser/statement.ts\u001b[2m:203:25)\u001b[22m\n","name":"C:\\Users\\plant\\Desktop\\Rust区块链\\Wallet front-end\\blockchain-wallet-ui\\src\\pages\\SendPage\\SendPage.test.tsx","startTime":1761544641912,"status":"failed","summary":""},{"assertionResults":[],"coverage":{},"endTime":1761544641912,"message":"  \u001b[1m● \u001b[22mTest suite failed to run\n\n    \u001b[1m\u001b[31mJest encountered an unexpected token\u001b[39m\u001b[22m\n\n    Jest failed to parse a file. This happens e.g. when your code or its dependencies use non-standard JavaScript syntax, or when Jest is not configured to support such syntax.\n\n    Out of the box Jest supports Babel, which will be used to transform your files into valid JS based on your Babel configuration.\n\n    By default \"node_modules\" folder is ignored by transformers.\n\n    Here's what you can do:\n     • If you are trying to use ECMAScript Modules, see \u001b[4mhttps://jestjs.io/docs/ecmascript-modules\u001b[24m for how to enable it.\n     • If you are trying to use TypeScript, see \u001b[4mhttps://jestjs.io/docs/getting-started#using-typescript\u001b[24m\n     • To have some of your \"node_modules\" files transformed, you can specify a custom \u001b[1m\"transformIgnorePatterns\"\u001b[22m in your config.\n     • If you need a custom transformation specify a \u001b[1m\"transform\"\u001b[22m option in your config.\n     • If you simply want to mock your non-JS modules (e.g. binary assets) you can stub them out with the \u001b[1m\"moduleNameMapper\"\u001b[22m config option.\n\n    You'll find more details and examples of these config options in the docs:\n    \u001b[36mhttps://jestjs.io/docs/configuration\u001b[39m\n    For information about custom transformations, see:\n    \u001b[36mhttps://jestjs.io/docs/code-transformation\u001b[39m\n\n    \u001b[1m\u001b[31mDetails:\u001b[39m\u001b[22m\n\n    SyntaxError: C:\\Users\\plant\\Desktop\\Rust区块链\\Wallet front-end\\blockchain-wallet-ui\\src\\pages\\WalletPage\\WalletPage.test.tsx: Support for the experimental syntax 'jsx' isn't currently enabled (27:3):\n\n    \u001b[0m \u001b[90m 25 |\u001b[39m\n     \u001b[90m 26 |\u001b[39m \u001b[36mconst\u001b[39m renderWithProvider \u001b[33m=\u001b[39m () \u001b[33m=>\u001b[39m render(\n    \u001b[31m\u001b[1m>\u001b[22m\u001b[39m\u001b[90m 27 |\u001b[39m   \u001b[33m<\u001b[39m\u001b[33mMemoryRouter\u001b[39m\u001b[33m>\u001b[39m\n     \u001b[90m    |\u001b[39m   \u001b[31m\u001b[1m^\u001b[22m\u001b[39m\n     \u001b[90m 28 |\u001b[39m     \u001b[33m<\u001b[39m\u001b[33mWalletProvider\u001b[39m\u001b[33m>\u001b[39m\n     \u001b[90m 29 |\u001b[39m       \u001b[33m<\u001b[39m\u001b[33mWalletPage\u001b[39m \u001b[33m/\u001b[39m\u001b[33m>\u001b[39m\n     \u001b[90m 30 |\u001b[39m     \u001b[33m<\u001b[39m\u001b[33m/\u001b[39m\u001b[33mWalletProvider\u001b[39m\u001b[33m>\u001b[39m\u001b[0m\n\n    Add @babel/preset-react (https://github.com/babel/babel/tree/main/packages/babel-preset-react) to the 'presets' section of your Babel config to enable transformation.\n    If you want to leave it as-is, add @babel/plugin-syntax-jsx (https://github.com/babel/babel/tree/main/packages/babel-plugin-syntax-jsx) to the 'plugins' section to enable parsing.\n\n    If you already added the plugin for this syntax to your config, it's possible that your config isn't being loaded.\n    You can re-run Babel with the BABEL_SHOW_CONFIG_FOR environment variable to show the loaded configuration:\n    \tnpx cross-env BABEL_SHOW_CONFIG_FOR=C:\\Users\\plant\\Desktop\\Rust区块链\\Wallet front-end\\blockchain-wallet-ui\\src\\pages\\WalletPage\\WalletPage.test.tsx <your build command>\n    See https://babeljs.io/docs/configuration#print-effective-configs for more info.\n\n      \u001b[2mat toParseError (\u001b[22mnode_modules/@babel/parser/src/parse-error.ts\u001b[2m:95:45)\u001b[22m\n      \u001b[2mat Parser.raise (\u001b[22mnode_modules/@babel/parser/src/tokenizer/index.ts\u001b[2m:1507:19)\u001b[22m\n      \u001b[2mat Parser.expectOnePlugin (\u001b[22mnode_modules/@babel/parser/src/tokenizer/index.ts\u001b[2m:1572:18)\u001b[22m\n      \u001b[2mat Parser.parseExprAtom (\u001b[22mnode_modules/@babel/parser/src/parser/expression.ts\u001b[2m:1272:22)\u001b[22m\n      \u001b[2mat Parser.parseExprSubscripts (\u001b[22mnode_modules/@babel/parser/src/parser/expression.ts\u001b[2m:742:23)\u001b[22m\n      \u001b[2mat Parser.parseUpdate (\u001b[22mnode_modules/@babel/parser/src/parser/expression.ts\u001b[2m:721:21)\u001b[22m\n      \u001b[2mat Parser.parseMaybeUnary (\u001b[22mnode_modules/@babel/parser/src/parser/expression.ts\u001b[2m:683:23)\u001b[22m\n      \u001b[2mat Parser.parseMaybeUnaryOrPrivate (\u001b[22mnode_modules/@babel/parser/src/parser/expression.ts\u001b[2m:417:14)\u001b[22m\n      \u001b[2mat Parser.parseExprOps (\u001b[22mnode_modules/@babel/parser/src/parser/expression.ts\u001b[2m:429:23)\u001b[22m\n      \u001b[2mat Parser.parseMaybeConditional (\u001b[22mnode_modules/@babel/parser/src/parser/expression.ts\u001b[2m:384:23)\u001b[22m\n      \u001b[2mat Parser.parseMaybeAssign (\u001b[22mnode_modules/@babel/parser/src/parser/expression.ts\u001b[2m:301:21)\u001b[22m\n      \u001b[2mat callback (\u001b[22mnode_modules/@babel/parser/src/parser/expression.ts\u001b[2m:257:12)\u001b[22m\n      \u001b[2mat Parser.allowInAnd (\u001b[22mnode_modules/@babel/parser/src/parser/expression.ts\u001b[2m:3202:12)\u001b[22m\n      \u001b[2mat Parser.parseMaybeAssignAllowIn (\u001b[22mnode_modules/@babel/parser/src/parser/expression.ts\u001b[2m:256:17)\u001b[22m\n      \u001b[2mat Parser.parseMaybeAssignAllowInOrVoidPattern (\u001b[22mnode_modules/@babel/parser/src/parser/expression.ts\u001b[2m:3316:17)\u001b[22m\n      \u001b[2mat Parser.parseExprListItem (\u001b[22mnode_modules/@babel/parser/src/parser/expression.ts\u001b[2m:2798:18)\u001b[22m\n      \u001b[2mat Parser.parseCallExpressionArguments (\u001b[22mnode_modules/@babel/parser/src/parser/expression.ts\u001b[2m:1042:14)\u001b[22m\n      \u001b[2mat Parser.parseCoverCallAndAsyncArrowHead (\u001b[22mnode_modules/@babel/parser/src/parser/expression.ts\u001b[2m:922:29)\u001b[22m\n      \u001b[2mat Parser.parseSubscript (\u001b[22mnode_modules/@babel/parser/src/parser/expression.ts\u001b[2m:804:19)\u001b[22m\n      \u001b[2mat Parser.parseSubscripts (\u001b[22mnode_modules/@babel/parser/src/parser/expression.ts\u001b[2m:763:19)\u001b[22m\n      \u001b[2mat Parser.parseExprSubscripts (\u001b[22mnode_modules/@babel/parser/src/parser/expression.ts\u001b[2m:748:17)\u001b[22m\n      \u001b[2mat Parser.parseUpdate (\u001b[22mnode_modules/@babel/parser/src/parser/expression.ts\u001b[2m:721:21)\u001b[22m\n      \u001b[2mat Parser.parseMaybeUnary (\u001b[22mnode_modules/@babel/parser/src/parser/expression.ts\u001b[2m:683:23)\u001b[22m\n      \u001b[2mat Parser.parseMaybeUnaryOrPrivate (\u001b[22mnode_modules/@babel/parser/src/parser/expression.ts\u001b[2m:417:14)\u001b[22m\n      \u001b[2mat Parser.parseExprOps (\u001b[22mnode_modules/@babel/parser/src/parser/expression.ts\u001b[2m:429:23)\u001b[22m\n      \u001b[2mat Parser.parseMaybeConditional (\u001b[22mnode_modules/@babel/parser/src/parser/expression.ts\u001b[2m:384:23)\u001b[22m\n      \u001b[2mat Parser.parseMaybeAssign (\u001b[22mnode_modules/@babel/parser/src/parser/expression.ts\u001b[2m:301:21)\u001b[22m\n      \u001b[2mat Parser.parseFunctionBody (\u001b[22mnode_modules/@babel/parser/src/parser/expression.ts\u001b[2m:2612:14)\u001b[22m\n      \u001b[2mat Parser.parseArrowExpression (\u001b[22mnode_modules/@babel/parser/src/parser/expression.ts\u001b[2m:2563:10)\u001b[22m\n      \u001b[2mat Parser.parseParenAndDistinguishExpression (\u001b[22mnode_modules/@babel/parser/src/parser/expression.ts\u001b[2m:1847:12)\u001b[22m\n      \u001b[2mat Parser.parseExprAtom (\u001b[22mnode_modules/@babel/parser/src/parser/expression.ts\u001b[2m:1170:21)\u001b[22m\n      \u001b[2mat Parser.parseExprSubscripts (\u001b[22mnode_modules/@babel/parser/src/parser/expression.ts\u001b[2m:742:23)\u001b[22m\n      \u001b[2mat Parser.parseUpdate (\u001b[22mnode_modules/@babel/parser/src/parser/expression.ts\u001b[2m:721:21)\u001b[22m\n      \u001b[2mat Parser.parseMaybeUnary (\u001b[22mnode_modules/@babel/parser/src/parser/expression.ts\u001b[2m:683:23)\u001b[22m\n      \u001b[2mat Parser.parseMaybeUnaryOrPrivate (\u001b[22mnode_modules/@babel/parser/src/parser/expression.ts\u001b[2m:417:14)\u001b[22m\n      \u001b[2mat Parser.parseExprOps (\u001b[22mnode_modules/@babel/parser/src/parser/expression.ts\u001b[2m:429:23)\u001b[22m\n      \u001b[2mat Parser.parseMaybeConditional (\u001b[22mnode_modules/@babel/parser/src/parser/expression.ts\u001b[2m:384:23)\u001b[22m\n      \u001b[2mat Parser.parseMaybeAssign (\u001b[22mnode_modules/@babel/parser/src/parser/expression.ts\u001b[2m:301:21)\u001b[22m\n      \u001b[2mat callback (\u001b[22mnode_modules/@babel/parser/src/parser/expression.ts\u001b[2m:257:12)\u001b[22m\n      \u001b[2mat Parser.allowInAnd (\u001b[22mnode_modules/@babel/parser/src/parser/expression.ts\u001b[2m:3197:16)\u001b[22m\n      \u001b[2mat Parser.parseMaybeAssignAllowIn (\u001b[22mnode_modules/@babel/parser/src/parser/expression.ts\u001b[2m:256:17)\u001b[22m\n      \u001b[2mat Parser.parseVar (\u001b[22mnode_modules/@babel/parser/src/parser/statement.ts\u001b[2m:1587:18)\u001b[22m\n      \u001b[2mat Parser.parseVarStatement (\u001b[22mnode_modules/@babel/parser/src/parser/statement.ts\u001b[2m:1251:10)\u001b[22m\n      \u001b[2mat Parser.parseStatementContent (\u001b[22mnode_modules/@babel/parser/src/parser/statement.ts\u001b[2m:612:21)\u001b[22m\n      \u001b[2mat Parser.parseStatementLike (\u001b[22mnode_modules/@babel/parser/src/parser/statement.ts\u001b[2m:482:17)\u001b[22m\n      \u001b[2mat Parser.parseModuleItem (\u001b[22mnode_modules/@babel/parser/src/parser/statement.ts\u001b[2m:419:17)\u001b[22m\n      \u001b[2mat Parser.parseBlockOrModuleBlockBody (\u001b[22mnode_modules/@babel/parser/src/parser/statement.ts\u001b[2m:1443:16)\u001b[22m\n      \u001b[2mat Parser.parseBlockBody (\u001b[22mnode_modules/@babel/parser/src/parser/statement.ts\u001b[2m:1417:10)\u001b[22m\n      \u001b[2mat Parser.parseProgram (\u001b[22mnode_modules/@babel/parser/src/parser/statement.ts\u001b[2m:229:10)\u001b[22m\n      \u001b[2mat Parser.parseTopLevel (\u001b[22mnode_modules/@babel/parser/src/parser/statement.ts\u001b[2m:203:25)\u001b[22m\n","name":"C:\\Users\\plant\\Desktop\\Rust区块链\\Wallet front-end\\blockchain-wallet-ui\\src\\pages\\WalletPage\\WalletPage.test.tsx","startTime":1761544641912,"status":"failed","summary":""},{"assertionResults":[],"coverage":{},"endTime":1761544641912,"message":"  \u001b[1m● \u001b[22mTest suite failed to run\n\n    SyntaxError: C:\\Users\\plant\\Desktop\\Rust区块链\\Wallet front-end\\blockchain-wallet-ui\\src\\App.test.tsx: Unexpected token, expected \",\" (9:22)\n\n    \u001b[0m \u001b[90m  7 |\u001b[39m   \u001b[36mconst\u001b[39m \u001b[33mReact\u001b[39m \u001b[33m=\u001b[39m require(\u001b[32m'react'\u001b[39m)\u001b[33m;\u001b[39m\n     \u001b[90m  8 |\u001b[39m   \u001b[90m// Swallow children to avoid SVG-specific tags (e.g., linearGradient) rendering in JSDOM\u001b[39m\n    \u001b[31m\u001b[1m>\u001b[22m\u001b[39m\u001b[90m  9 |\u001b[39m   \u001b[36mconst\u001b[39m \u001b[33mDummy\u001b[39m \u001b[33m=\u001b[39m (props\u001b[33m:\u001b[39m any) \u001b[33m=>\u001b[39m \u001b[33mReact\u001b[39m\u001b[33m.\u001b[39mcreateElement(\u001b[32m'div'\u001b[39m\u001b[33m,\u001b[39m props)\u001b[33m;\u001b[39m\n     \u001b[90m    |\u001b[39m                       \u001b[31m\u001b[1m^\u001b[22m\u001b[39m\n     \u001b[90m 10 |\u001b[39m   \u001b[36mreturn\u001b[39m {\n     \u001b[90m 11 |\u001b[39m     \u001b[33mResponsiveContainer\u001b[39m\u001b[33m:\u001b[39m \u001b[33mDummy\u001b[39m\u001b[33m,\u001b[39m\n     \u001b[90m 12 |\u001b[39m     \u001b[33mLineChart\u001b[39m\u001b[33m:\u001b[39m \u001b[33mDummy\u001b[39m\u001b[33m,\u001b[39m\u001b[0m\n\n      \u001b[2mat toParseError (\u001b[22mnode_modules/@babel/parser/src/parse-error.ts\u001b[2m:95:45)\u001b[22m\n      \u001b[2mat Parser.raise (\u001b[22mnode_modules/@babel/parser/src/tokenizer/index.ts\u001b[2m:1507:19)\u001b[22m\n      \u001b[2mat Parser.unexpected (\u001b[22mnode_modules/@babel/parser/src/tokenizer/index.ts\u001b[2m:1547:16)\u001b[22m\n      \u001b[2mat Parser.expect (\u001b[22mnode_modules/@babel/parser/src/parser/util.ts\u001b[2m:157:12)\u001b[22m\n      \u001b[2mat Parser.parseParenAndDistinguishExpression (\u001b[22mnode_modules/@babel/parser/src/parser/expression.ts\u001b[2m:1798:14)\u001b[22m\n      \u001b[2mat Parser.parseExprAtom (\u001b[22mnode_modules/@babel/parser/src/parser/expression.ts\u001b[2m:1170:21)\u001b[22m\n      \u001b[2mat Parser.parseExprSubscripts (\u001b[22mnode_modules/@babel/parser/src/parser/expression.ts\u001b[2m:742:23)\u001b[22m\n      \u001b[2mat Parser.parseUpdate (\u001b[22mnode_modules/@babel/parser/src/parser/expression.ts\u001b[2m:721:21)\u001b[22m\n      \u001b[2mat Parser.parseMaybeUnary (\u001b[22mnode_modules/@babel/parser/src/parser/expression.ts\u001b[2m:683:23)\u001b[22m\n      \u001b[2mat Parser.parseMaybeUnaryOrPrivate (\u001b[22mnode_modules/@babel/parser/src/parser/expression.ts\u001b[2m:417:14)\u001b[22m\n      \u001b[2mat Parser.parseExprOps (\u001b[22mnode_modules/@babel/parser/src/parser/expression.ts\u001b[2m:429:23)\u001b[22m\n      \u001b[2mat Parser.parseMaybeConditional (\u001b[22mnode_modules/@babel/parser/src/parser/expression.ts\u001b[2m:384:23)\u001b[22m\n      \u001b[2mat Parser.parseMaybeAssign (\u001b[22mnode_modules/@babel/parser/src/parser/expression.ts\u001b[2m:301:21)\u001b[22m\n      \u001b[2mat callback (\u001b[22mnode_modules/@babel/parser/src/parser/expression.ts\u001b[2m:257:12)\u001b[22m\n      \u001b[2mat Parser.allowInAnd (\u001b[22mnode_modules/@babel/parser/src/parser/expression.ts\u001b[2m:3197:16)\u001b[22m\n      \u001b[2mat Parser.parseMaybeAssignAllowIn (\u001b[22mnode_modules/@babel/parser/src/parser/expression.ts\u001b[2m:256:17)\u001b[22m\n      \u001b[2mat Parser.parseVar (\u001b[22mnode_modules/@babel/parser/src/parser/statement.ts\u001b[2m:1587:18)\u001b[22m\n      \u001b[2mat Parser.parseVarStatement (\u001b[22mnode_modules/@babel/parser/src/parser/statement.ts\u001b[2m:1251:10)\u001b[22m\n      \u001b[2mat Parser.parseStatementContent (\u001b[22mnode_modules/@babel/parser/src/parser/statement.ts\u001b[2m:612:21)\u001b[22m\n      \u001b[2mat Parser.parseStatementLike (\u001b[22mnode_modules/@babel/parser/src/parser/statement.ts\u001b[2m:482:17)\u001b[22m\n      \u001b[2mat Parser.parseStatementListItem (\u001b[22mnode_modules/@babel/parser/src/parser/statement.ts\u001b[2m:431:17)\u001b[22m\n      \u001b[2mat Parser.parseBlockOrModuleBlockBody (\u001b[22mnode_modules/@babel/parser/src/parser/statement.ts\u001b[2m:1444:16)\u001b[22m\n      \u001b[2mat Parser.parseBlockBody (\u001b[22mnode_modules/@babel/parser/src/parser/statement.ts\u001b[2m:1417:10)\u001b[22m\n      \u001b[2mat Parser.parseBlock (\u001b[22mnode_modules/@babel/parser/src/parser/statement.ts\u001b[2m:1385:10)\u001b[22m\n      \u001b[2mat Parser.parseFunctionBody (\u001b[22mnode_modules/@babel/parser/src/parser/expression.ts\u001b[2m:2626:24)\u001b[22m\n      \u001b[2mat Parser.parseArrowExpression (\u001b[22mnode_modules/@babel/parser/src/parser/expression.ts\u001b[2m:2563:10)\u001b[22m\n      \u001b[2mat Parser.parseParenAndDistinguishExpression (\u001b[22mnode_modules/@babel/parser/src/parser/expression.ts\u001b[2m:1847:12)\u001b[22m\n      \u001b[2mat Parser.parseExprAtom (\u001b[22mnode_modules/@babel/parser/src/parser/expression.ts\u001b[2m:1170:21)\u001b[22m\n      \u001b[2mat Parser.parseExprSubscripts (\u001b[22mnode_modules/@babel/parser/src/parser/expression.ts\u001b[2m:742:23)\u001b[22m\n      \u001b[2mat Parser.parseUpdate (\u001b[22mnode_modules/@babel/parser/src/parser/expression.ts\u001b[2m:721:21)\u001b[22m\n      \u001b[2mat Parser.parseMaybeUnary (\u001b[22mnode_modules/@babel/parser/src/parser/expression.ts\u001b[2m:683:23)\u001b[22m\n      \u001b[2mat Parser.parseMaybeUnaryOrPrivate (\u001b[22mnode_modules/@babel/parser/src/parser/expression.ts\u001b[2m:417:14)\u001b[22m\n      \u001b[2mat Parser.parseExprOps (\u001b[22mnode_modules/@babel/parser/src/parser/expression.ts\u001b[2m:429:23)\u001b[22m\n      \u001b[2mat Parser.parseMaybeConditional (\u001b[22mnode_modules/@babel/parser/src/parser/expression.ts\u001b[2m:384:23)\u001b[22m\n      \u001b[2mat Parser.parseMaybeAssign (\u001b[22mnode_modules/@babel/parser/src/parser/expression.ts\u001b[2m:301:21)\u001b[22m\n      \u001b[2mat callback (\u001b[22mnode_modules/@babel/parser/src/parser/expression.ts\u001b[2m:257:12)\u001b[22m\n      \u001b[2mat Parser.allowInAnd (\u001b[22mnode_modules/@babel/parser/src/parser/expression.ts\u001b[2m:3202:12)\u001b[22m\n      \u001b[2mat Parser.parseMaybeAssignAllowIn (\u001b[22mnode_modules/@babel/parser/src/parser/expression.ts\u001b[2m:256:17)\u001b[22m\n      \u001b[2mat Parser.parseMaybeAssignAllowInOrVoidPattern (\u001b[22mnode_modules/@babel/parser/src/parser/expression.ts\u001b[2m:3316:17)\u001b[22m\n      \u001b[2mat Parser.parseExprListItem (\u001b[22mnode_modules/@babel/parser/src/parser/expression.ts\u001b[2m:2798:18)\u001b[22m\n      \u001b[2mat Parser.parseCallExpressionArguments (\u001b[22mnode_modules/@babel/parser/src/parser/expression.ts\u001b[2m:1042:14)\u001b[22m\n      \u001b[2mat Parser.parseCoverCallAndAsyncArrowHead (\u001b[22mnode_modules/@babel/parser/src/parser/expression.ts\u001b[2m:922:29)\u001b[22m\n      \u001b[2mat Parser.parseSubscript (\u001b[22mnode_modules/@babel/parser/src/parser/expression.ts\u001b[2m:804:19)\u001b[22m\n      \u001b[2mat Parser.parseSubscripts (\u001b[22mnode_modules/@babel/parser/src/parser/expression.ts\u001b[2m:763:19)\u001b[22m\n      \u001b[2mat Parser.parseExprSubscripts (\u001b[22mnode_modules/@babel/parser/src/parser/expression.ts\u001b[2m:748:17)\u001b[22m\n      \u001b[2mat Parser.parseUpdate (\u001b[22mnode_modules/@babel/parser/src/parser/expression.ts\u001b[2m:721:21)\u001b[22m\n      \u001b[2mat Parser.parseMaybeUnary (\u001b[22mnode_modules/@babel/parser/src/parser/expression.ts\u001b[2m:683:23)\u001b[22m\n      \u001b[2mat Parser.parseMaybeUnaryOrPrivate (\u001b[22mnode_modules/@babel/parser/src/parser/expression.ts\u001b[2m:417:14)\u001b[22m\n      \u001b[2mat Parser.parseExprOps (\u001b[22mnode_modules/@babel/parser/src/parser/expression.ts\u001b[2m:429:23)\u001b[22m\n      \u001b[2mat Parser.parseMaybeConditional (\u001b[22mnode_modules/@babel/parser/src/parser/expression.ts\u001b[2m:384:23)\u001b[22m\n","name":"C:\\Users\\plant\\Desktop\\Rust区块链\\Wallet front-end\\blockchain-wallet-ui\\src\\App.test.tsx","startTime":1761544641912,"status":"failed","summary":""}],"wasInterrupted":false,"coverageMap":{}}