{"numFailedTestSuites":1,"numFailedTests":1,"numPassedTestSuites":11,"numPassedTests":19,"numPendingTestSuites":0,"numPendingTests":0,"numRuntimeErrorTestSuites":0,"numTodoTests":0,"numTotalTestSuites":12,"numTotalTests":20,"openHandles":[],"snapshot":{"added":0,"didUpdate":false,"failure":false,"filesAdded":0,"filesRemoved":0,"filesRemovedList":[],"filesUnmatched":0,"filesUpdated":0,"matched":0,"total":0,"unchecked":0,"uncheckedKeysByFile":[],"unmatched":0,"updated":0},"startTime":1761542112592,"success":false,"testResults":[{"assertionResults":[{"ancestorTitles":["HistoryToolbar"],"failureMessages":[],"fullName":"HistoryToolbar clicking Export CSV triggers handler","location":null,"status":"passed","title":"clicking Export CSV triggers handler"}],"endTime":1761542116722,"message":"","name":"C:\\Users\\plant\\Desktop\\Rust区块链\\Wallet front-end\\blockchain-wallet-ui\\src\\pages\\HistoryPage\\HistoryToolbar.test.tsx","startTime":1761542113821,"status":"passed","summary":""},{"assertionResults":[{"ancestorTitles":["HistoryTimelineItem"],"failureMessages":[],"fullName":"HistoryTimelineItem renders timestamp, amount with network symbol and status","location":null,"status":"passed","title":"renders timestamp, amount with network symbol and status"},{"ancestorTitles":["HistoryTimelineItem"],"failureMessages":[],"fullName":"HistoryTimelineItem shortened ids and addresses are shown","location":null,"status":"passed","title":"shortened ids and addresses are shown"},{"ancestorTitles":["HistoryTimelineItem"],"failureMessages":[],"fullName":"HistoryTimelineItem copy buttons call clipboard.writeText with correct values","location":null,"status":"passed","title":"copy buttons call clipboard.writeText with correct values"},{"ancestorTitles":["HistoryTimelineItem"],"failureMessages":[],"fullName":"HistoryTimelineItem external links point to correct explorer URLs","location":null,"status":"passed","title":"external links point to correct explorer URLs"}],"endTime":1761542116942,"message":"","name":"C:\\Users\\plant\\Desktop\\Rust区块链\\Wallet front-end\\blockchain-wallet-ui\\src\\pages\\HistoryPage\\HistoryTimelineItem.test.tsx","startTime":1761542113820,"status":"passed","summary":""},{"assertionResults":[{"ancestorTitles":["BridgePage"],"failureMessages":[],"fullName":"BridgePage submits valid bridge request and shows success","location":null,"status":"passed","title":"submits valid bridge request and shows success"}],"endTime":1761542117347,"message":"","name":"C:\\Users\\plant\\Desktop\\Rust区块链\\Wallet front-end\\blockchain-wallet-ui\\src\\pages\\BridgePage\\BridgePage.test.tsx","startTime":1761542113826,"status":"passed","summary":""},{"assertionResults":[{"ancestorTitles":["HistoryPage"],"failureMessages":[],"fullName":"HistoryPage loads history, refreshes and exports CSV","location":null,"status":"passed","title":"loads history, refreshes and exports CSV"}],"endTime":1761542117430,"message":"","name":"C:\\Users\\plant\\Desktop\\Rust区块链\\Wallet front-end\\blockchain-wallet-ui\\src\\pages\\HistoryPage\\HistoryPage.test.tsx","startTime":1761542113796,"status":"passed","summary":""},{"assertionResults":[{"ancestorTitles":["SettingsPage"],"failureMessages":[],"fullName":"SettingsPage saves API config and tests connectivity","location":null,"status":"passed","title":"saves API config and tests connectivity"}],"endTime":1761542117510,"message":"","name":"C:\\Users\\plant\\Desktop\\Rust区块链\\Wallet front-end\\blockchain-wallet-ui\\src\\pages\\SettingsPage\\SettingsPage.test.tsx","startTime":1761542113807,"status":"passed","summary":""},{"assertionResults":[{"ancestorTitles":["SendPage performance"],"failureMessages":[],"fullName":"SendPage performance prevents duplicate submissions and shows success","location":null,"status":"passed","title":"prevents duplicate submissions and shows success"},{"ancestorTitles":["SendPage performance"],"failureMessages":[],"fullName":"SendPage performance validates form inputs","location":null,"status":"passed","title":"validates form inputs"}],"endTime":1761542118042,"message":"","name":"C:\\Users\\plant\\Desktop\\Rust区块链\\Wallet front-end\\blockchain-wallet-ui\\src\\pages\\SendPage\\SendPage.test.tsx","startTime":1761542113809,"status":"passed","summary":""},{"assertionResults":[{"ancestorTitles":["SendPage performance"],"failureMessages":[],"fullName":"SendPage performance send flow completes under threshold","location":null,"status":"passed","title":"send flow completes under threshold"}],"endTime":1761542118107,"message":"","name":"C:\\Users\\plant\\Desktop\\Rust区块链\\Wallet front-end\\blockchain-wallet-ui\\src\\pages\\SendPage\\SendPage.perf.test.tsx","startTime":1761542113812,"status":"passed","summary":""},{"assertionResults":[{"ancestorTitles":[],"failureMessages":[],"fullName":"App renders without crashing","location":null,"status":"passed","title":"App renders without crashing"}],"endTime":1761542121876,"message":"","name":"C:\\Users\\plant\\Desktop\\Rust区块链\\Wallet front-end\\blockchain-wallet-ui\\src\\App.test.tsx","startTime":1761542113831,"status":"passed","summary":""},{"assertionResults":[{"ancestorTitles":["AppLayout side menu navigation"],"failureMessages":[],"fullName":"AppLayout side menu navigation navigates to pages via side menu","location":null,"status":"passed","title":"navigates to pages via side menu"}],"endTime":1761542122107,"message":"","name":"C:\\Users\\plant\\Desktop\\Rust区块链\\Wallet front-end\\blockchain-wallet-ui\\src\\components\\Layout\\AppLayout.navigation.test.tsx","startTime":1761542113812,"status":"passed","summary":""},{"assertionResults":[{"ancestorTitles":["App navigation and menu buttons"],"failureMessages":[],"fullName":"App navigation and menu buttons navigates via side menu to pages","location":null,"status":"passed","title":"navigates via side menu to pages"}],"endTime":1761542122138,"message":"","name":"C:\\Users\\plant\\Desktop\\Rust区块链\\Wallet front-end\\blockchain-wallet-ui\\src\\App.navigation.test.tsx","startTime":1761542113799,"status":"passed","summary":""},{"assertionResults":[{"ancestorTitles":["WalletPage"],"failureMessages":["ReferenceError: ResizeObserver is not defined\n    at C:\\Users\\plant\\Desktop\\Rust区块链\\Wallet front-end\\blockchain-wallet-ui\\node_modules\\recharts\\lib\\component\\ResponsiveContainer.js:115:20\n    at commitHookEffectListMount (C:\\Users\\plant\\Desktop\\Rust区块链\\Wallet front-end\\blockchain-wallet-ui\\node_modules\\react-dom\\cjs\\react-dom.development.js:23189:26)\n    at commitPassiveMountOnFiber (C:\\Users\\plant\\Desktop\\Rust区块链\\Wallet front-end\\blockchain-wallet-ui\\node_modules\\react-dom\\cjs\\react-dom.development.js:24970:11)\n    at commitPassiveMountEffects_complete (C:\\Users\\plant\\Desktop\\Rust区块链\\Wallet front-end\\blockchain-wallet-ui\\node_modules\\react-dom\\cjs\\react-dom.development.js:24930:9)\n    at commitPassiveMountEffects_begin (C:\\Users\\plant\\Desktop\\Rust区块链\\Wallet front-end\\blockchain-wallet-ui\\node_modules\\react-dom\\cjs\\react-dom.development.js:24917:7)\n    at commitPassiveMountEffects (C:\\Users\\plant\\Desktop\\Rust区块链\\Wallet front-end\\blockchain-wallet-ui\\node_modules\\react-dom\\cjs\\react-dom.development.js:24905:3)\n    at flushPassiveEffectsImpl (C:\\Users\\plant\\Desktop\\Rust区块链\\Wallet front-end\\blockchain-wallet-ui\\node_modules\\react-dom\\cjs\\react-dom.development.js:27078:3)\n    at flushPassiveEffects (C:\\Users\\plant\\Desktop\\Rust区块链\\Wallet front-end\\blockchain-wallet-ui\\node_modules\\react-dom\\cjs\\react-dom.development.js:27023:14)\n    at performSyncWorkOnRoot (C:\\Users\\plant\\Desktop\\Rust区块链\\Wallet front-end\\blockchain-wallet-ui\\node_modules\\react-dom\\cjs\\react-dom.development.js:26115:3)\n    at flushSyncCallbacks (C:\\Users\\plant\\Desktop\\Rust区块链\\Wallet front-end\\blockchain-wallet-ui\\node_modules\\react-dom\\cjs\\react-dom.development.js:12042:22)\n    at commitRootImpl (C:\\Users\\plant\\Desktop\\Rust区块链\\Wallet front-end\\blockchain-wallet-ui\\node_modules\\react-dom\\cjs\\react-dom.development.js:26998:3)\n    at commitRoot (C:\\Users\\plant\\Desktop\\Rust区块链\\Wallet front-end\\blockchain-wallet-ui\\node_modules\\react-dom\\cjs\\react-dom.development.js:26721:5)\n    at finishConcurrentRender (C:\\Users\\plant\\Desktop\\Rust区块链\\Wallet front-end\\blockchain-wallet-ui\\node_modules\\react-dom\\cjs\\react-dom.development.js:26020:9)\n    at performConcurrentWorkOnRoot (C:\\Users\\plant\\Desktop\\Rust区块链\\Wallet front-end\\blockchain-wallet-ui\\node_modules\\react-dom\\cjs\\react-dom.development.js:25848:7)\n    at flushActQueue (C:\\Users\\plant\\Desktop\\Rust区块链\\Wallet front-end\\blockchain-wallet-ui\\node_modules\\react\\cjs\\react.development.js:2667:24)\n    at act (C:\\Users\\plant\\Desktop\\Rust区块链\\Wallet front-end\\blockchain-wallet-ui\\node_modules\\react\\cjs\\react.development.js:2582:11)\n    at actWithWarning (C:\\Users\\plant\\Desktop\\Rust区块链\\Wallet front-end\\blockchain-wallet-ui\\node_modules\\react-dom\\cjs\\react-dom-test-utils.development.js:1740:10)\n    at C:\\Users\\plant\\Desktop\\Rust区块链\\Wallet front-end\\blockchain-wallet-ui\\node_modules\\@testing-library\\react\\dist\\act-compat.js:63:25\n    at renderRoot (C:\\Users\\plant\\Desktop\\Rust区块链\\Wallet front-end\\blockchain-wallet-ui\\node_modules\\@testing-library\\react\\dist\\pure.js:159:26)\n    at render (C:\\Users\\plant\\Desktop\\Rust区块链\\Wallet front-end\\blockchain-wallet-ui\\node_modules\\@testing-library\\react\\dist\\pure.js:246:10)\n    at renderWithProvider (C:\\Users\\plant\\Desktop\\Rust区块链\\Wallet front-end\\blockchain-wallet-ui\\src\\pages\\WalletPage\\WalletPage.test.tsx:8:40)\n    at Object.<anonymous> (C:\\Users\\plant\\Desktop\\Rust区块链\\Wallet front-end\\blockchain-wallet-ui\\src\\pages\\WalletPage\\WalletPage.test.tsx:33:5)\n    at Promise.then.completed (C:\\Users\\plant\\Desktop\\Rust区块链\\Wallet front-end\\blockchain-wallet-ui\\node_modules\\jest-circus\\build\\utils.js:391:28)\n    at new Promise (<anonymous>)\n    at callAsyncCircusFn (C:\\Users\\plant\\Desktop\\Rust区块链\\Wallet front-end\\blockchain-wallet-ui\\node_modules\\jest-circus\\build\\utils.js:316:10)\n    at _callCircusTest (C:\\Users\\plant\\Desktop\\Rust区块链\\Wallet front-end\\blockchain-wallet-ui\\node_modules\\jest-circus\\build\\run.js:218:40)\n    at processTicksAndRejections (node:internal/process/task_queues:105:5)\n    at _runTest (C:\\Users\\plant\\Desktop\\Rust区块链\\Wallet front-end\\blockchain-wallet-ui\\node_modules\\jest-circus\\build\\run.js:155:3)\n    at _runTestsForDescribeBlock (C:\\Users\\plant\\Desktop\\Rust区块链\\Wallet front-end\\blockchain-wallet-ui\\node_modules\\jest-circus\\build\\run.js:66:9)\n    at _runTestsForDescribeBlock (C:\\Users\\plant\\Desktop\\Rust区块链\\Wallet front-end\\blockchain-wallet-ui\\node_modules\\jest-circus\\build\\run.js:60:9)\n    at run (C:\\Users\\plant\\Desktop\\Rust区块链\\Wallet front-end\\blockchain-wallet-ui\\node_modules\\jest-circus\\build\\run.js:25:3)\n    at runAndTransformResultsToJestFormat (C:\\Users\\plant\\Desktop\\Rust区块链\\Wallet front-end\\blockchain-wallet-ui\\node_modules\\jest-circus\\build\\legacy-code-todo-rewrite\\jestAdapterInit.js:170:21)\n    at jestAdapter (C:\\Users\\plant\\Desktop\\Rust区块链\\Wallet front-end\\blockchain-wallet-ui\\node_modules\\jest-circus\\build\\legacy-code-todo-rewrite\\jestAdapter.js:82:19)\n    at runTestInternal (C:\\Users\\plant\\Desktop\\Rust区块链\\Wallet front-end\\blockchain-wallet-ui\\node_modules\\jest-runner\\build\\runTest.js:389:16)\n    at runTest (C:\\Users\\plant\\Desktop\\Rust区块链\\Wallet front-end\\blockchain-wallet-ui\\node_modules\\jest-runner\\build\\runTest.js:475:34)\n    at Object.worker (C:\\Users\\plant\\Desktop\\Rust区块链\\Wallet front-end\\blockchain-wallet-ui\\node_modules\\jest-runner\\build\\testWorker.js:133:12)"],"fullName":"WalletPage renders, creates wallet, refreshes balance","location":null,"status":"failed","title":"renders, creates wallet, refreshes balance"}],"endTime":1761542122190,"message":"\u001b[1m\u001b[31m  \u001b[1m● \u001b[22m\u001b[1mWalletPage › renders, creates wallet, refreshes balance\u001b[39m\u001b[22m\n\n    ReferenceError: ResizeObserver is not defined\n\u001b[2m\u001b[22m\n\u001b[2m    \u001b[0m \u001b[90m  6 |\u001b[39m \u001b[36mimport\u001b[39m { \u001b[33mMemoryRouter\u001b[39m } \u001b[36mfrom\u001b[39m \u001b[32m'react-router-dom'\u001b[39m\u001b[33m;\u001b[39m\u001b[22m\n\u001b[2m     \u001b[90m  7 |\u001b[39m\u001b[22m\n\u001b[2m    \u001b[31m\u001b[1m>\u001b[22m\u001b[2m\u001b[39m\u001b[90m  8 |\u001b[39m \u001b[36mconst\u001b[39m renderWithProvider \u001b[33m=\u001b[39m () \u001b[33m=>\u001b[39m render(\u001b[22m\n\u001b[2m     \u001b[90m    |\u001b[39m                                        \u001b[31m\u001b[1m^\u001b[22m\u001b[2m\u001b[39m\u001b[22m\n\u001b[2m     \u001b[90m  9 |\u001b[39m   \u001b[33m<\u001b[39m\u001b[33mMemoryRouter\u001b[39m\u001b[33m>\u001b[39m\u001b[22m\n\u001b[2m     \u001b[90m 10 |\u001b[39m     \u001b[33m<\u001b[39m\u001b[33mWalletProvider\u001b[39m\u001b[33m>\u001b[39m\u001b[22m\n\u001b[2m     \u001b[90m 11 |\u001b[39m       \u001b[33m<\u001b[39m\u001b[33mWalletPage\u001b[39m \u001b[33m/\u001b[39m\u001b[33m>\u001b[39m\u001b[0m\u001b[22m\n\u001b[2m\u001b[22m\n\u001b[2m      \u001b[2mat \u001b[22m\u001b[2mnode_modules/recharts/lib/component/ResponsiveContainer.js\u001b[2m:115:20\u001b[22m\u001b[2m\u001b[22m\n\u001b[2m      \u001b[2mat commitHookEffectListMount (\u001b[22m\u001b[2mnode_modules/react-dom/cjs/react-dom.development.js\u001b[2m:23189:26)\u001b[22m\u001b[2m\u001b[22m\n\u001b[2m      \u001b[2mat commitPassiveMountOnFiber (\u001b[22m\u001b[2mnode_modules/react-dom/cjs/react-dom.development.js\u001b[2m:24970:11)\u001b[22m\u001b[2m\u001b[22m\n\u001b[2m      \u001b[2mat commitPassiveMountEffects_complete (\u001b[22m\u001b[2mnode_modules/react-dom/cjs/react-dom.development.js\u001b[2m:24930:9)\u001b[22m\u001b[2m\u001b[22m\n\u001b[2m      \u001b[2mat commitPassiveMountEffects_begin (\u001b[22m\u001b[2mnode_modules/react-dom/cjs/react-dom.development.js\u001b[2m:24917:7)\u001b[22m\u001b[2m\u001b[22m\n\u001b[2m      \u001b[2mat commitPassiveMountEffects (\u001b[22m\u001b[2mnode_modules/react-dom/cjs/react-dom.development.js\u001b[2m:24905:3)\u001b[22m\u001b[2m\u001b[22m\n\u001b[2m      \u001b[2mat flushPassiveEffectsImpl (\u001b[22m\u001b[2mnode_modules/react-dom/cjs/react-dom.development.js\u001b[2m:27078:3)\u001b[22m\u001b[2m\u001b[22m\n\u001b[2m      \u001b[2mat flushPassiveEffects (\u001b[22m\u001b[2mnode_modules/react-dom/cjs/react-dom.development.js\u001b[2m:27023:14)\u001b[22m\u001b[2m\u001b[22m\n\u001b[2m      \u001b[2mat performSyncWorkOnRoot (\u001b[22m\u001b[2mnode_modules/react-dom/cjs/react-dom.development.js\u001b[2m:26115:3)\u001b[22m\u001b[2m\u001b[22m\n\u001b[2m      \u001b[2mat flushSyncCallbacks (\u001b[22m\u001b[2mnode_modules/react-dom/cjs/react-dom.development.js\u001b[2m:12042:22)\u001b[22m\u001b[2m\u001b[22m\n\u001b[2m      \u001b[2mat commitRootImpl (\u001b[22m\u001b[2mnode_modules/react-dom/cjs/react-dom.development.js\u001b[2m:26998:3)\u001b[22m\u001b[2m\u001b[22m\n\u001b[2m      \u001b[2mat commitRoot (\u001b[22m\u001b[2mnode_modules/react-dom/cjs/react-dom.development.js\u001b[2m:26721:5)\u001b[22m\u001b[2m\u001b[22m\n\u001b[2m      \u001b[2mat finishConcurrentRender (\u001b[22m\u001b[2mnode_modules/react-dom/cjs/react-dom.development.js\u001b[2m:26020:9)\u001b[22m\u001b[2m\u001b[22m\n\u001b[2m      \u001b[2mat performConcurrentWorkOnRoot (\u001b[22m\u001b[2mnode_modules/react-dom/cjs/react-dom.development.js\u001b[2m:25848:7)\u001b[22m\u001b[2m\u001b[22m\n\u001b[2m      \u001b[2mat flushActQueue (\u001b[22m\u001b[2mnode_modules/react/cjs/react.development.js\u001b[2m:2667:24)\u001b[22m\u001b[2m\u001b[22m\n\u001b[2m      \u001b[2mat act (\u001b[22m\u001b[2mnode_modules/react/cjs/react.development.js\u001b[2m:2582:11)\u001b[22m\u001b[2m\u001b[22m\n\u001b[2m      \u001b[2mat actWithWarning (\u001b[22m\u001b[2mnode_modules/react-dom/cjs/react-dom-test-utils.development.js\u001b[2m:1740:10)\u001b[22m\u001b[2m\u001b[22m\n\u001b[2m      \u001b[2mat \u001b[22m\u001b[2mnode_modules/@testing-library/react/dist/act-compat.js\u001b[2m:63:25\u001b[22m\u001b[2m\u001b[22m\n\u001b[2m      \u001b[2mat renderRoot (\u001b[22m\u001b[2mnode_modules/@testing-library/react/dist/pure.js\u001b[2m:159:26)\u001b[22m\u001b[2m\u001b[22m\n\u001b[2m      \u001b[2mat render (\u001b[22m\u001b[2mnode_modules/@testing-library/react/dist/pure.js\u001b[2m:246:10)\u001b[22m\u001b[2m\u001b[22m\n\u001b[2m      \u001b[2mat renderWithProvider (\u001b[22m\u001b[2m\u001b[0m\u001b[36msrc/pages/WalletPage/WalletPage.test.tsx\u001b[39m\u001b[0m\u001b[2m:8:40)\u001b[22m\u001b[2m\u001b[22m\n\u001b[2m      \u001b[2mat Object.<anonymous> (\u001b[22m\u001b[2m\u001b[0m\u001b[36msrc/pages/WalletPage/WalletPage.test.tsx\u001b[39m\u001b[0m\u001b[2m:33:5)\u001b[22m\u001b[2m\u001b[22m\n","name":"C:\\Users\\plant\\Desktop\\Rust区块链\\Wallet front-end\\blockchain-wallet-ui\\src\\pages\\WalletPage\\WalletPage.test.tsx","startTime":1761542113795,"status":"failed","summary":""},{"assertionResults":[{"ancestorTitles":["WalletPage error handling"],"failureMessages":[],"fullName":"WalletPage error handling shows error when wallet list fails on mount","location":null,"status":"passed","title":"shows error when wallet list fails on mount"},{"ancestorTitles":["WalletPage error handling"],"failureMessages":[],"fullName":"WalletPage error handling create wallet validation: empty name shows error","location":null,"status":"passed","title":"create wallet validation: empty name shows error"},{"ancestorTitles":["WalletPage error handling"],"failureMessages":[],"fullName":"WalletPage error handling create wallet validation: invalid characters show error","location":null,"status":"passed","title":"create wallet validation: invalid characters show error"},{"ancestorTitles":["WalletPage error handling"],"failureMessages":[],"fullName":"WalletPage error handling create wallet API failure shows server error","location":null,"status":"passed","title":"create wallet API failure shows server error"},{"ancestorTitles":["WalletPage error handling"],"failureMessages":[],"fullName":"WalletPage error handling delete wallet failure shows error","location":null,"status":"passed","title":"delete wallet failure shows error"}],"endTime":1761542122963,"message":"","name":"C:\\Users\\plant\\Desktop\\Rust区块链\\Wallet front-end\\blockchain-wallet-ui\\src\\pages\\WalletPage\\WalletPage.errors.test.tsx","startTime":1761542113795,"status":"passed","summary":""}],"wasInterrupted":false}