{"numFailedTestSuites":1,"numFailedTests":0,"numPassedTestSuites":28,"numPassedTests":174,"numPendingTestSuites":1,"numPendingTests":5,"numRuntimeErrorTestSuites":1,"numTodoTests":0,"numTotalTestSuites":30,"numTotalTests":179,"openHandles":[],"snapshot":{"added":0,"didUpdate":false,"failure":false,"filesAdded":0,"filesRemoved":0,"filesRemovedList":[],"filesUnmatched":0,"filesUpdated":0,"matched":0,"total":0,"unchecked":0,"uncheckedKeysByFile":[],"unmatched":0,"updated":0},"startTime":1761656291688,"success":false,"testResults":[{"assertionResults":[{"ancestorTitles":["services/api interceptors & classification"],"failureMessages":[],"fullName":"services/api interceptors & classification request interceptor attaches API key headers","location":null,"status":"pending","title":"request interceptor attaches API key headers"},{"ancestorTitles":["services/api interceptors & classification"],"failureMessages":[],"fullName":"services/api interceptors & classification timeout error classified as timeout with friendly fields","location":null,"status":"pending","title":"timeout error classified as timeout with friendly fields"},{"ancestorTitles":["services/api interceptors & classification"],"failureMessages":[],"fullName":"services/api interceptors & classification canceled request classified as canceled","location":null,"status":"pending","title":"canceled request classified as canceled"},{"ancestorTitles":["services/api interceptors & classification"],"failureMessages":[],"fullName":"services/api interceptors & classification 401 mapped to auth and eventBus emits","location":null,"status":"pending","title":"401 mapped to auth and eventBus emits"},{"ancestorTitles":["services/api interceptors & classification"],"failureMessages":[],"fullName":"services/api interceptors & classification network error without response classified as network","location":null,"status":"pending","title":"network error without response classified as network"}],"endTime":1761656302093,"message":"","name":"C:\\Users\\plant\\Desktop\\Rust区块链\\Wallet front-end\\blockchain-wallet-ui\\src\\services\\api.interceptors.test.ts","startTime":1761656296315,"status":"passed","summary":""},{"assertionResults":[{"ancestorTitles":["services/hardware"],"failureMessages":[],"fullName":"services/hardware connect returns connected session (ledger)","location":null,"status":"passed","title":"connect returns connected session (ledger)"},{"ancestorTitles":["services/hardware"],"failureMessages":[],"fullName":"services/hardware listAddresses populates accounts for ETH with 0x prefix","location":null,"status":"passed","title":"listAddresses populates accounts for ETH with 0x prefix"},{"ancestorTitles":["services/hardware"],"failureMessages":[],"fullName":"services/hardware listAddresses BTC uses bc1p prefix and Solana no prefix","location":null,"status":"passed","title":"listAddresses BTC uses bc1p prefix and Solana no prefix"},{"ancestorTitles":["services/hardware"],"failureMessages":[],"fullName":"services/hardware signTransaction and signMessage return tagged strings","location":null,"status":"passed","title":"signTransaction and signMessage return tagged strings"},{"ancestorTitles":["services/hardware"],"failureMessages":[],"fullName":"services/hardware disconnect flips connected=false","location":null,"status":"passed","title":"disconnect flips connected=false"},{"ancestorTitles":["services/hardware"],"failureMessages":[],"fullName":"services/hardware throws when ledger disabled","location":null,"status":"passed","title":"throws when ledger disabled"},{"ancestorTitles":["services/hardware"],"failureMessages":[],"fullName":"services/hardware throws when trezor disabled","location":null,"status":"passed","title":"throws when trezor disabled"}],"endTime":1761656305145,"message":"","name":"C:\\Users\\plant\\Desktop\\Rust区块链\\Wallet front-end\\blockchain-wallet-ui\\src\\services\\hardware.test.ts","startTime":1761656296545,"status":"passed","summary":""},{"assertionResults":[{"ancestorTitles":["useApiConfig"],"failureMessages":[],"fullName":"useApiConfig saveConfig rejects invalid URL","location":null,"status":"passed","title":"saveConfig rejects invalid URL"},{"ancestorTitles":["useApiConfig"],"failureMessages":[],"fullName":"useApiConfig saveConfig rejects short apiKey","location":null,"status":"passed","title":"saveConfig rejects short apiKey"},{"ancestorTitles":["useApiConfig"],"failureMessages":[],"fullName":"useApiConfig saveConfig succeeds and persists keys","location":null,"status":"passed","title":"saveConfig succeeds and persists keys"},{"ancestorTitles":["useApiConfig"],"failureMessages":[],"fullName":"useApiConfig testConnectivity invalid URL","location":null,"status":"passed","title":"testConnectivity invalid URL"},{"ancestorTitles":["useApiConfig"],"failureMessages":[],"fullName":"useApiConfig testConnectivity success","location":null,"status":"passed","title":"testConnectivity success"},{"ancestorTitles":["useApiConfig"],"failureMessages":[],"fullName":"useApiConfig testConnectivity failure","location":null,"status":"passed","title":"testConnectivity failure"},{"ancestorTitles":["useApiConfig"],"failureMessages":[],"fullName":"useApiConfig testConnectivity throws","location":null,"status":"passed","title":"testConnectivity throws"},{"ancestorTitles":["useApiConfig"],"failureMessages":[],"fullName":"useApiConfig debounce prevents duplicate calls","location":null,"status":"passed","title":"debounce prevents duplicate calls"},{"ancestorTitles":["useApiConfig"],"failureMessages":[],"fullName":"useApiConfig clearSensitive clears keys and resets apiKey","location":null,"status":"passed","title":"clearSensitive clears keys and resets apiKey"}],"endTime":1761656305691,"message":"","name":"C:\\Users\\plant\\Desktop\\Rust区块链\\Wallet front-end\\blockchain-wallet-ui\\src\\hooks\\useApiConfig.test.tsx","startTime":1761656302151,"status":"passed","summary":""},{"assertionResults":[{"ancestorTitles":["WalletContext"],"failureMessages":[],"fullName":"WalletContext setCurrentWallet saves and removes localStorage","location":null,"status":"passed","title":"setCurrentWallet saves and removes localStorage"},{"ancestorTitles":["WalletContext"],"failureMessages":[],"fullName":"WalletContext ensureValidNetwork resets to first available when invalid","location":null,"status":"passed","title":"ensureValidNetwork resets to first available when invalid"},{"ancestorTitles":["WalletContext"],"failureMessages":[],"fullName":"WalletContext refreshWallets sets wallets and default currentWallet","location":null,"status":"passed","title":"refreshWallets sets wallets and default currentWallet"},{"ancestorTitles":["WalletContext"],"failureMessages":[],"fullName":"WalletContext refreshWallets error is warned once","location":null,"status":"passed","title":"refreshWallets error is warned once"},{"ancestorTitles":["WalletContext"],"failureMessages":[],"fullName":"WalletContext concurrent refresh prevents duplicate calls","location":null,"status":"passed","title":"concurrent refresh prevents duplicate calls"},{"ancestorTitles":["WalletContext"],"failureMessages":[],"fullName":"WalletContext storage event updates current wallet and network","location":null,"status":"passed","title":"storage event updates current wallet and network"},{"ancestorTitles":["WalletContext"],"failureMessages":[],"fullName":"WalletContext useWalletContext outside provider throws","location":null,"status":"passed","title":"useWalletContext outside provider throws"}],"endTime":1761656305871,"message":"","name":"C:\\Users\\plant\\Desktop\\Rust区块链\\Wallet front-end\\blockchain-wallet-ui\\src\\context\\WalletContext.test.tsx","startTime":1761656296705,"status":"passed","summary":""},{"assertionResults":[{"ancestorTitles":["api runtime config"],"failureMessages":[],"fullName":"api runtime config initial baseUrl is default value","location":null,"status":"passed","title":"initial baseUrl is default value"},{"ancestorTitles":["api runtime config"],"failureMessages":[],"fullName":"api runtime config setRuntime updates baseUrl dynamically","location":null,"status":"passed","title":"setRuntime updates baseUrl dynamically"}],"endTime":1761656306045,"message":"","name":"C:\\Users\\plant\\Desktop\\Rust区块链\\Wallet front-end\\blockchain-wallet-ui\\src\\services\\api.runtime.test.ts","startTime":1761656305733,"status":"passed","summary":""},{"assertionResults":[{"ancestorTitles":["useApiErrorAggregator"],"failureMessages":[],"fullName":"useApiErrorAggregator dedupes errors via normalized content and increments count","location":null,"status":"passed","title":"dedupes errors via normalized content and increments count"},{"ancestorTitles":["useApiErrorAggregator"],"failureMessages":[],"fullName":"useApiErrorAggregator uses severity mapping for warnings/info","location":null,"status":"passed","title":"uses severity mapping for warnings/info"},{"ancestorTitles":["useApiErrorAggregator"],"failureMessages":[],"fullName":"useApiErrorAggregator clearAll and removeByKey do not throw","location":null,"status":"passed","title":"clearAll and removeByKey do not throw"}],"endTime":1761656306399,"message":"","name":"C:\\Users\\plant\\Desktop\\Rust区块链\\Wallet front-end\\blockchain-wallet-ui\\src\\hooks\\useApiErrorAggregator.test.tsx","startTime":1761656296576,"status":"passed","summary":""},{"assertionResults":[{"ancestorTitles":["index bootstrap"],"failureMessages":[],"fullName":"index bootstrap mounts App and calls reportWebVitals","location":null,"status":"passed","title":"mounts App and calls reportWebVitals"}],"endTime":1761656306564,"message":"","name":"C:\\Users\\plant\\Desktop\\Rust区块链\\Wallet front-end\\blockchain-wallet-ui\\src\\index.skip.test.tsx","startTime":1761656306089,"status":"passed","summary":""},{"assertionResults":[{"ancestorTitles":["api runtime baseUrl persistence"],"failureMessages":[],"fullName":"api runtime baseUrl persistence reads baseUrl from api.baseUrl key","location":null,"status":"passed","title":"reads baseUrl from api.baseUrl key"},{"ancestorTitles":["api runtime baseUrl persistence"],"failureMessages":[],"fullName":"api runtime baseUrl persistence reads baseUrl from legacy api_url key","location":null,"status":"passed","title":"reads baseUrl from legacy api_url key"}],"endTime":1761656306592,"message":"","name":"C:\\Users\\plant\\Desktop\\Rust区块链\\Wallet front-end\\blockchain-wallet-ui\\src\\services\\api.runtime.persist.test.ts","startTime":1761656306216,"status":"passed","summary":""},{"assertionResults":[{"ancestorTitles":["utils/httpErrors.describeAxiosError"],"failureMessages":[],"fullName":"utils/httpErrors.describeAxiosError timeout error returns warning with url","location":null,"status":"passed","title":"timeout error returns warning with url"},{"ancestorTitles":["utils/httpErrors.describeAxiosError"],"failureMessages":[],"fullName":"utils/httpErrors.describeAxiosError network error without response returns error","location":null,"status":"passed","title":"network error without response returns error"},{"ancestorTitles":["utils/httpErrors.describeAxiosError"],"failureMessages":[],"fullName":"utils/httpErrors.describeAxiosError 401 unauthorized mapped to warning","location":null,"status":"passed","title":"401 unauthorized mapped to warning"},{"ancestorTitles":["utils/httpErrors.describeAxiosError"],"failureMessages":[],"fullName":"utils/httpErrors.describeAxiosError 403 forbidden mapped to error","location":null,"status":"passed","title":"403 forbidden mapped to error"},{"ancestorTitles":["utils/httpErrors.describeAxiosError"],"failureMessages":[],"fullName":"utils/httpErrors.describeAxiosError 404 not found mapped to warning","location":null,"status":"passed","title":"404 not found mapped to warning"},{"ancestorTitles":["utils/httpErrors.describeAxiosError"],"failureMessages":[],"fullName":"utils/httpErrors.describeAxiosError 5xx server error mapped to error","location":null,"status":"passed","title":"5xx server error mapped to error"},{"ancestorTitles":["utils/httpErrors.describeAxiosError"],"failureMessages":[],"fullName":"utils/httpErrors.describeAxiosError other status uses raw message from response.data.message","location":null,"status":"passed","title":"other status uses raw message from response.data.message"}],"endTime":1761656306735,"message":"","name":"C:\\Users\\plant\\Desktop\\Rust区块链\\Wallet front-end\\blockchain-wallet-ui\\src\\utils\\httpErrors.test.ts","startTime":1761656306582,"status":"passed","summary":""},{"assertionResults":[{"ancestorTitles":["reportWebVitals"],"failureMessages":[],"fullName":"reportWebVitals when handler provided, imports web-vitals and invokes callbacks","location":null,"status":"passed","title":"when handler provided, imports web-vitals and invokes callbacks"},{"ancestorTitles":["reportWebVitals"],"failureMessages":[],"fullName":"reportWebVitals when no handler, does nothing","location":null,"status":"passed","title":"when no handler, does nothing"}],"endTime":1761656306787,"message":"","name":"C:\\Users\\plant\\Desktop\\Rust区块链\\Wallet front-end\\blockchain-wallet-ui\\src\\reportWebVitals.test.ts","startTime":1761656306437,"status":"passed","summary":""},{"assertionResults":[{"ancestorTitles":["HardwareContext"],"failureMessages":[],"fullName":"HardwareContext connect sets session and persists last type","location":null,"status":"passed","title":"connect sets session and persists last type"},{"ancestorTitles":["HardwareContext"],"failureMessages":[],"fullName":"HardwareContext disconnect clears session and addresses","location":null,"status":"passed","title":"disconnect clears session and addresses"},{"ancestorTitles":["HardwareContext"],"failureMessages":[],"fullName":"HardwareContext listAddresses without session sets error","location":null,"status":"passed","title":"listAddresses without session sets error"},{"ancestorTitles":["HardwareContext"],"failureMessages":[],"fullName":"HardwareContext listAddresses populates addresses when connected","location":null,"status":"passed","title":"listAddresses populates addresses when connected"},{"ancestorTitles":["HardwareContext"],"failureMessages":[],"fullName":"HardwareContext signTransaction and signMessage require session","location":null,"status":"passed","title":"signTransaction and signMessage require session"},{"ancestorTitles":["HardwareContext"],"failureMessages":[],"fullName":"HardwareContext setHwNetwork persists to localStorage","location":null,"status":"passed","title":"setHwNetwork persists to localStorage"}],"endTime":1761656306813,"message":"","name":"C:\\Users\\plant\\Desktop\\Rust区块链\\Wallet front-end\\blockchain-wallet-ui\\src\\context\\HardwareContext.test.tsx","startTime":1761656296728,"status":"passed","summary":""},{"assertionResults":[{"ancestorTitles":["utils/safeLocalStorage"],"failureMessages":[],"fullName":"utils/safeLocalStorage set/get/remove works with normal localStorage","location":null,"status":"passed","title":"set/get/remove works with normal localStorage"},{"ancestorTitles":["utils/safeLocalStorage"],"failureMessages":[],"fullName":"utils/safeLocalStorage returns null or no-op when localStorage is missing","location":null,"status":"passed","title":"returns null or no-op when localStorage is missing"},{"ancestorTitles":["utils/safeLocalStorage"],"failureMessages":[],"fullName":"utils/safeLocalStorage getItem catches exceptions and warns, returning null","location":null,"status":"passed","title":"getItem catches exceptions and warns, returning null"},{"ancestorTitles":["utils/safeLocalStorage"],"failureMessages":[],"fullName":"utils/safeLocalStorage setItem catches exceptions and warns","location":null,"status":"passed","title":"setItem catches exceptions and warns"},{"ancestorTitles":["utils/safeLocalStorage"],"failureMessages":[],"fullName":"utils/safeLocalStorage removeItem catches exceptions and warns","location":null,"status":"passed","title":"removeItem catches exceptions and warns"}],"endTime":1761656306865,"message":"","name":"C:\\Users\\plant\\Desktop\\Rust区块链\\Wallet front-end\\blockchain-wallet-ui\\src\\utils\\safeLocalStorage.test.ts","startTime":1761656306606,"status":"passed","summary":""},{"assertionResults":[{"ancestorTitles":["utils/featureFlags"],"failureMessages":[],"fullName":"utils/featureFlags setFeatureFlag writes to localStorage and dispatches event","location":null,"status":"passed","title":"setFeatureFlag writes to localStorage and dispatches event"},{"ancestorTitles":["utils/featureFlags"],"failureMessages":[],"fullName":"utils/featureFlags getFeatureFlags reads overrides from localStorage","location":null,"status":"passed","title":"getFeatureFlags reads overrides from localStorage"}],"endTime":1761656306980,"message":"","name":"C:\\Users\\plant\\Desktop\\Rust区块链\\Wallet front-end\\blockchain-wallet-ui\\src\\utils\\featureFlags.test.ts","startTime":1761656306764,"status":"passed","summary":""},{"assertionResults":[{"ancestorTitles":["utils/url.normalizeApiUrl"],"failureMessages":[],"fullName":"utils/url.normalizeApiUrl empty input returns null","location":null,"status":"passed","title":"empty input returns null"},{"ancestorTitles":["utils/url.normalizeApiUrl"],"failureMessages":[],"fullName":"utils/url.normalizeApiUrl relative /api is kept","location":null,"status":"passed","title":"relative /api is kept"},{"ancestorTitles":["utils/url.normalizeApiUrl"],"failureMessages":[],"fullName":"utils/url.normalizeApiUrl relative path appends /api and trims trailing slash","location":null,"status":"passed","title":"relative path appends /api and trims trailing slash"},{"ancestorTitles":["utils/url.normalizeApiUrl"],"failureMessages":[],"fullName":"utils/url.normalizeApiUrl absolute URL appends /api when missing","location":null,"status":"passed","title":"absolute URL appends /api when missing"},{"ancestorTitles":["utils/url.normalizeApiUrl"],"failureMessages":[],"fullName":"utils/url.normalizeApiUrl absolute URL keeps existing /api and trims trailing slashes","location":null,"status":"passed","title":"absolute URL keeps existing /api and trims trailing slashes"},{"ancestorTitles":["utils/url.normalizeApiUrl"],"failureMessages":[],"fullName":"utils/url.normalizeApiUrl invalid absolute URL returns null","location":null,"status":"passed","title":"invalid absolute URL returns null"}],"endTime":1761656307108,"message":"","name":"C:\\Users\\plant\\Desktop\\Rust区块链\\Wallet front-end\\blockchain-wallet-ui\\src\\utils\\url.test.ts","startTime":1761656306804,"status":"passed","summary":""},{"assertionResults":[{"ancestorTitles":["services/api - mock backend"],"failureMessages":[],"fullName":"services/api - mock backend listWallets returns default demo wallet and persists","location":null,"status":"passed","title":"listWallets returns default demo wallet and persists"},{"ancestorTitles":["services/api - mock backend"],"failureMessages":[],"fullName":"services/api - mock backend listWallets creates default demo wallet when storage is empty","location":null,"status":"passed","title":"listWallets creates default demo wallet when storage is empty"},{"ancestorTitles":["services/api - mock backend"],"failureMessages":[],"fullName":"services/api - mock backend getBalance uses stable number generation based on wallet name and network","location":null,"status":"passed","title":"getBalance uses stable number generation based on wallet name and network"},{"ancestorTitles":["services/api - mock backend"],"failureMessages":[],"fullName":"services/api - mock backend sendTransaction creates transaction history entry","location":null,"status":"passed","title":"sendTransaction creates transaction history entry"},{"ancestorTitles":["services/api - mock backend"],"failureMessages":[],"fullName":"services/api - mock backend sendTransaction without network defaults to eth","location":null,"status":"passed","title":"sendTransaction without network defaults to eth"},{"ancestorTitles":["services/api - mock backend"],"failureMessages":[],"fullName":"services/api - mock backend getTransactionHistory returns empty for new wallet","location":null,"status":"passed","title":"getTransactionHistory returns empty for new wallet"},{"ancestorTitles":["services/api - mock backend"],"failureMessages":[],"fullName":"services/api - mock backend bridgeAssets returns bridge response with correct format","location":null,"status":"passed","title":"bridgeAssets returns bridge response with correct format"},{"ancestorTitles":["services/api - mock backend"],"failureMessages":[],"fullName":"services/api - mock backend system info returns mock version","location":null,"status":"passed","title":"system info returns mock version"},{"ancestorTitles":["services/api - mock backend"],"failureMessages":[],"fullName":"services/api - mock backend create/delete wallet flow updates storage","location":null,"status":"passed","title":"create/delete wallet flow updates storage"},{"ancestorTitles":["services/api - mock backend"],"failureMessages":[],"fullName":"services/api - mock backend getBalance returns numeric balance and currency","location":null,"status":"passed","title":"getBalance returns numeric balance and currency"},{"ancestorTitles":["services/api - mock backend"],"failureMessages":[],"fullName":"services/api - mock backend system healthCheck returns ok","location":null,"status":"passed","title":"system healthCheck returns ok"},{"ancestorTitles":["services/api - mock backend"],"failureMessages":[],"fullName":"services/api - mock backend system ping returns true in mock","location":null,"status":"passed","title":"system ping returns true in mock"},{"ancestorTitles":["services/api - real backend"],"failureMessages":[],"fullName":"services/api - real backend listWallets via axios with retry","location":null,"status":"passed","title":"listWallets via axios with retry"},{"ancestorTitles":["services/api - real backend"],"failureMessages":[],"fullName":"services/api - real backend create/delete wallet call axios","location":null,"status":"passed","title":"create/delete wallet call axios"},{"ancestorTitles":["services/api - real backend"],"failureMessages":[],"fullName":"services/api - real backend getBalance and history","location":null,"status":"passed","title":"getBalance and history"},{"ancestorTitles":["services/api - real backend"],"failureMessages":[],"fullName":"services/api - real backend sendTransaction calls axios.post with params","location":null,"status":"passed","title":"sendTransaction calls axios.post with params"},{"ancestorTitles":["services/api - real backend"],"failureMessages":[],"fullName":"services/api - real backend systemService.ping success and failure","location":null,"status":"passed","title":"systemService.ping success and failure"},{"ancestorTitles":["services/api - real backend"],"failureMessages":[],"fullName":"services/api - real backend systemService.healthCheck aborts when signal aborted","location":null,"status":"passed","title":"systemService.healthCheck aborts when signal aborted"},{"ancestorTitles":["services/api - real backend"],"failureMessages":[],"fullName":"services/api - real backend systemService.info returns version via axios","location":null,"status":"passed","title":"systemService.info returns version via axios"},{"ancestorTitles":["services/api - real backend"],"failureMessages":[],"fullName":"services/api - real backend walletService.bridgeAssets posts payload including wallet_name","location":null,"status":"passed","title":"walletService.bridgeAssets posts payload including wallet_name"},{"ancestorTitles":["services/api - real backend"],"failureMessages":[],"fullName":"services/api - real backend apiRuntime set/get config","location":null,"status":"passed","title":"apiRuntime set/get config"},{"ancestorTitles":["services/api - real backend"],"failureMessages":[],"fullName":"services/api - real backend withRetry retries once and succeeds","location":null,"status":"passed","title":"withRetry retries once and succeeds"},{"ancestorTitles":["services/api - real backend"],"failureMessages":[],"fullName":"services/api - real backend config update via eventBus updates axios and services","location":null,"status":"passed","title":"config update via eventBus updates axios and services"},{"ancestorTitles":["services/api - real backend","systemService.healthCheck"],"failureMessages":[],"fullName":"services/api - real backend systemService.healthCheck should handle successful health check","location":null,"status":"passed","title":"should handle successful health check"},{"ancestorTitles":["services/api - real backend","systemService.healthCheck"],"failureMessages":[],"fullName":"services/api - real backend systemService.healthCheck should handle health check with retry on failure","location":null,"status":"passed","title":"should handle health check with retry on failure"},{"ancestorTitles":["services/api - real backend","systemService.healthCheck"],"failureMessages":[],"fullName":"services/api - real backend systemService.healthCheck should handle cancellation during health check","location":null,"status":"passed","title":"should handle cancellation during health check"},{"ancestorTitles":["services/api - real backend","walletService.getTransactionHistory"],"failureMessages":[],"fullName":"services/api - real backend walletService.getTransactionHistory should call with network parameter when provided","location":null,"status":"passed","title":"should call with network parameter when provided"},{"ancestorTitles":["services/api - real backend","walletService.getTransactionHistory"],"failureMessages":[],"fullName":"services/api - real backend walletService.getTransactionHistory should call without network parameter when not provided","location":null,"status":"passed","title":"should call without network parameter when not provided"},{"ancestorTitles":["services/api - real backend","walletService.getTransactionHistory"],"failureMessages":[],"fullName":"services/api - real backend walletService.getTransactionHistory should handle cancellation during transaction history fetch","location":null,"status":"passed","title":"should handle cancellation during transaction history fetch"},{"ancestorTitles":["services/api - real backend"],"failureMessages":[],"fullName":"services/api - real backend walletService.getTransactionHistory rejects when aborted","location":null,"status":"passed","title":"walletService.getTransactionHistory rejects when aborted"},{"ancestorTitles":["services/api - real backend","walletService.sendTransaction"],"failureMessages":[],"fullName":"services/api - real backend walletService.sendTransaction should send transaction on Ethereum network","location":null,"status":"passed","title":"should send transaction on Ethereum network"},{"ancestorTitles":["services/api - real backend","walletService.sendTransaction"],"failureMessages":[],"fullName":"services/api - real backend walletService.sendTransaction should send transaction on Bitcoin network","location":null,"status":"passed","title":"should send transaction on Bitcoin network"},{"ancestorTitles":["services/api - real backend","walletService.sendTransaction"],"failureMessages":[],"fullName":"services/api - real backend walletService.sendTransaction should send transaction without network parameter","location":null,"status":"passed","title":"should send transaction without network parameter"},{"ancestorTitles":["services/api - real backend","walletService.sendTransaction"],"failureMessages":[],"fullName":"services/api - real backend walletService.sendTransaction should handle network error in sendTransaction","location":null,"status":"passed","title":"should handle network error in sendTransaction"},{"ancestorTitles":["services/api - real backend","Error handling and classification"],"failureMessages":[],"fullName":"services/api - real backend Error handling and classification should handle 401 Unauthorized error","location":null,"status":"passed","title":"should handle 401 Unauthorized error"},{"ancestorTitles":["services/api - real backend","Error handling and classification"],"failureMessages":[],"fullName":"services/api - real backend Error handling and classification should handle 403 Forbidden error","location":null,"status":"passed","title":"should handle 403 Forbidden error"},{"ancestorTitles":["services/api - real backend","Error handling and classification"],"failureMessages":[],"fullName":"services/api - real backend Error handling and classification should handle 404 Not Found error","location":null,"status":"passed","title":"should handle 404 Not Found error"},{"ancestorTitles":["services/api - real backend","Error handling and classification"],"failureMessages":[],"fullName":"services/api - real backend Error handling and classification should handle 429 Rate Limit error","location":null,"status":"passed","title":"should handle 429 Rate Limit error"},{"ancestorTitles":["services/api - real backend","Error handling and classification"],"failureMessages":[],"fullName":"services/api - real backend Error handling and classification should handle 500 Server Error","location":null,"status":"passed","title":"should handle 500 Server Error"},{"ancestorTitles":["services/api - real backend","Error handling and classification"],"failureMessages":[],"fullName":"services/api - real backend Error handling and classification should handle timeout error","location":null,"status":"passed","title":"should handle timeout error"},{"ancestorTitles":["services/api - real backend","Error handling and classification"],"failureMessages":[],"fullName":"services/api - real backend Error handling and classification should handle network error without response","location":null,"status":"passed","title":"should handle network error without response"},{"ancestorTitles":["services/api - real backend","Error handling and classification"],"failureMessages":[],"fullName":"services/api - real backend Error handling and classification should handle CORS error","location":null,"status":"passed","title":"should handle CORS error"},{"ancestorTitles":["services/api - real backend","Error handling and classification"],"failureMessages":[],"fullName":"services/api - real backend Error handling and classification should handle canceled request","location":null,"status":"passed","title":"should handle canceled request"},{"ancestorTitles":["services/api - real backend","Error handling and classification"],"failureMessages":[],"fullName":"services/api - real backend Error handling and classification should enhance error with endpoint information","location":null,"status":"passed","title":"should enhance error with endpoint information"},{"ancestorTitles":["services/api - real backend","Endpoint alias mapping and classification"],"failureMessages":[],"fullName":"services/api - real backend Endpoint alias mapping and classification should map wallet endpoints correctly","location":null,"status":"passed","title":"should map wallet endpoints correctly"},{"ancestorTitles":["services/api - real backend","Endpoint alias mapping and classification"],"failureMessages":[],"fullName":"services/api - real backend Endpoint alias mapping and classification should map balance endpoints correctly","location":null,"status":"passed","title":"should map balance endpoints correctly"},{"ancestorTitles":["services/api - real backend","Endpoint alias mapping and classification"],"failureMessages":[],"fullName":"services/api - real backend Endpoint alias mapping and classification should map transaction history endpoints correctly","location":null,"status":"passed","title":"should map transaction history endpoints correctly"},{"ancestorTitles":["services/api - real backend","Endpoint alias mapping and classification"],"failureMessages":[],"fullName":"services/api - real backend Endpoint alias mapping and classification should map send transaction endpoints correctly","location":null,"status":"passed","title":"should map send transaction endpoints correctly"},{"ancestorTitles":["services/api - real backend","Endpoint alias mapping and classification"],"failureMessages":[],"fullName":"services/api - real backend Endpoint alias mapping and classification should map system endpoints correctly","location":null,"status":"passed","title":"should map system endpoints correctly"},{"ancestorTitles":["services/api - real backend","Endpoint alias mapping and classification"],"failureMessages":[],"fullName":"services/api - real backend Endpoint alias mapping and classification should map bridge endpoints correctly","location":null,"status":"passed","title":"should map bridge endpoints correctly"},{"ancestorTitles":["services/api - real backend","Endpoint alias mapping and classification"],"failureMessages":[],"fullName":"services/api - real backend Endpoint alias mapping and classification should handle unknown endpoints","location":null,"status":"passed","title":"should handle unknown endpoints"},{"ancestorTitles":["services/api - real backend","API configuration and interceptors"],"failureMessages":[],"fullName":"services/api - real backend API configuration and interceptors should setup request interceptor for API key","location":null,"status":"passed","title":"should setup request interceptor for API key"},{"ancestorTitles":["services/api - real backend","API configuration and interceptors"],"failureMessages":[],"fullName":"services/api - real backend API configuration and interceptors should setup response interceptor for error handling","location":null,"status":"passed","title":"should setup response interceptor for error handling"},{"ancestorTitles":["services/api - real backend","API configuration and interceptors"],"failureMessages":[],"fullName":"services/api - real backend API configuration and interceptors should handle request interceptor with API key","location":null,"status":"passed","title":"should handle request interceptor with API key"},{"ancestorTitles":["services/api - real backend","API configuration and interceptors"],"failureMessages":[],"fullName":"services/api - real backend API configuration and interceptors should handle request interceptor without API key","location":null,"status":"passed","title":"should handle request interceptor without API key"},{"ancestorTitles":["services/api - real backend","API configuration and interceptors"],"failureMessages":[],"fullName":"services/api - real backend API configuration and interceptors should handle response interceptor success","location":null,"status":"passed","title":"should handle response interceptor success"},{"ancestorTitles":["services/api - real backend","API configuration and interceptors"],"failureMessages":[],"fullName":"services/api - real backend API configuration and interceptors should handle response interceptor error","location":null,"status":"passed","title":"should handle response interceptor error"},{"ancestorTitles":["services/api - real backend","apiRuntime functionality"],"failureMessages":[],"fullName":"services/api - real backend apiRuntime functionality should set and get base URL","location":null,"status":"passed","title":"should set and get base URL"},{"ancestorTitles":["services/api - real backend","apiRuntime functionality"],"failureMessages":[],"fullName":"services/api - real backend apiRuntime functionality should update axios defaults when base URL changes","location":null,"status":"passed","title":"should update axios defaults when base URL changes"},{"ancestorTitles":["services/api - real backend","apiRuntime functionality"],"failureMessages":[],"fullName":"services/api - real backend apiRuntime functionality should handle eventBus config updates","location":null,"status":"passed","title":"should handle eventBus config updates"},{"ancestorTitles":["services/api - real backend","config update via eventBus updates axios and services"],"failureMessages":[],"fullName":"services/api - real backend config update via eventBus updates axios and services should broadcast and update axios/systemService","location":null,"status":"passed","title":"should broadcast and update axios/systemService"},{"ancestorTitles":["services/api - real backend","systemService.healthCheck"],"failureMessages":[],"fullName":"services/api - real backend systemService.healthCheck should handle successful health check","location":null,"status":"passed","title":"should handle successful health check"},{"ancestorTitles":["services/api - real backend","systemService.healthCheck"],"failureMessages":[],"fullName":"services/api - real backend systemService.healthCheck should handle health check with retry on failure","location":null,"status":"passed","title":"should handle health check with retry on failure"},{"ancestorTitles":["services/api - real backend","systemService.healthCheck"],"failureMessages":[],"fullName":"services/api - real backend systemService.healthCheck should handle cancellation during health check","location":null,"status":"passed","title":"should handle cancellation during health check"},{"ancestorTitles":["services/api - real backend","walletService.getTransactionHistory"],"failureMessages":[],"fullName":"services/api - real backend walletService.getTransactionHistory should call with network parameter when provided","location":null,"status":"passed","title":"should call with network parameter when provided"},{"ancestorTitles":["services/api - real backend","walletService.getTransactionHistory"],"failureMessages":[],"fullName":"services/api - real backend walletService.getTransactionHistory should call without network parameter when not provided","location":null,"status":"passed","title":"should call without network parameter when not provided"},{"ancestorTitles":["services/api - real backend","walletService.getTransactionHistory"],"failureMessages":[],"fullName":"services/api - real backend walletService.getTransactionHistory should handle cancellation during transaction history fetch","location":null,"status":"passed","title":"should handle cancellation during transaction history fetch"},{"ancestorTitles":["services/api - real backend"],"failureMessages":[],"fullName":"services/api - real backend walletService.getTransactionHistory rejects when aborted","location":null,"status":"passed","title":"walletService.getTransactionHistory rejects when aborted"},{"ancestorTitles":["services/api - real backend","walletService.sendTransaction"],"failureMessages":[],"fullName":"services/api - real backend walletService.sendTransaction should send transaction on Ethereum network","location":null,"status":"passed","title":"should send transaction on Ethereum network"},{"ancestorTitles":["services/api - real backend","walletService.sendTransaction"],"failureMessages":[],"fullName":"services/api - real backend walletService.sendTransaction should send transaction on Bitcoin network","location":null,"status":"passed","title":"should send transaction on Bitcoin network"},{"ancestorTitles":["services/api - real backend","walletService.sendTransaction"],"failureMessages":[],"fullName":"services/api - real backend walletService.sendTransaction should send transaction without network parameter","location":null,"status":"passed","title":"should send transaction without network parameter"},{"ancestorTitles":["services/api - real backend","walletService.sendTransaction"],"failureMessages":[],"fullName":"services/api - real backend walletService.sendTransaction should handle network error in sendTransaction","location":null,"status":"passed","title":"should handle network error in sendTransaction"},{"ancestorTitles":["services/api - real backend","Error handling and classification"],"failureMessages":[],"fullName":"services/api - real backend Error handling and classification should handle 401 Unauthorized error","location":null,"status":"passed","title":"should handle 401 Unauthorized error"},{"ancestorTitles":["services/api - real backend","Error handling and classification"],"failureMessages":[],"fullName":"services/api - real backend Error handling and classification should handle 403 Forbidden error","location":null,"status":"passed","title":"should handle 403 Forbidden error"},{"ancestorTitles":["services/api - real backend","Error handling and classification"],"failureMessages":[],"fullName":"services/api - real backend Error handling and classification should handle 404 Not Found error","location":null,"status":"passed","title":"should handle 404 Not Found error"},{"ancestorTitles":["services/api - real backend","Error handling and classification"],"failureMessages":[],"fullName":"services/api - real backend Error handling and classification should handle 429 Rate Limit error","location":null,"status":"passed","title":"should handle 429 Rate Limit error"},{"ancestorTitles":["services/api - real backend","Error handling and classification"],"failureMessages":[],"fullName":"services/api - real backend Error handling and classification should handle 500 Server Error","location":null,"status":"passed","title":"should handle 500 Server Error"},{"ancestorTitles":["services/api - real backend","Error handling and classification"],"failureMessages":[],"fullName":"services/api - real backend Error handling and classification should handle timeout error","location":null,"status":"passed","title":"should handle timeout error"},{"ancestorTitles":["services/api - real backend","Error handling and classification"],"failureMessages":[],"fullName":"services/api - real backend Error handling and classification should handle network error without response","location":null,"status":"passed","title":"should handle network error without response"},{"ancestorTitles":["services/api - real backend","Error handling and classification"],"failureMessages":[],"fullName":"services/api - real backend Error handling and classification should handle CORS error","location":null,"status":"passed","title":"should handle CORS error"},{"ancestorTitles":["services/api - real backend","Error handling and classification"],"failureMessages":[],"fullName":"services/api - real backend Error handling and classification should handle canceled request","location":null,"status":"passed","title":"should handle canceled request"},{"ancestorTitles":["services/api - real backend","Error handling and classification"],"failureMessages":[],"fullName":"services/api - real backend Error handling and classification should enhance error with endpoint information","location":null,"status":"passed","title":"should enhance error with endpoint information"},{"ancestorTitles":["services/api - real backend","Endpoint alias mapping and classification"],"failureMessages":[],"fullName":"services/api - real backend Endpoint alias mapping and classification should map wallet endpoints correctly","location":null,"status":"passed","title":"should map wallet endpoints correctly"},{"ancestorTitles":["services/api - real backend","Endpoint alias mapping and classification"],"failureMessages":[],"fullName":"services/api - real backend Endpoint alias mapping and classification should map balance endpoints correctly","location":null,"status":"passed","title":"should map balance endpoints correctly"},{"ancestorTitles":["services/api - real backend","Endpoint alias mapping and classification"],"failureMessages":[],"fullName":"services/api - real backend Endpoint alias mapping and classification should map transaction history endpoints correctly","location":null,"status":"passed","title":"should map transaction history endpoints correctly"},{"ancestorTitles":["services/api - real backend","Endpoint alias mapping and classification"],"failureMessages":[],"fullName":"services/api - real backend Endpoint alias mapping and classification should map send transaction endpoints correctly","location":null,"status":"passed","title":"should map send transaction endpoints correctly"},{"ancestorTitles":["services/api - real backend","Endpoint alias mapping and classification"],"failureMessages":[],"fullName":"services/api - real backend Endpoint alias mapping and classification should map system endpoints correctly","location":null,"status":"passed","title":"should map system endpoints correctly"},{"ancestorTitles":["services/api - real backend","Endpoint alias mapping and classification"],"failureMessages":[],"fullName":"services/api - real backend Endpoint alias mapping and classification should map bridge endpoints correctly","location":null,"status":"passed","title":"should map bridge endpoints correctly"},{"ancestorTitles":["services/api - real backend","Endpoint alias mapping and classification"],"failureMessages":[],"fullName":"services/api - real backend Endpoint alias mapping and classification should handle unknown endpoints","location":null,"status":"passed","title":"should handle unknown endpoints"},{"ancestorTitles":["services/api - real backend","API Key request interceptor"],"failureMessages":[],"fullName":"services/api - real backend API Key request interceptor should add Authorization header when API key is set","location":null,"status":"passed","title":"should add Authorization header when API key is set"},{"ancestorTitles":["services/api - real backend","API Key request interceptor"],"failureMessages":[],"fullName":"services/api - real backend API Key request interceptor should add X-API-Key header when API key is set","location":null,"status":"passed","title":"should add X-API-Key header when API key is set"},{"ancestorTitles":["services/api - real backend","API Key request interceptor"],"failureMessages":[],"fullName":"services/api - real backend API Key request interceptor should handle requests without API key","location":null,"status":"passed","title":"should handle requests without API key"},{"ancestorTitles":["services/api - real backend","API Key request interceptor"],"failureMessages":[],"fullName":"services/api - real backend API Key request interceptor should handle config updates for API key","location":null,"status":"passed","title":"should handle config updates for API key"}],"endTime":1761656307300,"message":"","name":"C:\\Users\\plant\\Desktop\\Rust区块链\\Wallet front-end\\blockchain-wallet-ui\\src\\services\\api.test.ts","startTime":1761656297390,"status":"passed","summary":""},{"assertionResults":[{"ancestorTitles":["index bootstrap"],"failureMessages":[],"fullName":"index bootstrap mounts App and calls reportWebVitals","location":null,"status":"passed","title":"mounts App and calls reportWebVitals"}],"endTime":1761656308533,"message":"","name":"C:\\Users\\plant\\Desktop\\Rust区块链\\Wallet front-end\\blockchain-wallet-ui\\src\\index.test.tsx","startTime":1761656305193,"status":"passed","summary":""},{"assertionResults":[],"coverage":{},"endTime":1761656329239,"message":"  \u001b[1m● \u001b[22mTest suite failed to run\n\n    ReferenceError: C:\\Users\\plant\\Desktop\\Rust区块链\\Wallet front-end\\blockchain-wallet-ui\\src\\components\\Layout\\AppLayout.flags.test.tsx: The module factory of `jest.mock()` is not allowed to reference any out-of-scope variables.\n    Invalid variable access: refreshMock\n    Allowed objects: AbortController, AbortSignal, AggregateError, Array, ArrayBuffer, Atomics, BigInt, BigInt64Array, BigUint64Array, Blob, Boolean, BroadcastChannel, Buffer, ByteLengthQueuingStrategy, CompressionStream, CountQueuingStrategy, Crypto, CryptoKey, CustomEvent, DOMException, DataView, Date, DecompressionStream, Error, EvalError, Event, EventTarget, File, FinalizationRegistry, Float32Array, Float64Array, FormData, Function, Generator, GeneratorFunction, Headers, Infinity, Int16Array, Int32Array, Int8Array, InternalError, Intl, Iterator, JSON, Map, Math, MessageChannel, MessageEvent, MessagePort, NaN, Navigator, Number, Object, Performance, PerformanceEntry, PerformanceMark, PerformanceMeasure, PerformanceObserver, PerformanceObserverEntryList, PerformanceResourceTiming, Promise, Proxy, RangeError, ReadableByteStreamController, ReadableStream, ReadableStreamBYOBReader, ReadableStreamBYOBRequest, ReadableStreamDefaultController, ReadableStreamDefaultReader, ReferenceError, Reflect, RegExp, Request, Response, Set, SharedArrayBuffer, String, SubtleCrypto, Symbol, SyntaxError, TextDecoder, TextDecoderStream, TextEncoder, TextEncoderStream, TransformStream, TransformStreamDefaultController, TypeError, URIError, URL, URLSearchParams, Uint16Array, Uint32Array, Uint8Array, Uint8ClampedArray, WeakMap, WeakRef, WeakSet, WebAssembly, WebSocket, WritableStream, WritableStreamDefaultController, WritableStreamDefaultWriter, __dirname, __filename, arguments, atob, btoa, clearImmediate, clearInterval, clearTimeout, console, crypto, decodeURI, decodeURIComponent, encodeURI, encodeURIComponent, escape, eval, expect, exports, fetch, global, globalThis, isFinite, isNaN, jest, module, navigator, parseFloat, parseInt, performance, process, queueMicrotask, require, setImmediate, setInterval, setTimeout, structuredClone, undefined, unescape.\n    Note: This is a precaution to guard against uninitialized mock variables. If it is ensured that the mock is required lazily, variable names prefixed with `mock` (case insensitive) are permitted.\n\n    \u001b[0m \u001b[90m 34 |\u001b[39m \u001b[36mconst\u001b[39m refreshMock \u001b[33m=\u001b[39m jest\u001b[33m.\u001b[39mfn()\u001b[33m;\u001b[39m\n     \u001b[90m 35 |\u001b[39m jest\u001b[33m.\u001b[39mmock(\u001b[32m'../../hooks/useApiStatus'\u001b[39m\u001b[33m,\u001b[39m () \u001b[33m=>\u001b[39m ({\n    \u001b[31m\u001b[1m>\u001b[22m\u001b[39m\u001b[90m 36 |\u001b[39m   useApiStatus\u001b[33m:\u001b[39m jest\u001b[33m.\u001b[39mfn(() \u001b[33m=>\u001b[39m ({ status\u001b[33m:\u001b[39m \u001b[32m'ok'\u001b[39m\u001b[33m,\u001b[39m refresh\u001b[33m:\u001b[39m refreshMock }))\u001b[33m,\u001b[39m\n     \u001b[90m    |\u001b[39m                                                         \u001b[31m\u001b[1m^\u001b[22m\u001b[39m\u001b[31m\u001b[1m^\u001b[22m\u001b[39m\u001b[31m\u001b[1m^\u001b[22m\u001b[39m\u001b[31m\u001b[1m^\u001b[22m\u001b[39m\u001b[31m\u001b[1m^\u001b[22m\u001b[39m\u001b[31m\u001b[1m^\u001b[22m\u001b[39m\u001b[31m\u001b[1m^\u001b[22m\u001b[39m\u001b[31m\u001b[1m^\u001b[22m\u001b[39m\u001b[31m\u001b[1m^\u001b[22m\u001b[39m\u001b[31m\u001b[1m^\u001b[22m\u001b[39m\u001b[31m\u001b[1m^\u001b[22m\u001b[39m\n     \u001b[90m 37 |\u001b[39m }))\u001b[33m;\u001b[39m\n     \u001b[90m 38 |\u001b[39m\n     \u001b[90m 39 |\u001b[39m describe(\u001b[32m'AppLayout feature flags'\u001b[39m\u001b[33m,\u001b[39m () \u001b[33m=>\u001b[39m {\u001b[0m\n\n      \u001b[2mat File.buildError [as buildCodeFrameError] (\u001b[22mnode_modules/@babel/core/src/transformation/file/file.ts\u001b[2m:251:12)\u001b[22m\n      \u001b[2mat NodePath.buildCodeFrameError (\u001b[22mnode_modules/@babel/traverse/src/path/index.ts\u001b[2m:159:21)\u001b[22m\n      \u001b[2mat call (\u001b[22mnode_modules/@babel/traverse/src/visitors.ts\u001b[2m:299:14)\u001b[22m\n      \u001b[2mat NodePath.call [as _call] (\u001b[22mnode_modules/@babel/traverse/src/path/context.ts\u001b[2m:36:20)\u001b[22m\n      \u001b[2mat NodePath.call (\u001b[22mnode_modules/@babel/traverse/src/path/context.ts\u001b[2m:21:18)\u001b[22m\n      \u001b[2mat NodePath.visit (\u001b[22mnode_modules/@babel/traverse/src/path/context.ts\u001b[2m:97:31)\u001b[22m\n      \u001b[2mat TraversalContext.visitQueue (\u001b[22mnode_modules/@babel/traverse/src/context.ts\u001b[2m:151:16)\u001b[22m\n      \u001b[2mat TraversalContext.visitMultiple (\u001b[22mnode_modules/@babel/traverse/src/context.ts\u001b[2m:99:17)\u001b[22m\n      \u001b[2mat TraversalContext.visit (\u001b[22mnode_modules/@babel/traverse/src/context.ts\u001b[2m:182:19)\u001b[22m\n      \u001b[2mat traverseNode (\u001b[22mnode_modules/@babel/traverse/src/traverse-node.ts\u001b[2m:208:17)\u001b[22m\n      \u001b[2mat NodePath.visit (\u001b[22mnode_modules/@babel/traverse/src/path/context.ts\u001b[2m:104:33)\u001b[22m\n      \u001b[2mat TraversalContext.visitQueue (\u001b[22mnode_modules/@babel/traverse/src/context.ts\u001b[2m:151:16)\u001b[22m\n      \u001b[2mat TraversalContext.visitSingle (\u001b[22mnode_modules/@babel/traverse/src/context.ts\u001b[2m:109:19)\u001b[22m\n      \u001b[2mat TraversalContext.visit (\u001b[22mnode_modules/@babel/traverse/src/context.ts\u001b[2m:184:19)\u001b[22m\n      \u001b[2mat traverseNode (\u001b[22mnode_modules/@babel/traverse/src/traverse-node.ts\u001b[2m:208:17)\u001b[22m\n      \u001b[2mat traverse (\u001b[22mnode_modules/@babel/traverse/src/index.ts\u001b[2m:84:15)\u001b[22m\n      \u001b[2mat transformFile (\u001b[22mnode_modules/@babel/core/src/transformation/index.ts\u001b[2m:120:15)\u001b[22m\n          at transformFile.next (<anonymous>)\n      \u001b[2mat run (\u001b[22mnode_modules/@babel/core/src/transformation/index.ts\u001b[2m:50:12)\u001b[22m\n          at run.next (<anonymous>)\n      \u001b[2mat transform (\u001b[22mnode_modules/@babel/core/src/transform.ts\u001b[2m:29:20)\u001b[22m\n          at transform.next (<anonymous>)\n      \u001b[2mat evaluateSync (\u001b[22mnode_modules/gensync/index.js\u001b[2m:251:28)\u001b[22m\n      \u001b[2mat fn (\u001b[22mnode_modules/gensync/index.js\u001b[2m:89:14)\u001b[22m\n      \u001b[2mat stopHiding - secret - don't use this - v1 (\u001b[22mnode_modules/@babel/core/src/errors/rewrite-stack-trace.ts\u001b[2m:99:14)\u001b[22m\n      \u001b[2mat transformSync (\u001b[22mnode_modules/@babel/core/src/transform.ts\u001b[2m:66:52)\u001b[22m\n      \u001b[2mat ScriptTransformer.transformSource (\u001b[22mnode_modules/@jest/transform/build/ScriptTransformer.js\u001b[2m:619:31)\u001b[22m\n      \u001b[2mat ScriptTransformer._transformAndBuildScript (\u001b[22mnode_modules/@jest/transform/build/ScriptTransformer.js\u001b[2m:765:40)\u001b[22m\n      \u001b[2mat ScriptTransformer.transform (\u001b[22mnode_modules/@jest/transform/build/ScriptTransformer.js\u001b[2m:822:19)\u001b[22m\n","name":"C:\\Users\\plant\\Desktop\\Rust区块链\\Wallet front-end\\blockchain-wallet-ui\\src\\components\\Layout\\AppLayout.flags.test.tsx","startTime":1761656329239,"status":"failed","summary":""},{"assertionResults":[{"ancestorTitles":["DefaultWalletSelector"],"failureMessages":[],"fullName":"DefaultWalletSelector renders options from wallets and selects current","location":null,"status":"passed","title":"renders options from wallets and selects current"}],"endTime":1761656313037,"message":"","name":"C:\\Users\\plant\\Desktop\\Rust区块链\\Wallet front-end\\blockchain-wallet-ui\\src\\components\\DefaultWalletSelector.test.tsx","startTime":1761656296617,"status":"passed","summary":""},{"assertionResults":[{"ancestorTitles":["HistoryToolbar"],"failureMessages":[],"fullName":"HistoryToolbar clicking Export CSV triggers handler","location":null,"status":"passed","title":"clicking Export CSV triggers handler"}],"endTime":1761656313157,"message":"","name":"C:\\Users\\plant\\Desktop\\Rust区块链\\Wallet front-end\\blockchain-wallet-ui\\src\\pages\\HistoryPage\\HistoryToolbar.test.tsx","startTime":1761656296397,"status":"passed","summary":""},{"assertionResults":[{"ancestorTitles":["HistoryTimelineItem"],"failureMessages":[],"fullName":"HistoryTimelineItem renders timestamp, amount with network symbol and status","location":null,"status":"passed","title":"renders timestamp, amount with network symbol and status"},{"ancestorTitles":["HistoryTimelineItem"],"failureMessages":[],"fullName":"HistoryTimelineItem shortened ids and addresses are shown","location":null,"status":"passed","title":"shortened ids and addresses are shown"},{"ancestorTitles":["HistoryTimelineItem"],"failureMessages":[],"fullName":"HistoryTimelineItem copy buttons call clipboard.writeText with correct values","location":null,"status":"passed","title":"copy buttons call clipboard.writeText with correct values"},{"ancestorTitles":["HistoryTimelineItem"],"failureMessages":[],"fullName":"HistoryTimelineItem external links point to correct explorer URLs","location":null,"status":"passed","title":"external links point to correct explorer URLs"}],"endTime":1761656314248,"message":"","name":"C:\\Users\\plant\\Desktop\\Rust区块链\\Wallet front-end\\blockchain-wallet-ui\\src\\pages\\HistoryPage\\HistoryTimelineItem.test.tsx","startTime":1761656296450,"status":"passed","summary":""},{"assertionResults":[{"ancestorTitles":["SettingsPage"],"failureMessages":[],"fullName":"SettingsPage saves API config and tests connectivity","location":null,"status":"passed","title":"saves API config and tests connectivity"}],"endTime":1761656314946,"message":"","name":"C:\\Users\\plant\\Desktop\\Rust区块链\\Wallet front-end\\blockchain-wallet-ui\\src\\pages\\SettingsPage\\SettingsPage.test.tsx","startTime":1761656296102,"status":"passed","summary":""},{"assertionResults":[{"ancestorTitles":["HistoryPage"],"failureMessages":[],"fullName":"HistoryPage loads history, refreshes and exports CSV","location":null,"status":"passed","title":"loads history, refreshes and exports CSV"}],"endTime":1761656315231,"message":"","name":"C:\\Users\\plant\\Desktop\\Rust区块链\\Wallet front-end\\blockchain-wallet-ui\\src\\pages\\HistoryPage\\HistoryPage.test.tsx","startTime":1761656296303,"status":"passed","summary":""},{"assertionResults":[{"ancestorTitles":["BridgePage"],"failureMessages":[],"fullName":"BridgePage submits valid bridge request and shows success","location":null,"status":"passed","title":"submits valid bridge request and shows success"}],"endTime":1761656315523,"message":"","name":"C:\\Users\\plant\\Desktop\\Rust区块链\\Wallet front-end\\blockchain-wallet-ui\\src\\pages\\BridgePage\\BridgePage.test.tsx","startTime":1761656296617,"status":"passed","summary":""},{"assertionResults":[{"ancestorTitles":["SendPage performance"],"failureMessages":[],"fullName":"SendPage performance send flow completes under threshold","location":null,"status":"passed","title":"send flow completes under threshold"}],"endTime":1761656316423,"message":"","name":"C:\\Users\\plant\\Desktop\\Rust区块链\\Wallet front-end\\blockchain-wallet-ui\\src\\pages\\SendPage\\SendPage.perf.test.tsx","startTime":1761656296460,"status":"passed","summary":""},{"assertionResults":[{"ancestorTitles":["SendPage performance"],"failureMessages":[],"fullName":"SendPage performance prevents duplicate submissions and shows success","location":null,"status":"passed","title":"prevents duplicate submissions and shows success"},{"ancestorTitles":["SendPage performance"],"failureMessages":[],"fullName":"SendPage performance validates form inputs","location":null,"status":"passed","title":"validates form inputs"}],"endTime":1761656317816,"message":"","name":"C:\\Users\\plant\\Desktop\\Rust区块链\\Wallet front-end\\blockchain-wallet-ui\\src\\pages\\SendPage\\SendPage.test.tsx","startTime":1761656296356,"status":"passed","summary":""},{"assertionResults":[{"ancestorTitles":[],"failureMessages":[],"fullName":"App renders without crashing","location":null,"status":"passed","title":"App renders without crashing"}],"endTime":1761656326179,"message":"","name":"C:\\Users\\plant\\Desktop\\Rust区块链\\Wallet front-end\\blockchain-wallet-ui\\src\\App.test.tsx","startTime":1761656296467,"status":"passed","summary":""},{"assertionResults":[{"ancestorTitles":["AppLayout side menu navigation"],"failureMessages":[],"fullName":"AppLayout side menu navigation navigates to pages via side menu","location":null,"status":"passed","title":"navigates to pages via side menu"}],"endTime":1761656327038,"message":"","name":"C:\\Users\\plant\\Desktop\\Rust区块链\\Wallet front-end\\blockchain-wallet-ui\\src\\components\\Layout\\AppLayout.navigation.test.tsx","startTime":1761656296385,"status":"passed","summary":""},{"assertionResults":[{"ancestorTitles":["App navigation and menu buttons"],"failureMessages":[],"fullName":"App navigation and menu buttons navigates via side menu to pages","location":null,"status":"passed","title":"navigates via side menu to pages"}],"endTime":1761656327292,"message":"","name":"C:\\Users\\plant\\Desktop\\Rust区块链\\Wallet front-end\\blockchain-wallet-ui\\src\\App.navigation.test.tsx","startTime":1761656296698,"status":"passed","summary":""},{"assertionResults":[{"ancestorTitles":["WalletPage"],"failureMessages":[],"fullName":"WalletPage renders, creates wallet, refreshes balance","location":null,"status":"passed","title":"renders, creates wallet, refreshes balance"}],"endTime":1761656328014,"message":"","name":"C:\\Users\\plant\\Desktop\\Rust区块链\\Wallet front-end\\blockchain-wallet-ui\\src\\pages\\WalletPage\\WalletPage.test.tsx","startTime":1761656296232,"status":"passed","summary":""},{"assertionResults":[{"ancestorTitles":["WalletPage error handling"],"failureMessages":[],"fullName":"WalletPage error handling shows error when wallet list fails on mount","location":null,"status":"passed","title":"shows error when wallet list fails on mount"},{"ancestorTitles":["WalletPage error handling"],"failureMessages":[],"fullName":"WalletPage error handling create wallet validation: empty name shows error","location":null,"status":"passed","title":"create wallet validation: empty name shows error"},{"ancestorTitles":["WalletPage error handling"],"failureMessages":[],"fullName":"WalletPage error handling create wallet validation: invalid characters show error","location":null,"status":"passed","title":"create wallet validation: invalid characters show error"},{"ancestorTitles":["WalletPage error handling"],"failureMessages":[],"fullName":"WalletPage error handling create wallet API failure shows server error","location":null,"status":"passed","title":"create wallet API failure shows server error"},{"ancestorTitles":["WalletPage error handling"],"failureMessages":[],"fullName":"WalletPage error handling delete wallet failure shows error","location":null,"status":"passed","title":"delete wallet failure shows error"}],"endTime":1761656328959,"message":"","name":"C:\\Users\\plant\\Desktop\\Rust区块链\\Wallet front-end\\blockchain-wallet-ui\\src\\pages\\WalletPage\\WalletPage.errors.test.tsx","startTime":1761656296340,"status":"passed","summary":""}],"wasInterrupted":false}